This file contains any messages produced by compilers while
running configure, to aid debugging if configure makes a mistake.

It was created by rtems-c-src-librtems++ configure 4.10.99.0, which was
generated by GNU Autoconf 2.69.  Invocation command line was

  $ ../../../../../rtems/c/src/librtems++/configure --disable-option-checking --prefix=/home/develop/smbshare/rtems-work/rtems_build/../rtems_stm32f4xx --host=arm-rtems4.11 --build=i686-pc-linux-gnu --target=arm-rtems4.11 --disable-maintainer-mode --disable-multiprocessing --disable-posix --disable-networking --enable-cxx --enable-tests=samples --enable-rtems-debug --disable-multilib --disable-paravirt --disable-drvmgr --disable-docs STM32F4XX_FAMILY_STM32F469_479xx=1 STM32F4XX_HSE_OSCILLATOR=8000000 STM32F4XX_ENABLE_USART_3=1 STM32F4XX_ENABLE_USART_6=1 STM32F4XX_ENABLE_LED_1=1 STM32F4XX_ENABLE_LED_2=1 STM32F4XX_ENABLE_LED_3=1 STM32F4XX_ENABLE_LED_4=1 USE_STDPERIPH_DRIVER=1 ARM_MULTILIB_ARCH_V7M=1 --with-target-subdir=arm-rtems4.11 --exec-prefix=/home/develop/smbshare/rtems-work/rtems_build/../rtems_stm32f4xx/arm-rtems4.11 --includedir=/home/develop/smbshare/rtems-work/rtems_build/../rtems_stm32f4xx/arm-rtems4.11/include build_alias=i686-pc-linux-gnu host_alias=arm-rtems4.11 target_alias=arm-rtems4.11 --with-project-root=../../ --with-project-top=../../ RTEMS_BSP=stm32f4xx RTEMS_BSP_FAMILY=stm32f4xx CFLAGS=-march=armv7-m -mthumb -mtune=cortex-m4 -O2 -g -fdata-sections -ffunction-sections -Wall -Wmissing-prototypes -Wimplicit-function-declaration -Wstrict-prototypes -Wnested-externs --cache-file=/dev/null --srcdir=../../../../../rtems/c/src/librtems++

## --------- ##
## Platform. ##
## --------- ##

hostname = localhost.localdomain
uname -m = i686
uname -r = 2.6.32-504.12.2.el6.i686
uname -s = Linux
uname -v = #1 SMP Wed Mar 11 19:05:53 UTC 2015

/usr/bin/uname -p = unknown
/bin/uname -X     = unknown

/bin/arch              = i686
/usr/bin/arch -k       = unknown
/usr/convex/getsysinfo = unknown
/usr/bin/hostinfo      = unknown
/bin/machine           = unknown
/usr/bin/oslevel       = unknown
/bin/universe          = unknown

PATH: /home/develop/bin/arm-rtems4.11/bin
PATH: /opt/ecos/gnutools/arm-eabi/bin
PATH: /home/develop/bin/arm-rtems4.11/bin
PATH: /usr/lib/qt-3.3/bin
PATH: /usr/local/bin
PATH: /usr/bin
PATH: /bin
PATH: /usr/local/sbin
PATH: /usr/sbin
PATH: /sbin
PATH: /home/develop/bin


## ----------- ##
## Core tests. ##
## ----------- ##

configure:2228: checking for gmake
configure:2244: found /usr/bin/gmake
configure:2255: result: gmake
configure:2296: checking build system type
configure:2310: result: i686-pc-linux-gnu
configure:2330: checking host system type
configure:2343: result: arm-unknown-rtems4.11
configure:2364: checking rtems target cpu
configure:2373: result: arm
configure:2399: checking for a BSD-compatible install
configure:2467: result: /usr/bin/install -c
configure:2478: checking whether build environment is sane
configure:2533: result: yes
configure:2592: checking for arm-rtems4.11-strip
configure:2608: found /home/develop/bin/arm-rtems4.11/bin/arm-rtems4.11-strip
configure:2619: result: arm-rtems4.11-strip
configure:2684: checking for a thread-safe mkdir -p
configure:2723: result: /bin/mkdir -p
configure:2730: checking for gawk
configure:2746: found /usr/bin/gawk
configure:2757: result: gawk
configure:2768: checking whether gmake sets $(MAKE)
configure:2790: result: yes
configure:2859: checking whether to enable maintainer-specific portions of Makefiles
configure:2868: result: no
configure:2904: checking for RTEMS_BSP
configure:2916: result: stm32f4xx
configure:2948: checking for style of include used by gmake
configure:2976: result: GNU
configure:3008: checking for arm-rtems4.11-gcc
configure:3024: found /home/develop/bin/arm-rtems4.11/bin/arm-rtems4.11-gcc
configure:3035: result: arm-rtems4.11-gcc
configure:3054: checking for arm-rtems4.11-gcc
configure:3081: result: arm-rtems4.11-gcc
configure:3350: checking for C compiler version
configure:3359: arm-rtems4.11-gcc --version >&5
arm-rtems4.11-gcc (GCC) 4.9.3 20150626 (RTEMS 4.11, RSB 6b0d76cc9b43ac5aacb4ed87cabece1aa81c2b83, Newlib 2.2.0.20150423)
Copyright (C) 2015 Free Software Foundation, Inc.
This is free software; see the source for copying conditions.  There is NO
warranty; not even for MERCHANTABILITY or FITNESS FOR A PARTICULAR PURPOSE.

configure:3370: $? = 0
configure:3359: arm-rtems4.11-gcc -v >&5
Using built-in specs.
COLLECT_GCC=arm-rtems4.11-gcc
COLLECT_LTO_WRAPPER=/home/develop/bin/arm-rtems4.11/libexec/gcc/arm-rtems4.11/4.9.3/lto-wrapper
Target: arm-rtems4.11
Configured with: ../gcc-4.9.3/configure --prefix=/home/develop/bin/arm-rtems4.11 --bindir=/home/develop/bin/arm-rtems4.11/bin --exec_prefix=/home/develop/bin/arm-rtems4.11 --includedir=/home/develop/bin/arm-rtems4.11/include --libdir=/home/develop/bin/arm-rtems4.11/lib --libexecdir=/home/develop/bin/arm-rtems4.11/libexec --mandir=/home/develop/bin/arm-rtems4.11/share/man --infodir=/home/develop/bin/arm-rtems4.11/share/info --datadir=/home/develop/bin/arm-rtems4.11/share --build=i686-linux-gnu --host=i686-linux-gnu --target=arm-rtems4.11 --disable-libstdcxx-pch --with-gnu-as --with-gnu-ld --verbose --with-newlib --with-system-zlib --disable-nls --without-included-gettext --disable-win32-registry --enable-version-specific-runtime-libs --disable-lto --enable-newlib-io-c99-formats --enable-newlib-iconv --enable-newlib-iconv-encodings=big5,cp775,cp850,cp852,cp855,cp866,euc_jp,euc_kr,euc_tw,iso_8859_1,iso_8859_10,iso_8859_11,iso_8859_13,iso_8859_14,iso_8859_15,iso_8859_2,iso_8859_3,iso_8859_4,iso_8859_5,iso_8859_6,iso_8859_7,iso_8859_8,iso_8859_9,iso_ir_111,koi8_r,koi8_ru,koi8_u,koi8_uni,ucs_2,ucs_2_internal,ucs_2be,ucs_2le,ucs_4,ucs_4_internal,ucs_4be,ucs_4le,us_ascii,utf_16,utf_16be,utf_16le,utf_8,win_1250,win_1251,win_1252,win_1253,win_1254,win_1255,win_1256,win_1257,win_1258 --enable-threads --disable-plugin --enable-obsolete --enable-libgomp --enable-languages=c,c++
Thread model: rtems
gcc version 4.9.3 20150626 (RTEMS 4.11, RSB 6b0d76cc9b43ac5aacb4ed87cabece1aa81c2b83, Newlib 2.2.0.20150423) (GCC) 
configure:3370: $? = 0
configure:3359: arm-rtems4.11-gcc -V >&5
arm-rtems4.11-gcc: error: unrecognized command line option '-V'
arm-rtems4.11-gcc: fatal error: no input files
compilation terminated.
configure:3370: $? = 1
configure:3359: arm-rtems4.11-gcc -qversion >&5
arm-rtems4.11-gcc: error: unrecognized command line option '-qversion'
arm-rtems4.11-gcc: fatal error: no input files
compilation terminated.
configure:3370: $? = 1
configure:3390: checking whether the C compiler works
configure:3412: arm-rtems4.11-gcc -march=armv7-m -mthumb -mtune=cortex-m4 -O2 -g -fdata-sections -ffunction-sections -Wall -Wmissing-prototypes -Wimplicit-function-declaration -Wstrict-prototypes -Wnested-externs   conftest.c  >&5
conftest.c:11:1: warning: function declaration isn't a prototype [-Wstrict-prototypes]
 main ()
 ^
/home/develop/bin/arm-rtems4.11/lib/gcc/arm-rtems4.11/4.9.3/../../../../arm-rtems4.11/bin/ld: warning: cannot find entry symbol _start; defaulting to 00008000
configure:3416: $? = 0
configure:3464: result: yes
configure:3467: checking for C compiler default output file name
configure:3469: result: a.out
configure:3475: checking for suffix of executables
configure:3482: arm-rtems4.11-gcc -o conftest -march=armv7-m -mthumb -mtune=cortex-m4 -O2 -g -fdata-sections -ffunction-sections -Wall -Wmissing-prototypes -Wimplicit-function-declaration -Wstrict-prototypes -Wnested-externs   conftest.c  >&5
conftest.c:11:1: warning: function declaration isn't a prototype [-Wstrict-prototypes]
 main ()
 ^
/home/develop/bin/arm-rtems4.11/lib/gcc/arm-rtems4.11/4.9.3/../../../../arm-rtems4.11/bin/ld: warning: cannot find entry symbol _start; defaulting to 00008000
configure:3486: $? = 0
configure:3508: result: 
configure:3530: checking whether we are cross compiling
configure:3568: result: yes
configure:3573: checking for suffix of object files
configure:3595: arm-rtems4.11-gcc -c -march=armv7-m -mthumb -mtune=cortex-m4 -O2 -g -fdata-sections -ffunction-sections -Wall -Wmissing-prototypes -Wimplicit-function-declaration -Wstrict-prototypes -Wnested-externs  conftest.c >&5
conftest.c:11:1: warning: function declaration isn't a prototype [-Wstrict-prototypes]
 main ()
 ^
configure:3599: $? = 0
configure:3620: result: o
configure:3624: checking whether we are using the GNU C compiler
configure:3643: arm-rtems4.11-gcc -c -march=armv7-m -mthumb -mtune=cortex-m4 -O2 -g -fdata-sections -ffunction-sections -Wall -Wmissing-prototypes -Wimplicit-function-declaration -Wstrict-prototypes -Wnested-externs  conftest.c >&5
conftest.c:11:1: warning: function declaration isn't a prototype [-Wstrict-prototypes]
 main ()
 ^
configure:3643: $? = 0
configure:3652: result: yes
configure:3661: checking whether arm-rtems4.11-gcc accepts -g
configure:3681: arm-rtems4.11-gcc -c -g  conftest.c >&5
configure:3681: $? = 0
configure:3722: result: yes
configure:3739: checking for arm-rtems4.11-gcc option to accept ISO C89
configure:3802: arm-rtems4.11-gcc  -c -march=armv7-m -mthumb -mtune=cortex-m4 -O2 -g -fdata-sections -ffunction-sections -Wall -Wmissing-prototypes -Wimplicit-function-declaration -Wstrict-prototypes -Wnested-externs  conftest.c >&5
conftest.c:15:14: warning: function declaration isn't a prototype [-Wstrict-prototypes]
 static char *e (p, i)
              ^
conftest.c:52:1: warning: function declaration isn't a prototype [-Wstrict-prototypes]
 main ()
 ^
configure:3802: $? = 0
configure:3815: result: none needed
configure:3837: checking dependency style of arm-rtems4.11-gcc
configure:3948: result: gcc3
configure:3968: checking how to run the C preprocessor
configure:3999: arm-rtems4.11-gcc -E  conftest.c
configure:3999: $? = 0
configure:4013: arm-rtems4.11-gcc -E  conftest.c
conftest.c:9:28: fatal error: ac_nonexistent.h: No such file or directory
 #include <ac_nonexistent.h>
                            ^
compilation terminated.
configure:4013: $? = 1
configure: failed program was:
| /* confdefs.h */
| #define PACKAGE_NAME "rtems-c-src-librtems++"
| #define PACKAGE_TARNAME "rtems-c-src-librtems++"
| #define PACKAGE_VERSION "4.10.99.0"
| #define PACKAGE_STRING "rtems-c-src-librtems++ 4.10.99.0"
| #define PACKAGE_BUGREPORT "https://devel.rtems.org/newticket"
| #define PACKAGE_URL ""
| /* end confdefs.h.  */
| #include <ac_nonexistent.h>
configure:4038: result: arm-rtems4.11-gcc -E
configure:4058: arm-rtems4.11-gcc -E  conftest.c
configure:4058: $? = 0
configure:4072: arm-rtems4.11-gcc -E  conftest.c
conftest.c:9:28: fatal error: ac_nonexistent.h: No such file or directory
 #include <ac_nonexistent.h>
                            ^
compilation terminated.
configure:4072: $? = 1
configure: failed program was:
| /* confdefs.h */
| #define PACKAGE_NAME "rtems-c-src-librtems++"
| #define PACKAGE_TARNAME "rtems-c-src-librtems++"
| #define PACKAGE_VERSION "4.10.99.0"
| #define PACKAGE_STRING "rtems-c-src-librtems++ 4.10.99.0"
| #define PACKAGE_BUGREPORT "https://devel.rtems.org/newticket"
| #define PACKAGE_URL ""
| /* end confdefs.h.  */
| #include <ac_nonexistent.h>
configure:4102: checking whether arm-rtems4.11-gcc accepts -isystem
configure:4124: result: yes
configure:4128: checking whether arm-rtems4.11-gcc accepts --pipe
configure:4144: result: yes
configure:4150: checking whether arm-rtems4.11-gcc --pipe accepts -specs
configure:4167: result: yes
configure:4219: checking whether CPU supports SMP
configure:4234: result: disabled
configure:4254: checking for arm-rtems4.11-g++
configure:4270: found /home/develop/bin/arm-rtems4.11/bin/arm-rtems4.11-g++
configure:4281: result: arm-rtems4.11-g++
configure:4406: checking for C++ compiler version
configure:4415: arm-rtems4.11-g++ --version >&5
arm-rtems4.11-g++ (GCC) 4.9.3 20150626 (RTEMS 4.11, RSB 6b0d76cc9b43ac5aacb4ed87cabece1aa81c2b83, Newlib 2.2.0.20150423)
Copyright (C) 2015 Free Software Foundation, Inc.
This is free software; see the source for copying conditions.  There is NO
warranty; not even for MERCHANTABILITY or FITNESS FOR A PARTICULAR PURPOSE.

configure:4426: $? = 0
configure:4415: arm-rtems4.11-g++ -v >&5
Using built-in specs.
COLLECT_GCC=arm-rtems4.11-g++
COLLECT_LTO_WRAPPER=/home/develop/bin/arm-rtems4.11/libexec/gcc/arm-rtems4.11/4.9.3/lto-wrapper
Target: arm-rtems4.11
Configured with: ../gcc-4.9.3/configure --prefix=/home/develop/bin/arm-rtems4.11 --bindir=/home/develop/bin/arm-rtems4.11/bin --exec_prefix=/home/develop/bin/arm-rtems4.11 --includedir=/home/develop/bin/arm-rtems4.11/include --libdir=/home/develop/bin/arm-rtems4.11/lib --libexecdir=/home/develop/bin/arm-rtems4.11/libexec --mandir=/home/develop/bin/arm-rtems4.11/share/man --infodir=/home/develop/bin/arm-rtems4.11/share/info --datadir=/home/develop/bin/arm-rtems4.11/share --build=i686-linux-gnu --host=i686-linux-gnu --target=arm-rtems4.11 --disable-libstdcxx-pch --with-gnu-as --with-gnu-ld --verbose --with-newlib --with-system-zlib --disable-nls --without-included-gettext --disable-win32-registry --enable-version-specific-runtime-libs --disable-lto --enable-newlib-io-c99-formats --enable-newlib-iconv --enable-newlib-iconv-encodings=big5,cp775,cp850,cp852,cp855,cp866,euc_jp,euc_kr,euc_tw,iso_8859_1,iso_8859_10,iso_8859_11,iso_8859_13,iso_8859_14,iso_8859_15,iso_8859_2,iso_8859_3,iso_8859_4,iso_8859_5,iso_8859_6,iso_8859_7,iso_8859_8,iso_8859_9,iso_ir_111,koi8_r,koi8_ru,koi8_u,koi8_uni,ucs_2,ucs_2_internal,ucs_2be,ucs_2le,ucs_4,ucs_4_internal,ucs_4be,ucs_4le,us_ascii,utf_16,utf_16be,utf_16le,utf_8,win_1250,win_1251,win_1252,win_1253,win_1254,win_1255,win_1256,win_1257,win_1258 --enable-threads --disable-plugin --enable-obsolete --enable-libgomp --enable-languages=c,c++
Thread model: rtems
gcc version 4.9.3 20150626 (RTEMS 4.11, RSB 6b0d76cc9b43ac5aacb4ed87cabece1aa81c2b83, Newlib 2.2.0.20150423) (GCC) 
configure:4426: $? = 0
configure:4415: arm-rtems4.11-g++ -V >&5
arm-rtems4.11-g++: error: unrecognized command line option '-V'
arm-rtems4.11-g++: fatal error: no input files
compilation terminated.
configure:4426: $? = 1
configure:4415: arm-rtems4.11-g++ -qversion >&5
arm-rtems4.11-g++: error: unrecognized command line option '-qversion'
arm-rtems4.11-g++: fatal error: no input files
compilation terminated.
configure:4426: $? = 1
configure:4430: checking whether we are using the GNU C++ compiler
configure:4449: arm-rtems4.11-g++ -c -march=armv7-m -mthumb -mtune=cortex-m4 -O2 -g -fdata-sections -ffunction-sections -Wall -Wmissing-prototypes -Wimplicit-function-declaration -Wstrict-prototypes -Wnested-externs  conftest.cpp >&5
cc1plus: warning: command line option '-Wmissing-prototypes' is valid for C/ObjC but not for C++
cc1plus: warning: command line option '-Wimplicit-function-declaration' is valid for C/ObjC but not for C++
cc1plus: warning: command line option '-Wstrict-prototypes' is valid for C/ObjC but not for C++
cc1plus: warning: command line option '-Wnested-externs' is valid for C/ObjC but not for C++
configure:4449: $? = 0
configure:4458: result: yes
configure:4467: checking whether arm-rtems4.11-g++ accepts -g
configure:4487: arm-rtems4.11-g++ -c -g  conftest.cpp >&5
configure:4487: $? = 0
configure:4528: result: yes
configure:4553: checking dependency style of arm-rtems4.11-g++
configure:4664: result: gcc3
configure:4684: checking how to run the C++ preprocessor
configure:4711: arm-rtems4.11-g++ -E  conftest.cpp
configure:4711: $? = 0
configure:4725: arm-rtems4.11-g++ -E  conftest.cpp
conftest.cpp:9:28: fatal error: ac_nonexistent.h: No such file or directory
 #include <ac_nonexistent.h>
                            ^
compilation terminated.
configure:4725: $? = 1
configure: failed program was:
| /* confdefs.h */
| #define PACKAGE_NAME "rtems-c-src-librtems++"
| #define PACKAGE_TARNAME "rtems-c-src-librtems++"
| #define PACKAGE_VERSION "4.10.99.0"
| #define PACKAGE_STRING "rtems-c-src-librtems++ 4.10.99.0"
| #define PACKAGE_BUGREPORT "https://devel.rtems.org/newticket"
| #define PACKAGE_URL ""
| /* end confdefs.h.  */
| #include <ac_nonexistent.h>
configure:4750: result: arm-rtems4.11-g++ -E
configure:4770: arm-rtems4.11-g++ -E  conftest.cpp
configure:4770: $? = 0
configure:4784: arm-rtems4.11-g++ -E  conftest.cpp
conftest.cpp:9:28: fatal error: ac_nonexistent.h: No such file or directory
 #include <ac_nonexistent.h>
                            ^
compilation terminated.
configure:4784: $? = 1
configure: failed program was:
| /* confdefs.h */
| #define PACKAGE_NAME "rtems-c-src-librtems++"
| #define PACKAGE_TARNAME "rtems-c-src-librtems++"
| #define PACKAGE_VERSION "4.10.99.0"
| #define PACKAGE_STRING "rtems-c-src-librtems++ 4.10.99.0"
| #define PACKAGE_BUGREPORT "https://devel.rtems.org/newticket"
| #define PACKAGE_URL ""
| /* end confdefs.h.  */
| #include <ac_nonexistent.h>
configure:4831: checking whether to build rtems++
configure:4846: result: yes
configure:4868: checking for arm-rtems4.11-g++
configure:4895: result: arm-rtems4.11-g++
configure:5020: checking for C++ compiler version
configure:5029: arm-rtems4.11-g++ --version >&5
arm-rtems4.11-g++ (GCC) 4.9.3 20150626 (RTEMS 4.11, RSB 6b0d76cc9b43ac5aacb4ed87cabece1aa81c2b83, Newlib 2.2.0.20150423)
Copyright (C) 2015 Free Software Foundation, Inc.
This is free software; see the source for copying conditions.  There is NO
warranty; not even for MERCHANTABILITY or FITNESS FOR A PARTICULAR PURPOSE.

configure:5040: $? = 0
configure:5029: arm-rtems4.11-g++ -v >&5
Using built-in specs.
COLLECT_GCC=arm-rtems4.11-g++
COLLECT_LTO_WRAPPER=/home/develop/bin/arm-rtems4.11/libexec/gcc/arm-rtems4.11/4.9.3/lto-wrapper
Target: arm-rtems4.11
Configured with: ../gcc-4.9.3/configure --prefix=/home/develop/bin/arm-rtems4.11 --bindir=/home/develop/bin/arm-rtems4.11/bin --exec_prefix=/home/develop/bin/arm-rtems4.11 --includedir=/home/develop/bin/arm-rtems4.11/include --libdir=/home/develop/bin/arm-rtems4.11/lib --libexecdir=/home/develop/bin/arm-rtems4.11/libexec --mandir=/home/develop/bin/arm-rtems4.11/share/man --infodir=/home/develop/bin/arm-rtems4.11/share/info --datadir=/home/develop/bin/arm-rtems4.11/share --build=i686-linux-gnu --host=i686-linux-gnu --target=arm-rtems4.11 --disable-libstdcxx-pch --with-gnu-as --with-gnu-ld --verbose --with-newlib --with-system-zlib --disable-nls --without-included-gettext --disable-win32-registry --enable-version-specific-runtime-libs --disable-lto --enable-newlib-io-c99-formats --enable-newlib-iconv --enable-newlib-iconv-encodings=big5,cp775,cp850,cp852,cp855,cp866,euc_jp,euc_kr,euc_tw,iso_8859_1,iso_8859_10,iso_8859_11,iso_8859_13,iso_8859_14,iso_8859_15,iso_8859_2,iso_8859_3,iso_8859_4,iso_8859_5,iso_8859_6,iso_8859_7,iso_8859_8,iso_8859_9,iso_ir_111,koi8_r,koi8_ru,koi8_u,koi8_uni,ucs_2,ucs_2_internal,ucs_2be,ucs_2le,ucs_4,ucs_4_internal,ucs_4be,ucs_4le,us_ascii,utf_16,utf_16be,utf_16le,utf_8,win_1250,win_1251,win_1252,win_1253,win_1254,win_1255,win_1256,win_1257,win_1258 --enable-threads --disable-plugin --enable-obsolete --enable-libgomp --enable-languages=c,c++
Thread model: rtems
gcc version 4.9.3 20150626 (RTEMS 4.11, RSB 6b0d76cc9b43ac5aacb4ed87cabece1aa81c2b83, Newlib 2.2.0.20150423) (GCC) 
configure:5040: $? = 0
configure:5029: arm-rtems4.11-g++ -V >&5
arm-rtems4.11-g++: error: unrecognized command line option '-V'
arm-rtems4.11-g++: fatal error: no input files
compilation terminated.
configure:5040: $? = 1
configure:5029: arm-rtems4.11-g++ -qversion >&5
arm-rtems4.11-g++: error: unrecognized command line option '-qversion'
arm-rtems4.11-g++: fatal error: no input files
compilation terminated.
configure:5040: $? = 1
configure:5044: checking whether we are using the GNU C++ compiler
configure:5072: result: yes
configure:5081: checking whether arm-rtems4.11-g++ accepts -g
configure:5142: result: yes
configure:5167: checking dependency style of arm-rtems4.11-g++
configure:5278: result: gcc3
configure:5298: checking how to run the C++ preprocessor
configure:5364: result: arm-rtems4.11-g++ -E
configure:5384: arm-rtems4.11-g++ -E  conftest.cpp
configure:5384: $? = 0
configure:5398: arm-rtems4.11-g++ -E  conftest.cpp
conftest.cpp:9:28: fatal error: ac_nonexistent.h: No such file or directory
 #include <ac_nonexistent.h>
                            ^
compilation terminated.
configure:5398: $? = 1
configure: failed program was:
| /* confdefs.h */
| #define PACKAGE_NAME "rtems-c-src-librtems++"
| #define PACKAGE_TARNAME "rtems-c-src-librtems++"
| #define PACKAGE_VERSION "4.10.99.0"
| #define PACKAGE_STRING "rtems-c-src-librtems++ 4.10.99.0"
| #define PACKAGE_BUGREPORT "https://devel.rtems.org/newticket"
| #define PACKAGE_URL ""
| /* end confdefs.h.  */
| #include <ac_nonexistent.h>
configure:5452: checking for arm-rtems4.11-ar
configure:5468: found /home/develop/bin/arm-rtems4.11/bin/arm-rtems4.11-ar
configure:5480: result: arm-rtems4.11-ar
configure:5495: checking for arm-rtems4.11-as
configure:5511: found /home/develop/bin/arm-rtems4.11/bin/arm-rtems4.11-as
configure:5523: result: arm-rtems4.11-as
configure:5538: checking for arm-rtems4.11-ld
configure:5554: found /home/develop/bin/arm-rtems4.11/bin/arm-rtems4.11-ld
configure:5566: result: arm-rtems4.11-ld
configure:5582: checking for arm-rtems4.11-ranlib
configure:5598: found /home/develop/bin/arm-rtems4.11/bin/arm-rtems4.11-ranlib
configure:5610: result: arm-rtems4.11-ranlib
configure:5638: checking for grep that handles long lines and -e
configure:5696: result: /bin/grep
configure:5701: checking for egrep
configure:5763: result: /bin/grep -E
configure:5768: checking for ANSI C header files
configure:5788: arm-rtems4.11-g++ -c -march=armv7-m -mthumb -mtune=cortex-m4 -O2 -g -fdata-sections -ffunction-sections -Wall -Wmissing-prototypes -Wimplicit-function-declaration -Wstrict-prototypes -Wnested-externs  conftest.cpp >&5
cc1plus: warning: command line option '-Wmissing-prototypes' is valid for C/ObjC but not for C++
cc1plus: warning: command line option '-Wimplicit-function-declaration' is valid for C/ObjC but not for C++
cc1plus: warning: command line option '-Wstrict-prototypes' is valid for C/ObjC but not for C++
cc1plus: warning: command line option '-Wnested-externs' is valid for C/ObjC but not for C++
configure:5788: $? = 0
configure:5872: result: yes
configure:5885: checking for sys/types.h
configure:5885: arm-rtems4.11-g++ -c -march=armv7-m -mthumb -mtune=cortex-m4 -O2 -g -fdata-sections -ffunction-sections -Wall -Wmissing-prototypes -Wimplicit-function-declaration -Wstrict-prototypes -Wnested-externs  conftest.cpp >&5
cc1plus: warning: command line option '-Wmissing-prototypes' is valid for C/ObjC but not for C++
cc1plus: warning: command line option '-Wimplicit-function-declaration' is valid for C/ObjC but not for C++
cc1plus: warning: command line option '-Wstrict-prototypes' is valid for C/ObjC but not for C++
cc1plus: warning: command line option '-Wnested-externs' is valid for C/ObjC but not for C++
configure:5885: $? = 0
configure:5885: result: yes
configure:5885: checking for sys/stat.h
configure:5885: arm-rtems4.11-g++ -c -march=armv7-m -mthumb -mtune=cortex-m4 -O2 -g -fdata-sections -ffunction-sections -Wall -Wmissing-prototypes -Wimplicit-function-declaration -Wstrict-prototypes -Wnested-externs  conftest.cpp >&5
cc1plus: warning: command line option '-Wmissing-prototypes' is valid for C/ObjC but not for C++
cc1plus: warning: command line option '-Wimplicit-function-declaration' is valid for C/ObjC but not for C++
cc1plus: warning: command line option '-Wstrict-prototypes' is valid for C/ObjC but not for C++
cc1plus: warning: command line option '-Wnested-externs' is valid for C/ObjC but not for C++
configure:5885: $? = 0
configure:5885: result: yes
configure:5885: checking for stdlib.h
configure:5885: arm-rtems4.11-g++ -c -march=armv7-m -mthumb -mtune=cortex-m4 -O2 -g -fdata-sections -ffunction-sections -Wall -Wmissing-prototypes -Wimplicit-function-declaration -Wstrict-prototypes -Wnested-externs  conftest.cpp >&5
cc1plus: warning: command line option '-Wmissing-prototypes' is valid for C/ObjC but not for C++
cc1plus: warning: command line option '-Wimplicit-function-declaration' is valid for C/ObjC but not for C++
cc1plus: warning: command line option '-Wstrict-prototypes' is valid for C/ObjC but not for C++
cc1plus: warning: command line option '-Wnested-externs' is valid for C/ObjC but not for C++
configure:5885: $? = 0
configure:5885: result: yes
configure:5885: checking for string.h
configure:5885: arm-rtems4.11-g++ -c -march=armv7-m -mthumb -mtune=cortex-m4 -O2 -g -fdata-sections -ffunction-sections -Wall -Wmissing-prototypes -Wimplicit-function-declaration -Wstrict-prototypes -Wnested-externs  conftest.cpp >&5
cc1plus: warning: command line option '-Wmissing-prototypes' is valid for C/ObjC but not for C++
cc1plus: warning: command line option '-Wimplicit-function-declaration' is valid for C/ObjC but not for C++
cc1plus: warning: command line option '-Wstrict-prototypes' is valid for C/ObjC but not for C++
cc1plus: warning: command line option '-Wnested-externs' is valid for C/ObjC but not for C++
configure:5885: $? = 0
configure:5885: result: yes
configure:5885: checking for memory.h
configure:5885: arm-rtems4.11-g++ -c -march=armv7-m -mthumb -mtune=cortex-m4 -O2 -g -fdata-sections -ffunction-sections -Wall -Wmissing-prototypes -Wimplicit-function-declaration -Wstrict-prototypes -Wnested-externs  conftest.cpp >&5
cc1plus: warning: command line option '-Wmissing-prototypes' is valid for C/ObjC but not for C++
cc1plus: warning: command line option '-Wimplicit-function-declaration' is valid for C/ObjC but not for C++
cc1plus: warning: command line option '-Wstrict-prototypes' is valid for C/ObjC but not for C++
cc1plus: warning: command line option '-Wnested-externs' is valid for C/ObjC but not for C++
conftest.cpp:48:20: fatal error: memory.h: No such file or directory
 #include <memory.h>
                    ^
compilation terminated.
configure:5885: $? = 1
configure: failed program was:
| /* confdefs.h */
| #define PACKAGE_NAME "rtems-c-src-librtems++"
| #define PACKAGE_TARNAME "rtems-c-src-librtems++"
| #define PACKAGE_VERSION "4.10.99.0"
| #define PACKAGE_STRING "rtems-c-src-librtems++ 4.10.99.0"
| #define PACKAGE_BUGREPORT "https://devel.rtems.org/newticket"
| #define PACKAGE_URL ""
| #define STDC_HEADERS 1
| #define HAVE_SYS_TYPES_H 1
| #define HAVE_SYS_STAT_H 1
| #define HAVE_STDLIB_H 1
| #define HAVE_STRING_H 1
| /* end confdefs.h.  */
| #include <stdio.h>
| #ifdef HAVE_SYS_TYPES_H
| # include <sys/types.h>
| #endif
| #ifdef HAVE_SYS_STAT_H
| # include <sys/stat.h>
| #endif
| #ifdef STDC_HEADERS
| # include <stdlib.h>
| # include <stddef.h>
| #else
| # ifdef HAVE_STDLIB_H
| #  include <stdlib.h>
| # endif
| #endif
| #ifdef HAVE_STRING_H
| # if !defined STDC_HEADERS && defined HAVE_MEMORY_H
| #  include <memory.h>
| # endif
| # include <string.h>
| #endif
| #ifdef HAVE_STRINGS_H
| # include <strings.h>
| #endif
| #ifdef HAVE_INTTYPES_H
| # include <inttypes.h>
| #endif
| #ifdef HAVE_STDINT_H
| # include <stdint.h>
| #endif
| #ifdef HAVE_UNISTD_H
| # include <unistd.h>
| #endif
| 
| #include <memory.h>
configure:5885: result: no
configure:5885: checking for strings.h
configure:5885: arm-rtems4.11-g++ -c -march=armv7-m -mthumb -mtune=cortex-m4 -O2 -g -fdata-sections -ffunction-sections -Wall -Wmissing-prototypes -Wimplicit-function-declaration -Wstrict-prototypes -Wnested-externs  conftest.cpp >&5
cc1plus: warning: command line option '-Wmissing-prototypes' is valid for C/ObjC but not for C++
cc1plus: warning: command line option '-Wimplicit-function-declaration' is valid for C/ObjC but not for C++
cc1plus: warning: command line option '-Wstrict-prototypes' is valid for C/ObjC but not for C++
cc1plus: warning: command line option '-Wnested-externs' is valid for C/ObjC but not for C++
configure:5885: $? = 0
configure:5885: result: yes
configure:5885: checking for inttypes.h
configure:5885: arm-rtems4.11-g++ -c -march=armv7-m -mthumb -mtune=cortex-m4 -O2 -g -fdata-sections -ffunction-sections -Wall -Wmissing-prototypes -Wimplicit-function-declaration -Wstrict-prototypes -Wnested-externs  conftest.cpp >&5
cc1plus: warning: command line option '-Wmissing-prototypes' is valid for C/ObjC but not for C++
cc1plus: warning: command line option '-Wimplicit-function-declaration' is valid for C/ObjC but not for C++
cc1plus: warning: command line option '-Wstrict-prototypes' is valid for C/ObjC but not for C++
cc1plus: warning: command line option '-Wnested-externs' is valid for C/ObjC but not for C++
configure:5885: $? = 0
configure:5885: result: yes
configure:5885: checking for stdint.h
configure:5885: arm-rtems4.11-g++ -c -march=armv7-m -mthumb -mtune=cortex-m4 -O2 -g -fdata-sections -ffunction-sections -Wall -Wmissing-prototypes -Wimplicit-function-declaration -Wstrict-prototypes -Wnested-externs  conftest.cpp >&5
cc1plus: warning: command line option '-Wmissing-prototypes' is valid for C/ObjC but not for C++
cc1plus: warning: command line option '-Wimplicit-function-declaration' is valid for C/ObjC but not for C++
cc1plus: warning: command line option '-Wstrict-prototypes' is valid for C/ObjC but not for C++
cc1plus: warning: command line option '-Wnested-externs' is valid for C/ObjC but not for C++
configure:5885: $? = 0
configure:5885: result: yes
configure:5885: checking for unistd.h
configure:5885: arm-rtems4.11-g++ -c -march=armv7-m -mthumb -mtune=cortex-m4 -O2 -g -fdata-sections -ffunction-sections -Wall -Wmissing-prototypes -Wimplicit-function-declaration -Wstrict-prototypes -Wnested-externs  conftest.cpp >&5
cc1plus: warning: command line option '-Wmissing-prototypes' is valid for C/ObjC but not for C++
cc1plus: warning: command line option '-Wimplicit-function-declaration' is valid for C/ObjC but not for C++
cc1plus: warning: command line option '-Wstrict-prototypes' is valid for C/ObjC but not for C++
cc1plus: warning: command line option '-Wnested-externs' is valid for C/ObjC but not for C++
configure:5885: $? = 0
configure:5885: result: yes
configure:5897: checking cstring usability
configure:5897: arm-rtems4.11-g++ -c -march=armv7-m -mthumb -mtune=cortex-m4 -O2 -g -fdata-sections -ffunction-sections -Wall -Wmissing-prototypes -Wimplicit-function-declaration -Wstrict-prototypes -Wnested-externs  conftest.cpp >&5
cc1plus: warning: command line option '-Wmissing-prototypes' is valid for C/ObjC but not for C++
cc1plus: warning: command line option '-Wimplicit-function-declaration' is valid for C/ObjC but not for C++
cc1plus: warning: command line option '-Wstrict-prototypes' is valid for C/ObjC but not for C++
cc1plus: warning: command line option '-Wnested-externs' is valid for C/ObjC but not for C++
configure:5897: $? = 0
configure:5897: result: yes
configure:5897: checking cstring presence
configure:5897: arm-rtems4.11-g++ -E  conftest.cpp
configure:5897: $? = 0
configure:5897: result: yes
configure:5897: checking for cstring
configure:5897: result: yes
configure:5905: checking cstdlib usability
configure:5905: arm-rtems4.11-g++ -c -march=armv7-m -mthumb -mtune=cortex-m4 -O2 -g -fdata-sections -ffunction-sections -Wall -Wmissing-prototypes -Wimplicit-function-declaration -Wstrict-prototypes -Wnested-externs  conftest.cpp >&5
cc1plus: warning: command line option '-Wmissing-prototypes' is valid for C/ObjC but not for C++
cc1plus: warning: command line option '-Wimplicit-function-declaration' is valid for C/ObjC but not for C++
cc1plus: warning: command line option '-Wstrict-prototypes' is valid for C/ObjC but not for C++
cc1plus: warning: command line option '-Wnested-externs' is valid for C/ObjC but not for C++
configure:5905: $? = 0
configure:5905: result: yes
configure:5905: checking cstdlib presence
configure:5905: arm-rtems4.11-g++ -E  conftest.cpp
configure:5905: $? = 0
configure:5905: result: yes
configure:5905: checking for cstdlib
configure:5905: result: yes
configure:5924: checking for perl
configure:5942: found /usr/bin/perl
configure:5954: result: /usr/bin/perl
configure:5981: checking for perl
configure:6011: result: /usr/bin/perl
configure:6180: checking that generated files are newer than configure
configure:6186: result: done
configure:6241: creating ./config.status

## ---------------------- ##
## Running config.status. ##
## ---------------------- ##

This file was extended by rtems-c-src-librtems++ config.status 4.10.99.0, which was
generated by GNU Autoconf 2.69.  Invocation command line was

  CONFIG_FILES    = 
  CONFIG_HEADERS  = 
  CONFIG_LINKS    = 
  CONFIG_COMMANDS = 
  $ ./config.status 

on localhost.localdomain

config.status:821: creating Makefile
config.status:978: executing depfiles commands

## ---------------- ##
## Cache variables. ##
## ---------------- ##

ac_cv_build=i686-pc-linux-gnu
ac_cv_c_compiler_gnu=yes
ac_cv_cxx_compiler_gnu=yes
ac_cv_env_CCC_set=
ac_cv_env_CCC_value=
ac_cv_env_CC_set=
ac_cv_env_CC_value=
ac_cv_env_CFLAGS_set=set
ac_cv_env_CFLAGS_value='-march=armv7-m -mthumb -mtune=cortex-m4 -O2 -g -fdata-sections -ffunction-sections -Wall -Wmissing-prototypes -Wimplicit-function-declaration -Wstrict-prototypes -Wnested-externs'
ac_cv_env_CPPFLAGS_set=
ac_cv_env_CPPFLAGS_value=
ac_cv_env_CPP_set=
ac_cv_env_CPP_value=
ac_cv_env_CXXCPP_set=
ac_cv_env_CXXCPP_value=
ac_cv_env_CXXFLAGS_set=
ac_cv_env_CXXFLAGS_value=
ac_cv_env_CXX_set=
ac_cv_env_CXX_value=
ac_cv_env_LDFLAGS_set=
ac_cv_env_LDFLAGS_value=
ac_cv_env_LIBS_set=
ac_cv_env_LIBS_value=
ac_cv_env_RTEMS_BSP_FAMILY_set=set
ac_cv_env_RTEMS_BSP_FAMILY_value=stm32f4xx
ac_cv_env_RTEMS_BSP_set=set
ac_cv_env_RTEMS_BSP_value=stm32f4xx
ac_cv_env_RTEMS_CPU_MODEL_set=
ac_cv_env_RTEMS_CPU_MODEL_value=
ac_cv_env_build_alias_set=set
ac_cv_env_build_alias_value=i686-pc-linux-gnu
ac_cv_env_host_alias_set=set
ac_cv_env_host_alias_value=arm-rtems4.11
ac_cv_env_target_alias_set=set
ac_cv_env_target_alias_value=arm-rtems4.11
ac_cv_header_cstdlib=yes
ac_cv_header_cstring=yes
ac_cv_header_inttypes_h=yes
ac_cv_header_memory_h=no
ac_cv_header_stdc=yes
ac_cv_header_stdint_h=yes
ac_cv_header_stdlib_h=yes
ac_cv_header_string_h=yes
ac_cv_header_strings_h=yes
ac_cv_header_sys_stat_h=yes
ac_cv_header_sys_types_h=yes
ac_cv_header_unistd_h=yes
ac_cv_host=arm-unknown-rtems4.11
ac_cv_objext=o
ac_cv_path_EGREP='/bin/grep -E'
ac_cv_path_GREP=/bin/grep
ac_cv_path_PERL=/usr/bin/perl
ac_cv_path_install='/usr/bin/install -c'
ac_cv_path_mkdir=/bin/mkdir
ac_cv_prog_AR=arm-rtems4.11-ar
ac_cv_prog_AS=arm-rtems4.11-as
ac_cv_prog_AWK=gawk
ac_cv_prog_CC=arm-rtems4.11-gcc
ac_cv_prog_CPP='arm-rtems4.11-gcc -E'
ac_cv_prog_CXX=arm-rtems4.11-g++
ac_cv_prog_CXXCPP='arm-rtems4.11-g++ -E'
ac_cv_prog_LD=arm-rtems4.11-ld
ac_cv_prog_MAKE=gmake
ac_cv_prog_RANLIB=arm-rtems4.11-ranlib
ac_cv_prog_STRIP=arm-rtems4.11-strip
ac_cv_prog_cc_c89=
ac_cv_prog_cc_g=yes
ac_cv_prog_cxx_g=yes
ac_cv_prog_make_gmake_set=yes
am_cv_CC_dependencies_compiler_type=gcc3
am_cv_CXX_dependencies_compiler_type=gcc3
rtems_cv_HAS_CPLUSPLUS=yes
rtems_cv_HAS_SMP=disabled
rtems_cv_RTEMS_BSP=stm32f4xx
rtems_cv_gcc_isystem=yes
rtems_cv_gcc_pipe=yes
rtems_cv_gcc_specs=yes

## ----------------- ##
## Output variables. ##
## ----------------- ##

ACLOCAL='${SHELL} /home/develop/smbshare/rtems-work/rtems/missing --run aclocal-1.12'
AMDEPBACKSLASH='\'
AMDEP_FALSE='#'
AMDEP_TRUE=''
AMPOLISH3='$(PERL) /home/develop/smbshare/rtems-work/rtems/ampolish3'
AMPOLISH3_FALSE=''
AMPOLISH3_TRUE='#'
AMTAR='$${TAR-tar}'
AR='arm-rtems4.11-ar'
AS='arm-rtems4.11-as'
AUTOCONF='${SHELL} /home/develop/smbshare/rtems-work/rtems/missing --run autoconf'
AUTOHEADER='${SHELL} /home/develop/smbshare/rtems-work/rtems/missing --run autoheader'
AUTOMAKE='${SHELL} /home/develop/smbshare/rtems-work/rtems/missing --run automake-1.12'
AWK='gawk'
CC='arm-rtems4.11-gcc --pipe'
CCDEPMODE='depmode=gcc3'
CFLAGS='-march=armv7-m -mthumb -mtune=cortex-m4 -O2 -g -fdata-sections -ffunction-sections -Wall -Wmissing-prototypes -Wimplicit-function-declaration -Wstrict-prototypes -Wnested-externs'
CPP='arm-rtems4.11-gcc -E'
CPPFLAGS=''
CXX='arm-rtems4.11-g++'
CXXCPP='arm-rtems4.11-g++ -E'
CXXDEPMODE='depmode=gcc3'
CXXFLAGS='-march=armv7-m -mthumb -mtune=cortex-m4 -O2 -g -fdata-sections -ffunction-sections -Wall -Wmissing-prototypes -Wimplicit-function-declaration -Wstrict-prototypes -Wnested-externs'
CYGPATH_W='echo'
DEFS='-DPACKAGE_NAME=\"rtems-c-src-librtems++\" -DPACKAGE_TARNAME=\"rtems-c-src-librtems++\" -DPACKAGE_VERSION=\"4.10.99.0\" -DPACKAGE_STRING=\"rtems-c-src-librtems++\ 4.10.99.0\" -DPACKAGE_BUGREPORT=\"https://devel.rtems.org/newticket\" -DPACKAGE_URL=\"\" -DSTDC_HEADERS=1 -DHAVE_SYS_TYPES_H=1 -DHAVE_SYS_STAT_H=1 -DHAVE_STDLIB_H=1 -DHAVE_STRING_H=1 -DHAVE_STRINGS_H=1 -DHAVE_INTTYPES_H=1 -DHAVE_STDINT_H=1 -DHAVE_UNISTD_H=1'
DEPDIR='.deps'
ECHO_C=''
ECHO_N='-n'
ECHO_T=''
EGREP='/bin/grep -E'
EXEEXT=''
GCCSPECS='-B$(PROJECT_ROOT)/lib/ -B$(PROJECT_ROOT)/stm32f4xx/lib/ -specs bsp_specs -qrtems'
GREP='/bin/grep'
HAS_CPLUSPLUS='yes'
HAS_CXX_FALSE='#'
HAS_CXX_TRUE=''
INSTALL_DATA='${INSTALL} -m 644'
INSTALL_PROGRAM='${INSTALL}'
INSTALL_SCRIPT='${INSTALL}'
INSTALL_STRIP_PROGRAM='$(install_sh) -c -s'
LD='arm-rtems4.11-ld'
LDFLAGS=''
LIBOBJS=''
LIBS=''
LTLIBOBJS=''
MAINT='#'
MAINTAINER_MODE_FALSE=''
MAINTAINER_MODE_TRUE='#'
MAKE='gmake'
MAKEINFO='${SHELL} /home/develop/smbshare/rtems-work/rtems/missing --run makeinfo'
MKDIR_P='/bin/mkdir -p'
OBJEXT='o'
PACKAGE='rtems-c-src-librtems++'
PACKAGE_BUGREPORT='https://devel.rtems.org/newticket'
PACKAGE_NAME='rtems-c-src-librtems++'
PACKAGE_STRING='rtems-c-src-librtems++ 4.10.99.0'
PACKAGE_TARNAME='rtems-c-src-librtems++'
PACKAGE_URL=''
PACKAGE_VERSION='4.10.99.0'
PATH_SEPARATOR=':'
PERL='/usr/bin/perl'
PROJECT_INCLUDE='$(PROJECT_ROOT)/stm32f4xx/lib/include'
PROJECT_LIB='$(PROJECT_ROOT)/stm32f4xx/lib'
PROJECT_RELEASE='$(PROJECT_ROOT)/stm32f4xx'
PROJECT_ROOT='../../../$(top_builddir)'
PROJECT_TOPdir='../../../../$(top_builddir)'
RANLIB='arm-rtems4.11-ranlib'
RTEMS_BSP='stm32f4xx'
RTEMS_BSP_FAMILY='stm32f4xx'
RTEMS_CPPFLAGS='-isystem $(PROJECT_INCLUDE)'
RTEMS_CPU='arm'
RTEMS_CPU_MODEL=''
RTEMS_RELLDFLAGS='-qnolinkcmds -nostdlib -r'
RTEMS_TOPdir='../../..'
SET_MAKE=''
SHELL='/bin/sh'
STRIP='arm-rtems4.11-strip'
VERSION='4.10.99.0'
ac_ct_CC=''
ac_ct_CXX=''
am__EXEEXT_FALSE=''
am__EXEEXT_TRUE='#'
am__fastdepCC_FALSE='#'
am__fastdepCC_TRUE=''
am__fastdepCXX_FALSE='#'
am__fastdepCXX_TRUE=''
am__include='include'
am__isrc=' -I$(srcdir)'
am__leading_dot='.'
am__nodep='_no'
am__quote=''
am__tar='$${TAR-tar} chof - "$$tardir"'
am__untar='$${TAR-tar} xf -'
bindir='${exec_prefix}/bin'
build='i686-pc-linux-gnu'
build_alias='i686-pc-linux-gnu'
build_cpu='i686'
build_os='linux-gnu'
build_vendor='pc'
datadir='${datarootdir}'
datarootdir='${prefix}/share'
dirstamp='${am__leading_dot}dirstamp'
docdir='${datarootdir}/doc/${PACKAGE_TARNAME}'
dvidir='${docdir}'
exec_prefix='/home/develop/smbshare/rtems-work/rtems_build/../rtems_stm32f4xx/arm-rtems4.11'
host='arm-unknown-rtems4.11'
host_alias='arm-rtems4.11'
host_cpu='arm'
host_os='rtems4.11'
host_vendor='unknown'
htmldir='${docdir}'
includedir='${exec_prefix}/stm32f4xx/lib/include'
infodir='${datarootdir}/info'
install_sh='${SHELL} /home/develop/smbshare/rtems-work/rtems/install-sh'
libdir='${exec_prefix}/stm32f4xx/lib'
libexecdir='${exec_prefix}/libexec'
localedir='${datarootdir}/locale'
localstatedir='${prefix}/var'
mandir='${datarootdir}/man'
mkdir_p='$(MKDIR_P)'
oldincludedir='/usr/include'
pdfdir='${docdir}'
pkgdatadir='${datadir}/rtems4.11'
prefix='/home/develop/smbshare/rtems-work/rtems_build/../rtems_stm32f4xx'
program_transform_name='s,x,x,'
project_includedir='$(includedir)'
project_libdir='$(libdir)'
psdir='${docdir}'
sbindir='${exec_prefix}/sbin'
sharedstatedir='${prefix}/com'
sysconfdir='${prefix}/etc'
target_alias='arm-rtems4.11'

## ----------- ##
## confdefs.h. ##
## ----------- ##

/* confdefs.h */
#define PACKAGE_NAME "rtems-c-src-librtems++"
#define PACKAGE_TARNAME "rtems-c-src-librtems++"
#define PACKAGE_VERSION "4.10.99.0"
#define PACKAGE_STRING "rtems-c-src-librtems++ 4.10.99.0"
#define PACKAGE_BUGREPORT "https://devel.rtems.org/newticket"
#define PACKAGE_URL ""
#define STDC_HEADERS 1
#define HAVE_SYS_TYPES_H 1
#define HAVE_SYS_STAT_H 1
#define HAVE_STDLIB_H 1
#define HAVE_STRING_H 1
#define HAVE_STRINGS_H 1
#define HAVE_INTTYPES_H 1
#define HAVE_STDINT_H 1
#define HAVE_UNISTD_H 1

configure: exit 0
