This file contains any messages produced by compilers while
running configure, to aid debugging if configure makes a mistake.

It was created by rtems-c-src configure 4.10.99.0, which was
generated by GNU Autoconf 2.69.  Invocation command line was

  $ ../../../../rtems/c/src/configure --prefix=/home/develop/smbshare/rtems-work/rtems_build/../rtems_stm32f4xx --host=arm-rtems4.11 --build=i686-pc-linux-gnu --target=arm-rtems4.11 --disable-maintainer-mode --disable-multiprocessing --disable-posix --disable-networking --enable-cxx --enable-tests=samples --enable-rtems-debug --disable-multilib --disable-paravirt --disable-drvmgr --disable-docs STM32F4XX_FAMILY_STM32F469_479xx=1 STM32F4XX_HSE_OSCILLATOR=8000000 STM32F4XX_ENABLE_USART_3=1 STM32F4XX_ENABLE_USART_6=1 STM32F4XX_ENABLE_LED_1=1 STM32F4XX_ENABLE_LED_2=1 STM32F4XX_ENABLE_LED_3=1 STM32F4XX_ENABLE_LED_4=1 USE_STDPERIPH_DRIVER=1 ARM_MULTILIB_ARCH_V7M=1 --with-target-subdir=arm-rtems4.11 --exec-prefix=/home/develop/smbshare/rtems-work/rtems_build/../rtems_stm32f4xx/arm-rtems4.11 --includedir=/home/develop/smbshare/rtems-work/rtems_build/../rtems_stm32f4xx/arm-rtems4.11/include build_alias=i686-pc-linux-gnu host_alias=arm-rtems4.11 target_alias=arm-rtems4.11 --with-project-root=../../ --with-project-top=../../

## --------- ##
## Platform. ##
## --------- ##

hostname = localhost.localdomain
uname -m = i686
uname -r = 2.6.32-504.12.2.el6.i686
uname -s = Linux
uname -v = #1 SMP Wed Mar 11 19:05:53 UTC 2015

/usr/bin/uname -p = unknown
/bin/uname -X     = unknown

/bin/arch              = i686
/usr/bin/arch -k       = unknown
/usr/convex/getsysinfo = unknown
/usr/bin/hostinfo      = unknown
/bin/machine           = unknown
/usr/bin/oslevel       = unknown
/bin/universe          = unknown

PATH: /home/develop/bin/arm-rtems4.11/bin
PATH: /opt/ecos/gnutools/arm-eabi/bin
PATH: /home/develop/bin/arm-rtems4.11/bin
PATH: /usr/lib/qt-3.3/bin
PATH: /usr/local/bin
PATH: /usr/bin
PATH: /bin
PATH: /usr/local/sbin
PATH: /usr/sbin
PATH: /sbin
PATH: /home/develop/bin


## ----------- ##
## Core tests. ##
## ----------- ##

configure:2007: checking for gmake
configure:2023: found /usr/bin/gmake
configure:2034: result: gmake
configure:2104: checking build system type
configure:2118: result: i686-pc-linux-gnu
configure:2138: checking host system type
configure:2151: result: arm-unknown-rtems4.11
configure:2172: checking rtems target cpu
configure:2181: result: arm
configure:2207: checking for a BSD-compatible install
configure:2275: result: /usr/bin/install -c
configure:2286: checking whether build environment is sane
configure:2341: result: yes
configure:2400: checking for arm-rtems4.11-strip
configure:2416: found /home/develop/bin/arm-rtems4.11/bin/arm-rtems4.11-strip
configure:2427: result: arm-rtems4.11-strip
configure:2492: checking for a thread-safe mkdir -p
configure:2531: result: /bin/mkdir -p
configure:2538: checking for gawk
configure:2554: found /usr/bin/gawk
configure:2565: result: gawk
configure:2576: checking whether gmake sets $(MAKE)
configure:2598: result: yes
configure:2667: checking whether to enable maintainer-specific portions of Makefiles
configure:2676: result: no
configure:2732: checking for RTEMS_BSP
configure:2744: result: stm32f4xx
configure:2786: checking whether BSP supports networking
configure:2805: result: disabled
configure:2838: checking whether CPU supports libposix
configure:2853: result: disabled
configure:2862: setting up make/custom
configure:2912: creating make/stm32f4xx.cache
configure:2919: checking for RTEMS_CPU_MODEL
configure:2926: result: 
configure:2933: checking for RTEMS_BSP_FAMILY
configure:2948: result: stm32f4xx
configure:2955: checking for CPU_CFLAGS
configure:2962: result: -march=armv7-m -mthumb -mtune=cortex-m4
configure:2966: checking for CFLAGS_OPTIMIZE_V
configure:2973: result: -O2 -g -fdata-sections -ffunction-sections
configure:2992: checking for style of include used by gmake
configure:3020: result: GNU
configure:3052: checking for arm-rtems4.11-gcc
configure:3068: found /home/develop/bin/arm-rtems4.11/bin/arm-rtems4.11-gcc
configure:3079: result: arm-rtems4.11-gcc
configure:3098: checking for arm-rtems4.11-gcc
configure:3125: result: arm-rtems4.11-gcc
configure:3394: checking for C compiler version
configure:3403: arm-rtems4.11-gcc --version >&5
arm-rtems4.11-gcc (GCC) 4.9.3 20150626 (RTEMS 4.11, RSB 6b0d76cc9b43ac5aacb4ed87cabece1aa81c2b83, Newlib 2.2.0.20150423)
Copyright (C) 2015 Free Software Foundation, Inc.
This is free software; see the source for copying conditions.  There is NO
warranty; not even for MERCHANTABILITY or FITNESS FOR A PARTICULAR PURPOSE.

configure:3414: $? = 0
configure:3403: arm-rtems4.11-gcc -v >&5
Using built-in specs.
COLLECT_GCC=arm-rtems4.11-gcc
COLLECT_LTO_WRAPPER=/home/develop/bin/arm-rtems4.11/libexec/gcc/arm-rtems4.11/4.9.3/lto-wrapper
Target: arm-rtems4.11
Configured with: ../gcc-4.9.3/configure --prefix=/home/develop/bin/arm-rtems4.11 --bindir=/home/develop/bin/arm-rtems4.11/bin --exec_prefix=/home/develop/bin/arm-rtems4.11 --includedir=/home/develop/bin/arm-rtems4.11/include --libdir=/home/develop/bin/arm-rtems4.11/lib --libexecdir=/home/develop/bin/arm-rtems4.11/libexec --mandir=/home/develop/bin/arm-rtems4.11/share/man --infodir=/home/develop/bin/arm-rtems4.11/share/info --datadir=/home/develop/bin/arm-rtems4.11/share --build=i686-linux-gnu --host=i686-linux-gnu --target=arm-rtems4.11 --disable-libstdcxx-pch --with-gnu-as --with-gnu-ld --verbose --with-newlib --with-system-zlib --disable-nls --without-included-gettext --disable-win32-registry --enable-version-specific-runtime-libs --disable-lto --enable-newlib-io-c99-formats --enable-newlib-iconv --enable-newlib-iconv-encodings=big5,cp775,cp850,cp852,cp855,cp866,euc_jp,euc_kr,euc_tw,iso_8859_1,iso_8859_10,iso_8859_11,iso_8859_13,iso_8859_14,iso_8859_15,iso_8859_2,iso_8859_3,iso_8859_4,iso_8859_5,iso_8859_6,iso_8859_7,iso_8859_8,iso_8859_9,iso_ir_111,koi8_r,koi8_ru,koi8_u,koi8_uni,ucs_2,ucs_2_internal,ucs_2be,ucs_2le,ucs_4,ucs_4_internal,ucs_4be,ucs_4le,us_ascii,utf_16,utf_16be,utf_16le,utf_8,win_1250,win_1251,win_1252,win_1253,win_1254,win_1255,win_1256,win_1257,win_1258 --enable-threads --disable-plugin --enable-obsolete --enable-libgomp --enable-languages=c,c++
Thread model: rtems
gcc version 4.9.3 20150626 (RTEMS 4.11, RSB 6b0d76cc9b43ac5aacb4ed87cabece1aa81c2b83, Newlib 2.2.0.20150423) (GCC) 
configure:3414: $? = 0
configure:3403: arm-rtems4.11-gcc -V >&5
arm-rtems4.11-gcc: error: unrecognized command line option '-V'
arm-rtems4.11-gcc: fatal error: no input files
compilation terminated.
configure:3414: $? = 1
configure:3403: arm-rtems4.11-gcc -qversion >&5
arm-rtems4.11-gcc: error: unrecognized command line option '-qversion'
arm-rtems4.11-gcc: fatal error: no input files
compilation terminated.
configure:3414: $? = 1
configure:3434: checking whether the C compiler works
configure:3456: arm-rtems4.11-gcc -march=armv7-m -mthumb -mtune=cortex-m4 -O2 -g -fdata-sections -ffunction-sections   conftest.c  >&5
/home/develop/bin/arm-rtems4.11/lib/gcc/arm-rtems4.11/4.9.3/../../../../arm-rtems4.11/bin/ld: warning: cannot find entry symbol _start; defaulting to 00008000
configure:3460: $? = 0
configure:3508: result: yes
configure:3511: checking for C compiler default output file name
configure:3513: result: a.out
configure:3519: checking for suffix of executables
configure:3526: arm-rtems4.11-gcc -o conftest -march=armv7-m -mthumb -mtune=cortex-m4 -O2 -g -fdata-sections -ffunction-sections   conftest.c  >&5
/home/develop/bin/arm-rtems4.11/lib/gcc/arm-rtems4.11/4.9.3/../../../../arm-rtems4.11/bin/ld: warning: cannot find entry symbol _start; defaulting to 00008000
configure:3530: $? = 0
configure:3552: result: 
configure:3574: checking whether we are cross compiling
configure:3612: result: yes
configure:3617: checking for suffix of object files
configure:3639: arm-rtems4.11-gcc -c -march=armv7-m -mthumb -mtune=cortex-m4 -O2 -g -fdata-sections -ffunction-sections  conftest.c >&5
configure:3643: $? = 0
configure:3664: result: o
configure:3668: checking whether we are using the GNU C compiler
configure:3687: arm-rtems4.11-gcc -c -march=armv7-m -mthumb -mtune=cortex-m4 -O2 -g -fdata-sections -ffunction-sections  conftest.c >&5
configure:3687: $? = 0
configure:3696: result: yes
configure:3705: checking whether arm-rtems4.11-gcc accepts -g
configure:3725: arm-rtems4.11-gcc -c -g  conftest.c >&5
configure:3725: $? = 0
configure:3766: result: yes
configure:3783: checking for arm-rtems4.11-gcc option to accept ISO C89
configure:3846: arm-rtems4.11-gcc  -c -march=armv7-m -mthumb -mtune=cortex-m4 -O2 -g -fdata-sections -ffunction-sections  conftest.c >&5
configure:3846: $? = 0
configure:3859: result: none needed
configure:3881: checking dependency style of arm-rtems4.11-gcc
configure:3992: result: gcc3
configure:4012: checking how to run the C preprocessor
configure:4043: arm-rtems4.11-gcc -E  conftest.c
configure:4043: $? = 0
configure:4057: arm-rtems4.11-gcc -E  conftest.c
conftest.c:9:28: fatal error: ac_nonexistent.h: No such file or directory
 #include <ac_nonexistent.h>
                            ^
compilation terminated.
configure:4057: $? = 1
configure: failed program was:
| /* confdefs.h */
| #define PACKAGE_NAME "rtems-c-src"
| #define PACKAGE_TARNAME "rtems-c-src"
| #define PACKAGE_VERSION "4.10.99.0"
| #define PACKAGE_STRING "rtems-c-src 4.10.99.0"
| #define PACKAGE_BUGREPORT "https://devel.rtems.org/newticket"
| #define PACKAGE_URL ""
| /* end confdefs.h.  */
| #include <ac_nonexistent.h>
configure:4082: result: arm-rtems4.11-gcc -E
configure:4102: arm-rtems4.11-gcc -E  conftest.c
configure:4102: $? = 0
configure:4116: arm-rtems4.11-gcc -E  conftest.c
conftest.c:9:28: fatal error: ac_nonexistent.h: No such file or directory
 #include <ac_nonexistent.h>
                            ^
compilation terminated.
configure:4116: $? = 1
configure: failed program was:
| /* confdefs.h */
| #define PACKAGE_NAME "rtems-c-src"
| #define PACKAGE_TARNAME "rtems-c-src"
| #define PACKAGE_VERSION "4.10.99.0"
| #define PACKAGE_STRING "rtems-c-src 4.10.99.0"
| #define PACKAGE_BUGREPORT "https://devel.rtems.org/newticket"
| #define PACKAGE_URL ""
| /* end confdefs.h.  */
| #include <ac_nonexistent.h>
configure:4146: checking whether arm-rtems4.11-gcc accepts -isystem
configure:4168: result: yes
configure:4172: checking whether arm-rtems4.11-gcc accepts --pipe
configure:4188: result: yes
configure:4194: checking whether arm-rtems4.11-gcc --pipe accepts -specs
configure:4211: result: yes
configure:4239: checking whether arm-rtems4.11-gcc --pipe and cc understand -c and -o together
configure:4270: arm-rtems4.11-gcc --pipe -c conftest.c -o conftest2.o >&5
configure:4274: $? = 0
configure:4280: arm-rtems4.11-gcc --pipe -c conftest.c -o conftest2.o >&5
configure:4284: $? = 0
configure:4295: cc -c conftest.c >&5
configure:4299: $? = 0
configure:4307: cc -c conftest.c -o conftest2.o >&5
configure:4311: $? = 0
configure:4317: cc -c conftest.c -o conftest2.o >&5
configure:4321: $? = 0
configure:4339: result: yes
configure:4375: checking dependency style of arm-rtems4.11-gcc --pipe
configure:4484: result: gcc3
configure:4509: checking for arm-rtems4.11-ar
configure:4525: found /home/develop/bin/arm-rtems4.11/bin/arm-rtems4.11-ar
configure:4537: result: arm-rtems4.11-ar
configure:4552: checking for arm-rtems4.11-as
configure:4568: found /home/develop/bin/arm-rtems4.11/bin/arm-rtems4.11-as
configure:4580: result: arm-rtems4.11-as
configure:4595: checking for arm-rtems4.11-ld
configure:4611: found /home/develop/bin/arm-rtems4.11/bin/arm-rtems4.11-ld
configure:4623: result: arm-rtems4.11-ld
configure:4639: checking for arm-rtems4.11-ranlib
configure:4655: found /home/develop/bin/arm-rtems4.11/bin/arm-rtems4.11-ranlib
configure:4667: result: arm-rtems4.11-ranlib
configure:4690: checking whether arm-rtems4.11-gcc --pipe supports function __attribute__((weak))
configure:4715: arm-rtems4.11-gcc --pipe -c -Werror  conftest.c >&5
configure:4715: $? = 0
configure:4728: result: yes
configure:4735: checking if wanting multiprocessing
configure:4753: result: no
configure:5192: checking for perl
configure:5210: found /usr/bin/perl
configure:5222: result: /usr/bin/perl
configure:5398: checking that generated files are newer than configure
configure:5404: result: done
configure:5455: creating ./config.status
configure:6580: configuring in ../../cpukit
configure:6633: running /bin/sh '../../../../../rtems/c/src/../../cpukit/configure'  '--prefix=/home/develop/smbshare/rtems-work/rtems_build/../rtems_stm32f4xx' '--host=arm-rtems4.11' '--build=i686-pc-linux-gnu' '--target=arm-rtems4.11' '--disable-maintainer-mode' '--disable-multiprocessing' '--disable-posix' '--disable-networking' '--enable-cxx' '--enable-tests=samples' '--enable-rtems-debug' '--disable-multilib' '--disable-paravirt' '--disable-drvmgr' '--disable-docs' 'STM32F4XX_FAMILY_STM32F469_479xx=1' 'STM32F4XX_HSE_OSCILLATOR=8000000' 'STM32F4XX_ENABLE_USART_3=1' 'STM32F4XX_ENABLE_USART_6=1' 'STM32F4XX_ENABLE_LED_1=1' 'STM32F4XX_ENABLE_LED_2=1' 'STM32F4XX_ENABLE_LED_3=1' 'STM32F4XX_ENABLE_LED_4=1' 'USE_STDPERIPH_DRIVER=1' 'ARM_MULTILIB_ARCH_V7M=1' '--with-target-subdir=arm-rtems4.11' '--exec-prefix=/home/develop/smbshare/rtems-work/rtems_build/../rtems_stm32f4xx/arm-rtems4.11' '--includedir=/home/develop/smbshare/rtems-work/rtems_build/../rtems_stm32f4xx/arm-rtems4.11/include' 'build_alias=i686-pc-linux-gnu' 'host_alias=arm-rtems4.11' 'target_alias=arm-rtems4.11' '--with-project-root=../../' '--with-project-top=../../' 'RTEMS_BSP=stm32f4xx' 'RTEMS_BSP_FAMILY=stm32f4xx' 'CFLAGS=-march=armv7-m -mthumb -mtune=cortex-m4 -O2 -g -fdata-sections -ffunction-sections -Wall -Wmissing-prototypes -Wimplicit-function-declaration -Wstrict-prototypes -Wnested-externs' '--with-project-root=../../../stm32f4xx/'    '--includedir=/home/develop/smbshare/rtems-work/rtems_build/../rtems_stm32f4xx/arm-rtems4.11/stm32f4xx/lib/include'    '--libdir=/home/develop/smbshare/rtems-work/rtems_build/../rtems_stm32f4xx/arm-rtems4.11/stm32f4xx/lib'    --cache-file=/dev/null --srcdir=../../../../../rtems/c/src/../../cpukit
configure:6753: configuring in ../../testsuites
configure:6809: running /bin/sh '../../../../../rtems/c/src/../../testsuites/configure'  '--prefix=/home/develop/smbshare/rtems-work/rtems_build/../rtems_stm32f4xx' '--host=arm-rtems4.11' '--build=i686-pc-linux-gnu' '--target=arm-rtems4.11' '--disable-maintainer-mode' '--disable-multiprocessing' '--disable-posix' '--disable-networking' '--enable-cxx' '--enable-tests=samples' '--enable-rtems-debug' '--disable-multilib' '--disable-paravirt' '--disable-drvmgr' '--disable-docs' 'STM32F4XX_FAMILY_STM32F469_479xx=1' 'STM32F4XX_HSE_OSCILLATOR=8000000' 'STM32F4XX_ENABLE_USART_3=1' 'STM32F4XX_ENABLE_USART_6=1' 'STM32F4XX_ENABLE_LED_1=1' 'STM32F4XX_ENABLE_LED_2=1' 'STM32F4XX_ENABLE_LED_3=1' 'STM32F4XX_ENABLE_LED_4=1' 'USE_STDPERIPH_DRIVER=1' 'ARM_MULTILIB_ARCH_V7M=1' '--with-target-subdir=arm-rtems4.11' '--exec-prefix=/home/develop/smbshare/rtems-work/rtems_build/../rtems_stm32f4xx/arm-rtems4.11' '--includedir=/home/develop/smbshare/rtems-work/rtems_build/../rtems_stm32f4xx/arm-rtems4.11/include' 'build_alias=i686-pc-linux-gnu' 'host_alias=arm-rtems4.11' 'target_alias=arm-rtems4.11' '--with-project-root=../../' '--with-project-top=../../' 'RTEMS_BSP=stm32f4xx' 'RTEMS_BSP_FAMILY=stm32f4xx' 'CFLAGS=-march=armv7-m -mthumb -mtune=cortex-m4 -O2 -g -fdata-sections -ffunction-sections -Wall -Wmissing-prototypes -Wimplicit-function-declaration -Wstrict-prototypes -Wnested-externs' '--enable-rtems-root=../'    '--enable-project-root=../../../stm32f4xx'    '--with-project-top=../../../'    '--enable-rtemsbsp=stm32f4xx'    '--includedir=/home/develop/smbshare/rtems-work/rtems_build/../rtems_stm32f4xx/arm-rtems4.11/stm32f4xx/lib/include'    '--libdir=/home/develop/smbshare/rtems-work/rtems_build/../rtems_stm32f4xx/arm-rtems4.11/stm32f4xx/lib'    --cache-file=/dev/null --srcdir=../../../../../rtems/c/src/../../testsuites

## ---------------------- ##
## Running config.status. ##
## ---------------------- ##

This file was extended by rtems-c-src config.status 4.10.99.0, which was
generated by GNU Autoconf 2.69.  Invocation command line was

  CONFIG_FILES    = 
  CONFIG_HEADERS  = 
  CONFIG_LINKS    = 
  CONFIG_COMMANDS = 
  $ ./config.status 

on localhost.localdomain

config.status:838: creating Makefile
config.status:838: creating support/Makefile
config.status:838: creating libchip/Makefile
config.status:838: creating lib/Makefile
config.status:838: creating lib/libcpu/Makefile
config.status:838: creating lib/libbsp/Makefile
config.status:838: creating wrapup/Makefile
config.status:995: executing depfiles commands
configure:7023: === configuring in make (/home/develop/smbshare/rtems-work/rtems_build/arm-rtems4.11/c/stm32f4xx/make)
configure:7086: running /bin/sh ../../../../../rtems/c/src/make/configure --disable-option-checking '--prefix=/home/develop/smbshare/rtems-work/rtems_build/../rtems_stm32f4xx'  '--host=arm-rtems4.11' '--build=i686-pc-linux-gnu' '--target=arm-rtems4.11' '--disable-maintainer-mode' '--disable-multiprocessing' '--disable-posix' '--disable-networking' '--enable-cxx' '--enable-tests=samples' '--enable-rtems-debug' '--disable-multilib' '--disable-paravirt' '--disable-drvmgr' '--disable-docs' 'STM32F4XX_FAMILY_STM32F469_479xx=1' 'STM32F4XX_HSE_OSCILLATOR=8000000' 'STM32F4XX_ENABLE_USART_3=1' 'STM32F4XX_ENABLE_USART_6=1' 'STM32F4XX_ENABLE_LED_1=1' 'STM32F4XX_ENABLE_LED_2=1' 'STM32F4XX_ENABLE_LED_3=1' 'STM32F4XX_ENABLE_LED_4=1' 'USE_STDPERIPH_DRIVER=1' 'ARM_MULTILIB_ARCH_V7M=1' '--with-target-subdir=arm-rtems4.11' '--exec-prefix=/home/develop/smbshare/rtems-work/rtems_build/../rtems_stm32f4xx/arm-rtems4.11' '--includedir=/home/develop/smbshare/rtems-work/rtems_build/../rtems_stm32f4xx/arm-rtems4.11/include' 'build_alias=i686-pc-linux-gnu' 'host_alias=arm-rtems4.11' 'target_alias=arm-rtems4.11' '--with-project-root=../../' '--with-project-top=../../' 'RTEMS_BSP=stm32f4xx' 'RTEMS_BSP_FAMILY=stm32f4xx' 'CFLAGS=-march=armv7-m -mthumb -mtune=cortex-m4 -O2 -g -fdata-sections -ffunction-sections -Wall -Wmissing-prototypes -Wimplicit-function-declaration -Wstrict-prototypes -Wnested-externs' --cache-file=/dev/null --srcdir=../../../../../rtems/c/src/make
configure:7023: === configuring in lib/libcpu/arm (/home/develop/smbshare/rtems-work/rtems_build/arm-rtems4.11/c/stm32f4xx/lib/libcpu/arm)
configure:7086: running /bin/sh ../../../../../../../rtems/c/src/lib/libcpu/arm/configure --disable-option-checking '--prefix=/home/develop/smbshare/rtems-work/rtems_build/../rtems_stm32f4xx'  '--host=arm-rtems4.11' '--build=i686-pc-linux-gnu' '--target=arm-rtems4.11' '--disable-maintainer-mode' '--disable-multiprocessing' '--disable-posix' '--disable-networking' '--enable-cxx' '--enable-tests=samples' '--enable-rtems-debug' '--disable-multilib' '--disable-paravirt' '--disable-drvmgr' '--disable-docs' 'STM32F4XX_FAMILY_STM32F469_479xx=1' 'STM32F4XX_HSE_OSCILLATOR=8000000' 'STM32F4XX_ENABLE_USART_3=1' 'STM32F4XX_ENABLE_USART_6=1' 'STM32F4XX_ENABLE_LED_1=1' 'STM32F4XX_ENABLE_LED_2=1' 'STM32F4XX_ENABLE_LED_3=1' 'STM32F4XX_ENABLE_LED_4=1' 'USE_STDPERIPH_DRIVER=1' 'ARM_MULTILIB_ARCH_V7M=1' '--with-target-subdir=arm-rtems4.11' '--exec-prefix=/home/develop/smbshare/rtems-work/rtems_build/../rtems_stm32f4xx/arm-rtems4.11' '--includedir=/home/develop/smbshare/rtems-work/rtems_build/../rtems_stm32f4xx/arm-rtems4.11/include' 'build_alias=i686-pc-linux-gnu' 'host_alias=arm-rtems4.11' 'target_alias=arm-rtems4.11' '--with-project-root=../../' '--with-project-top=../../' 'RTEMS_BSP=stm32f4xx' 'RTEMS_BSP_FAMILY=stm32f4xx' 'CFLAGS=-march=armv7-m -mthumb -mtune=cortex-m4 -O2 -g -fdata-sections -ffunction-sections -Wall -Wmissing-prototypes -Wimplicit-function-declaration -Wstrict-prototypes -Wnested-externs' --cache-file=/dev/null --srcdir=../../../../../../../rtems/c/src/lib/libcpu/arm
configure:7023: === configuring in lib/libbsp/arm (/home/develop/smbshare/rtems-work/rtems_build/arm-rtems4.11/c/stm32f4xx/lib/libbsp/arm)
configure:7086: running /bin/sh ../../../../../../../rtems/c/src/lib/libbsp/arm/configure --disable-option-checking '--prefix=/home/develop/smbshare/rtems-work/rtems_build/../rtems_stm32f4xx'  '--host=arm-rtems4.11' '--build=i686-pc-linux-gnu' '--target=arm-rtems4.11' '--disable-maintainer-mode' '--disable-multiprocessing' '--disable-posix' '--disable-networking' '--enable-cxx' '--enable-tests=samples' '--enable-rtems-debug' '--disable-multilib' '--disable-paravirt' '--disable-drvmgr' '--disable-docs' 'STM32F4XX_FAMILY_STM32F469_479xx=1' 'STM32F4XX_HSE_OSCILLATOR=8000000' 'STM32F4XX_ENABLE_USART_3=1' 'STM32F4XX_ENABLE_USART_6=1' 'STM32F4XX_ENABLE_LED_1=1' 'STM32F4XX_ENABLE_LED_2=1' 'STM32F4XX_ENABLE_LED_3=1' 'STM32F4XX_ENABLE_LED_4=1' 'USE_STDPERIPH_DRIVER=1' 'ARM_MULTILIB_ARCH_V7M=1' '--with-target-subdir=arm-rtems4.11' '--exec-prefix=/home/develop/smbshare/rtems-work/rtems_build/../rtems_stm32f4xx/arm-rtems4.11' '--includedir=/home/develop/smbshare/rtems-work/rtems_build/../rtems_stm32f4xx/arm-rtems4.11/include' 'build_alias=i686-pc-linux-gnu' 'host_alias=arm-rtems4.11' 'target_alias=arm-rtems4.11' '--with-project-root=../../' '--with-project-top=../../' 'RTEMS_BSP=stm32f4xx' 'RTEMS_BSP_FAMILY=stm32f4xx' 'CFLAGS=-march=armv7-m -mthumb -mtune=cortex-m4 -O2 -g -fdata-sections -ffunction-sections -Wall -Wmissing-prototypes -Wimplicit-function-declaration -Wstrict-prototypes -Wnested-externs' --cache-file=/dev/null --srcdir=../../../../../../../rtems/c/src/lib/libbsp/arm
configure:7023: === configuring in librtems++ (/home/develop/smbshare/rtems-work/rtems_build/arm-rtems4.11/c/stm32f4xx/librtems++)
configure:7086: running /bin/sh ../../../../../rtems/c/src/librtems++/configure --disable-option-checking '--prefix=/home/develop/smbshare/rtems-work/rtems_build/../rtems_stm32f4xx'  '--host=arm-rtems4.11' '--build=i686-pc-linux-gnu' '--target=arm-rtems4.11' '--disable-maintainer-mode' '--disable-multiprocessing' '--disable-posix' '--disable-networking' '--enable-cxx' '--enable-tests=samples' '--enable-rtems-debug' '--disable-multilib' '--disable-paravirt' '--disable-drvmgr' '--disable-docs' 'STM32F4XX_FAMILY_STM32F469_479xx=1' 'STM32F4XX_HSE_OSCILLATOR=8000000' 'STM32F4XX_ENABLE_USART_3=1' 'STM32F4XX_ENABLE_USART_6=1' 'STM32F4XX_ENABLE_LED_1=1' 'STM32F4XX_ENABLE_LED_2=1' 'STM32F4XX_ENABLE_LED_3=1' 'STM32F4XX_ENABLE_LED_4=1' 'USE_STDPERIPH_DRIVER=1' 'ARM_MULTILIB_ARCH_V7M=1' '--with-target-subdir=arm-rtems4.11' '--exec-prefix=/home/develop/smbshare/rtems-work/rtems_build/../rtems_stm32f4xx/arm-rtems4.11' '--includedir=/home/develop/smbshare/rtems-work/rtems_build/../rtems_stm32f4xx/arm-rtems4.11/include' 'build_alias=i686-pc-linux-gnu' 'host_alias=arm-rtems4.11' 'target_alias=arm-rtems4.11' '--with-project-root=../../' '--with-project-top=../../' 'RTEMS_BSP=stm32f4xx' 'RTEMS_BSP_FAMILY=stm32f4xx' 'CFLAGS=-march=armv7-m -mthumb -mtune=cortex-m4 -O2 -g -fdata-sections -ffunction-sections -Wall -Wmissing-prototypes -Wimplicit-function-declaration -Wstrict-prototypes -Wnested-externs' --cache-file=/dev/null --srcdir=../../../../../rtems/c/src/librtems++

## ---------------- ##
## Cache variables. ##
## ---------------- ##

ac_cv_build=i686-pc-linux-gnu
ac_cv_c_compiler_gnu=yes
ac_cv_env_CCASFLAGS_set=
ac_cv_env_CCASFLAGS_value=
ac_cv_env_CCAS_set=
ac_cv_env_CCAS_value=
ac_cv_env_CC_set=
ac_cv_env_CC_value=
ac_cv_env_CFLAGS_OPTIMIZE_V='-O2 -g -fdata-sections -ffunction-sections'
ac_cv_env_CFLAGS_set=
ac_cv_env_CFLAGS_value=
ac_cv_env_CPPFLAGS_set=
ac_cv_env_CPPFLAGS_value=
ac_cv_env_CPP_set=
ac_cv_env_CPP_value=
ac_cv_env_CPU_CFLAGS='-march=armv7-m -mthumb -mtune=cortex-m4'
ac_cv_env_LDFLAGS_set=
ac_cv_env_LDFLAGS_value=
ac_cv_env_LIBS_set=
ac_cv_env_LIBS_value=
ac_cv_env_RTEMS_BSP_FAMILY=stm32f4xx
ac_cv_env_RTEMS_BSP_FAMILY_set=
ac_cv_env_RTEMS_BSP_FAMILY_value=
ac_cv_env_RTEMS_BSP_set=set
ac_cv_env_RTEMS_BSP_value=stm32f4xx
ac_cv_env_RTEMS_CPU_MODEL=
ac_cv_env_RTEMS_CPU_MODEL_set=
ac_cv_env_RTEMS_CPU_MODEL_value=
ac_cv_env_build_alias_set=set
ac_cv_env_build_alias_value=i686-pc-linux-gnu
ac_cv_env_host_alias_set=set
ac_cv_env_host_alias_value=arm-rtems4.11
ac_cv_env_target_alias_set=set
ac_cv_env_target_alias_value=arm-rtems4.11
ac_cv_host=arm-unknown-rtems4.11
ac_cv_objext=o
ac_cv_path_PERL=/usr/bin/perl
ac_cv_path_install='/usr/bin/install -c'
ac_cv_path_mkdir=/bin/mkdir
ac_cv_prog_AR=arm-rtems4.11-ar
ac_cv_prog_AS=arm-rtems4.11-as
ac_cv_prog_AWK=gawk
ac_cv_prog_CC=arm-rtems4.11-gcc
ac_cv_prog_CPP='arm-rtems4.11-gcc -E'
ac_cv_prog_LD=arm-rtems4.11-ld
ac_cv_prog_MAKE=gmake
ac_cv_prog_RANLIB=arm-rtems4.11-ranlib
ac_cv_prog_STRIP=arm-rtems4.11-strip
ac_cv_prog_cc_arm_rtems4_11_gcc_c_o=yes
ac_cv_prog_cc_c89=
ac_cv_prog_cc_g=yes
ac_cv_prog_make_gmake_set=yes
am_cv_CCAS_dependencies_compiler_type=gcc3
am_cv_CC_dependencies_compiler_type=gcc3
rtems_cv_CFLAGS_set=
rtems_cv_HAS_MP=no
rtems_cv_HAS_NETWORKING=disabled
rtems_cv_HAS_POSIX_API=disabled
rtems_cv_RTEMS_BSP=stm32f4xx
rtems_cv_cc_attribute_weak=yes
rtems_cv_gcc_isystem=yes
rtems_cv_gcc_pipe=yes
rtems_cv_gcc_specs=yes
rtems_cv_want_multiprocessing=no

## ----------------- ##
## Output variables. ##
## ----------------- ##

ACLOCAL='${SHELL} /home/develop/smbshare/rtems-work/rtems/missing --run aclocal-1.12'
AMDEPBACKSLASH='\'
AMDEP_FALSE='#'
AMDEP_TRUE=''
AMPOLISH3='$(PERL) /home/develop/smbshare/rtems-work/rtems/ampolish3'
AMPOLISH3_FALSE=''
AMPOLISH3_TRUE='#'
AMTAR='$${TAR-tar}'
AR='arm-rtems4.11-ar'
AS='arm-rtems4.11-as'
AUTOCONF='${SHELL} /home/develop/smbshare/rtems-work/rtems/missing --run autoconf'
AUTOHEADER='${SHELL} /home/develop/smbshare/rtems-work/rtems/missing --run autoheader'
AUTOMAKE='${SHELL} /home/develop/smbshare/rtems-work/rtems/missing --run automake-1.12'
AWK='gawk'
BSP_SUBDIRS=' cpukit make lib libchip librtems++ support wrapup testsuites'
CC='arm-rtems4.11-gcc --pipe'
CCAS='arm-rtems4.11-gcc --pipe'
CCASDEPMODE='depmode=gcc3'
CCASFLAGS='-march=armv7-m -mthumb -mtune=cortex-m4 -O2 -g -fdata-sections -ffunction-sections'
CCDEPMODE='depmode=gcc3'
CFLAGS='-march=armv7-m -mthumb -mtune=cortex-m4 -O2 -g -fdata-sections -ffunction-sections -Wall -Wmissing-prototypes -Wimplicit-function-declaration -Wstrict-prototypes -Wnested-externs'
CPP='arm-rtems4.11-gcc -E'
CPPFLAGS=''
CUSTOM_CFG_FILES=' make/custom/stm32f4xx.cfg'
CYGPATH_W='echo'
DEFS='-DPACKAGE_NAME=\"rtems-c-src\" -DPACKAGE_TARNAME=\"rtems-c-src\" -DPACKAGE_VERSION=\"4.10.99.0\" -DPACKAGE_STRING=\"rtems-c-src\ 4.10.99.0\" -DPACKAGE_BUGREPORT=\"https://devel.rtems.org/newticket\" -DPACKAGE_URL=\"\"'
DEPDIR='.deps'
ECHO_C=''
ECHO_N='-n'
ECHO_T=''
EXEEXT=''
GCCSPECS='-B$(PROJECT_ROOT)/lib/ -B$(PROJECT_ROOT)/stm32f4xx/lib/ -specs bsp_specs -qrtems'
HAS_MP_FALSE=''
HAS_MP_TRUE='#'
HAS_NETWORKING='no'
HAS_NETWORKING_FALSE=''
HAS_NETWORKING_TRUE='#'
HAS_POSIX_API='no'
INSTALL_DATA='${INSTALL} -m 644'
INSTALL_PROGRAM='${INSTALL}'
INSTALL_SCRIPT='${INSTALL}'
INSTALL_STRIP_PROGRAM='$(install_sh) -c -s'
LD='arm-rtems4.11-ld'
LDFLAGS=''
LIBOBJS=''
LIBS=''
LTLIBOBJS=''
MAINT='#'
MAINTAINER_MODE_FALSE=''
MAINTAINER_MODE_TRUE='#'
MAKE='gmake'
MAKEINFO='${SHELL} /home/develop/smbshare/rtems-work/rtems/missing --run makeinfo'
MKDIR_P='/bin/mkdir -p'
MULTILIB_FALSE=''
MULTILIB_TRUE='#'
OBJEXT='o'
PACKAGE='rtems-c-src'
PACKAGE_BUGREPORT='https://devel.rtems.org/newticket'
PACKAGE_NAME='rtems-c-src'
PACKAGE_STRING='rtems-c-src 4.10.99.0'
PACKAGE_TARNAME='rtems-c-src'
PACKAGE_URL=''
PACKAGE_VERSION='4.10.99.0'
PATH_SEPARATOR=':'
PERL='/usr/bin/perl'
PROJECT_INCLUDE='$(PROJECT_ROOT)/stm32f4xx/lib/include'
PROJECT_LIB='$(PROJECT_ROOT)/stm32f4xx/lib'
PROJECT_RELEASE='$(PROJECT_ROOT)/stm32f4xx'
PROJECT_ROOT='../../$(top_builddir)'
PROJECT_TOPdir='../../../$(top_builddir)'
RANLIB='arm-rtems4.11-ranlib'
RTEMS_ADA_FALSE=''
RTEMS_ADA_TRUE='#'
RTEMS_BSP='stm32f4xx'
RTEMS_BSP_FAMILY='stm32f4xx'
RTEMS_CCASFLAGS='-DASM'
RTEMS_CPPFLAGS='-isystem $(PROJECT_INCLUDE)'
RTEMS_CPU='arm'
RTEMS_CPU_MODEL=''
RTEMS_HAS_NETWORKING='no'
RTEMS_HAS_POSIX_API='no'
RTEMS_RELLDFLAGS='-qnolinkcmds -nostdlib -r'
RTEMS_TOPdir='../..'
SET_MAKE=''
SHELL='/bin/sh'
STRIP='arm-rtems4.11-strip'
VERSION='4.10.99.0'
ac_ct_CC=''
am__EXEEXT_FALSE=''
am__EXEEXT_TRUE='#'
am__fastdepCCAS_FALSE='#'
am__fastdepCCAS_TRUE=''
am__fastdepCC_FALSE='#'
am__fastdepCC_TRUE=''
am__include='include'
am__isrc=' -I$(srcdir)'
am__leading_dot='.'
am__nodep='_no'
am__quote=''
am__tar='$${TAR-tar} chof - "$$tardir"'
am__untar='$${TAR-tar} xf -'
bindir='${exec_prefix}/bin'
build='i686-pc-linux-gnu'
build_alias='i686-pc-linux-gnu'
build_cpu='i686'
build_os='linux-gnu'
build_vendor='pc'
datadir='${datarootdir}'
datarootdir='${prefix}/share'
dirstamp='${am__leading_dot}dirstamp'
docdir='${datarootdir}/doc/${PACKAGE_TARNAME}'
dvidir='${docdir}'
exec_prefix='/home/develop/smbshare/rtems-work/rtems_build/../rtems_stm32f4xx/arm-rtems4.11'
host='arm-unknown-rtems4.11'
host_alias='arm-rtems4.11'
host_cpu='arm'
host_os='rtems4.11'
host_vendor='unknown'
htmldir='${docdir}'
includedir='${exec_prefix}/stm32f4xx/lib/include'
infodir='${datarootdir}/info'
install_sh='${SHELL} /home/develop/smbshare/rtems-work/rtems/install-sh'
libbsp_cpu_subdir='arm'
libcpu_cpu_subdir='arm'
libdir='${exec_prefix}/stm32f4xx/lib'
libexecdir='${exec_prefix}/libexec'
localedir='${datarootdir}/locale'
localstatedir='${prefix}/var'
mandir='${datarootdir}/man'
mkdir_p='$(MKDIR_P)'
oldincludedir='/usr/include'
pdfdir='${docdir}'
pkgdatadir='${datadir}/rtems4.11'
prefix='/home/develop/smbshare/rtems-work/rtems_build/../rtems_stm32f4xx'
program_transform_name='s,x,x,'
project_includedir='$(includedir)'
project_libdir='$(libdir)'
psdir='${docdir}'
sbindir='${exec_prefix}/sbin'
sharedstatedir='${prefix}/com'
subdirs=' make lib/libcpu/arm lib/libbsp/arm librtems++'
sysconfdir='${prefix}/etc'
target_alias='arm-rtems4.11'

## ----------- ##
## confdefs.h. ##
## ----------- ##

/* confdefs.h */
#define PACKAGE_NAME "rtems-c-src"
#define PACKAGE_TARNAME "rtems-c-src"
#define PACKAGE_VERSION "4.10.99.0"
#define PACKAGE_STRING "rtems-c-src 4.10.99.0"
#define PACKAGE_BUGREPORT "https://devel.rtems.org/newticket"
#define PACKAGE_URL ""

configure: exit 0

## ---------------------- ##
## Running config.status. ##
## ---------------------- ##

This file was extended by rtems-c-src config.status 4.10.99.0, which was
generated by GNU Autoconf 2.69.  Invocation command line was

  CONFIG_FILES    = 
  CONFIG_HEADERS  = 
  CONFIG_LINKS    = 
  CONFIG_COMMANDS = 
  $ ./config.status --file=arm-rtems4.11-stm32f4xx.pc:../../../../rtems/c/src/bsp.pc.in

on localhost.localdomain

config.status:838: creating arm-rtems4.11-stm32f4xx.pc
