This file contains any messages produced by compilers while
running configure, to aid debugging if configure makes a mistake.

It was created by rtems-c configure 4.10.99.0, which was
generated by GNU Autoconf 2.69.  Invocation command line was

  $ /home/develop/smbshare/rtems-work/rtems/c/configure --prefix=/home/develop/smbshare/rtems-work/rtems --host=arm-rtems4.11 --build=i686-pc-linux-gnu --target=arm-rtems4.11 --disable-maintainer-mode --disable-multiprocessing --enable-posix --enable-networking --enable-cxx --enable-tests=samples --enable-rtems-debug --disable-multilib --disable-paravirt --disable-drvmgr --disable-docs --enable-rtemsbsp=stm32f4xx STM32F4XX_FAMILY_STM32F469_479xx=1 STM32F4XX_HSE_OSCILLATOR=8000000 STM32F4XX_ENABLE_USART_3=1 STM32F4XX_ENABLE_USART_6=1 STM32F4XX_ENABLE_LED_1=1 STM32F4XX_ENABLE_LED_2=1 STM32F4XX_ENABLE_LED_3=1 STM32F4XX_ENABLE_LED_4=1 STM32F4XX_ENABLE_I2C1=1 STM32F4XX_ENABLE_EXTI0=1 ARM_MULTILIB_ARCH_V7M=1 --with-target-subdir=arm-rtems4.11 --exec-prefix=/home/develop/smbshare/rtems-work/rtems/arm-rtems4.11 --includedir=/home/develop/smbshare/rtems-work/rtems/arm-rtems4.11/include --cache-file=/dev/null --srcdir=/home/develop/smbshare/rtems-work/rtems/c

## --------- ##
## Platform. ##
## --------- ##

hostname = localhost.localdomain
uname -m = i686
uname -r = 2.6.32-504.12.2.el6.i686
uname -s = Linux
uname -v = #1 SMP Wed Mar 11 19:05:53 UTC 2015

/usr/bin/uname -p = unknown
/bin/uname -X     = unknown

/bin/arch              = i686
/usr/bin/arch -k       = unknown
/usr/convex/getsysinfo = unknown
/usr/bin/hostinfo      = unknown
/bin/machine           = unknown
/usr/bin/oslevel       = unknown
/bin/universe          = unknown

PATH: /home/develop/bin/arm-rtems4.11/bin
PATH: /opt/ecos/gnutools/arm-eabi/bin
PATH: /home/develop/bin/arm-rtems4.11/bin
PATH: /usr/lib/qt-3.3/bin
PATH: /usr/local/bin
PATH: /usr/bin
PATH: /bin
PATH: /usr/local/sbin
PATH: /usr/sbin
PATH: /sbin
PATH: /home/develop/bin


## ----------- ##
## Core tests. ##
## ----------- ##

configure:1777: checking for gmake
configure:1793: found /usr/bin/gmake
configure:1804: result: gmake
configure:1829: checking for RTEMS Version
configure:1831: result: 4.10.99.0
configure:1841: checking build system type
configure:1855: result: i686-pc-linux-gnu
configure:1875: checking host system type
configure:1888: result: arm-unknown-rtems4.11
configure:1908: checking target system type
configure:1921: result: arm-unknown-rtems4.11
configure:1949: checking rtems target cpu
configure:1960: result: arm
configure:1980: checking for a BSD-compatible install
configure:2048: result: /usr/bin/install -c
configure:2059: checking whether build environment is sane
configure:2114: result: yes
configure:2173: checking for arm-rtems4.11-strip
configure:2189: found /home/develop/bin/arm-rtems4.11/bin/arm-rtems4.11-strip
configure:2200: result: arm-rtems4.11-strip
configure:2265: checking for a thread-safe mkdir -p
configure:2304: result: /bin/mkdir -p
configure:2311: checking for gawk
configure:2327: found /usr/bin/gawk
configure:2338: result: gawk
configure:2349: checking whether gmake sets $(MAKE)
configure:2371: result: yes
configure:2449: checking whether to enable maintainer-specific portions of Makefiles
configure:2458: result: no
configure:2784: checking that generated files are newer than configure
configure:2790: result: done
configure:2802: creating ./config.status

## ---------------------- ##
## Running config.status. ##
## ---------------------- ##

This file was extended by rtems-c config.status 4.10.99.0, which was
generated by GNU Autoconf 2.69.  Invocation command line was

  CONFIG_FILES    = 
  CONFIG_HEADERS  = 
  CONFIG_LINKS    = 
  CONFIG_COMMANDS = 
  $ ./config.status 

on localhost.localdomain

config.status:773: creating Makefile

## ---------------- ##
## Cache variables. ##
## ---------------- ##

ac_cv_build=i686-pc-linux-gnu
ac_cv_env_build_alias_set=set
ac_cv_env_build_alias_value=i686-pc-linux-gnu
ac_cv_env_host_alias_set=set
ac_cv_env_host_alias_value=arm-rtems4.11
ac_cv_env_target_alias_set=set
ac_cv_env_target_alias_value=arm-rtems4.11
ac_cv_host=arm-unknown-rtems4.11
ac_cv_path_install='/usr/bin/install -c'
ac_cv_path_mkdir=/bin/mkdir
ac_cv_prog_AWK=gawk
ac_cv_prog_MAKE=gmake
ac_cv_prog_STRIP=arm-rtems4.11-strip
ac_cv_prog_make_gmake_set=yes
ac_cv_target=arm-unknown-rtems4.11

## ----------------- ##
## Output variables. ##
## ----------------- ##

ACLOCAL='${SHELL} /home/develop/smbshare/rtems-work/rtems/missing --run aclocal-1.12'
AMTAR='$${TAR-tar}'
AUTOCONF='${SHELL} /home/develop/smbshare/rtems-work/rtems/missing --run autoconf'
AUTOHEADER='${SHELL} /home/develop/smbshare/rtems-work/rtems/missing --run autoheader'
AUTOMAKE='${SHELL} /home/develop/smbshare/rtems-work/rtems/missing --run automake-1.12'
AWK='gawk'
CYGPATH_W='echo'
DEFS='-DPACKAGE_NAME=\"rtems-c\" -DPACKAGE_TARNAME=\"rtems-c\" -DPACKAGE_VERSION=\"4.10.99.0\" -DPACKAGE_STRING=\"rtems-c\ 4.10.99.0\" -DPACKAGE_BUGREPORT=\"https://devel.rtems.org/newticket\" -DPACKAGE_URL=\"\"'
ECHO_C=''
ECHO_N='-n'
ECHO_T=''
INSTALL_DATA='${INSTALL} -m 644'
INSTALL_PROGRAM='${INSTALL}'
INSTALL_SCRIPT='${INSTALL}'
INSTALL_STRIP_PROGRAM='$(install_sh) -c -s'
LIBOBJS=''
LIBS=''
LTLIBOBJS=''
MAINT='#'
MAINTAINER_MODE_FALSE=''
MAINTAINER_MODE_TRUE='#'
MAKE='gmake'
MAKEINFO='${SHELL} /home/develop/smbshare/rtems-work/rtems/missing --run makeinfo'
MKDIR_P='/bin/mkdir -p'
PACKAGE='rtems-c'
PACKAGE_BUGREPORT='https://devel.rtems.org/newticket'
PACKAGE_NAME='rtems-c'
PACKAGE_STRING='rtems-c 4.10.99.0'
PACKAGE_TARNAME='rtems-c'
PACKAGE_URL=''
PACKAGE_VERSION='4.10.99.0'
PATH_SEPARATOR=':'
PROJECT_ROOT='../$(top_builddir)'
PROJECT_TOPdir='../../$(top_builddir)'
RTEMS_BSP_LIST=' stm32f4xx'
RTEMS_CPU='arm'
RTEMS_TOPdir='..'
SET_MAKE=''
SHELL='/bin/sh'
STRIP='arm-rtems4.11-strip'
VERSION='4.10.99.0'
am__isrc=' -I$(srcdir)'
am__leading_dot='.'
am__tar='$${TAR-tar} chof - "$$tardir"'
am__untar='$${TAR-tar} xf -'
bindir='${exec_prefix}/bin'
build='i686-pc-linux-gnu'
build_alias='i686-pc-linux-gnu'
build_cpu='i686'
build_os='linux-gnu'
build_vendor='pc'
datadir='${datarootdir}'
datarootdir='${prefix}/share'
docdir='${datarootdir}/doc/${PACKAGE_TARNAME}'
dvidir='${docdir}'
exec_prefix='/home/develop/smbshare/rtems-work/rtems/arm-rtems4.11'
host='arm-unknown-rtems4.11'
host_alias='arm-rtems4.11'
host_cpu='arm'
host_os='rtems4.11'
host_vendor='unknown'
htmldir='${docdir}'
includedir='/home/develop/smbshare/rtems-work/rtems/arm-rtems4.11/include'
infodir='${datarootdir}/info'
install_sh='${SHELL} /home/develop/smbshare/rtems-work/rtems/install-sh'
libdir='${exec_prefix}/lib'
libexecdir='${exec_prefix}/libexec'
localedir='${datarootdir}/locale'
localstatedir='${prefix}/var'
mandir='${datarootdir}/man'
mkdir_p='$(MKDIR_P)'
oldincludedir='/usr/include'
pdfdir='${docdir}'
pkgdatadir='${datarootdir}/rtems4.11'
prefix='/home/develop/smbshare/rtems-work/rtems'
program_transform_name='s&^&arm-rtems4.11-&'
psdir='${docdir}'
rtems_bsp_configure='/home/develop/smbshare/rtems-work/rtems/c/src/configure  '\''--prefix=/home/develop/smbshare/rtems-work/rtems'\'' '\''--host=arm-rtems4.11'\'' '\''--build=i686-pc-linux-gnu'\'' '\''--target=arm-rtems4.11'\'' '\''--disable-maintainer-mode'\'' '\''--disable-multiprocessing'\'' '\''--enable-posix'\'' '\''--enable-networking'\'' '\''--enable-cxx'\'' '\''--enable-tests=samples'\'' '\''--enable-rtems-debug'\'' '\''--disable-multilib'\'' '\''--disable-paravirt'\'' '\''--disable-drvmgr'\'' '\''--disable-docs'\'' '\''STM32F4XX_FAMILY_STM32F469_479xx=1'\'' '\''STM32F4XX_HSE_OSCILLATOR=8000000'\'' '\''STM32F4XX_ENABLE_USART_3=1'\'' '\''STM32F4XX_ENABLE_USART_6=1'\'' '\''STM32F4XX_ENABLE_LED_1=1'\'' '\''STM32F4XX_ENABLE_LED_2=1'\'' '\''STM32F4XX_ENABLE_LED_3=1'\'' '\''STM32F4XX_ENABLE_LED_4=1'\'' '\''STM32F4XX_ENABLE_I2C1=1'\'' '\''STM32F4XX_ENABLE_EXTI0=1'\'' '\''ARM_MULTILIB_ARCH_V7M=1'\'' '\''--with-target-subdir=arm-rtems4.11'\'' '\''--exec-prefix=/home/develop/smbshare/rtems-work/rtems/arm-rtems4.11'\'' '\''--includedir=/home/develop/smbshare/rtems-work/rtems/arm-rtems4.11/include'\'' '\''build_alias=i686-pc-linux-gnu'\'' '\''host_alias=arm-rtems4.11'\'' '\''target_alias=arm-rtems4.11'\'' '\''--with-project-root=../../'\'' '\''--with-project-top=../../'\'''
sbindir='${exec_prefix}/sbin'
sharedstatedir='${prefix}/com'
sysconfdir='${prefix}/etc'
target='arm-unknown-rtems4.11'
target_alias='arm-rtems4.11'
target_cpu='arm'
target_os='rtems4.11'
target_vendor='unknown'

## ----------- ##
## confdefs.h. ##
## ----------- ##

/* confdefs.h */
#define PACKAGE_NAME "rtems-c"
#define PACKAGE_TARNAME "rtems-c"
#define PACKAGE_VERSION "4.10.99.0"
#define PACKAGE_STRING "rtems-c 4.10.99.0"
#define PACKAGE_BUGREPORT "https://devel.rtems.org/newticket"
#define PACKAGE_URL ""

configure: exit 0
