This file contains any messages produced by compilers while
running configure, to aid debugging if configure makes a mistake.

It was created by rtems-c-src-make configure 4.10.99.0, which was
generated by GNU Autoconf 2.69.  Invocation command line was

  $ ../../../../../rtems/c/src/make/configure --disable-option-checking --prefix=/home/develop/smbshare/rtems-work/rtems_build/../rtems_stm32f4xx --host=arm-rtems4.11 --build=i686-pc-linux-gnu --target=arm-rtems4.11 --disable-maintainer-mode --disable-multiprocessing --disable-posix --disable-networking --enable-cxx --enable-tests=samples --enable-rtems-debug --disable-multilib --disable-paravirt --disable-drvmgr --disable-docs STM32F4XX_FAMILY_STM32F469_479xx=1 STM32F4XX_HSE_OSCILLATOR=8000000 STM32F4XX_ENABLE_USART_3=1 STM32F4XX_ENABLE_USART_6=1 STM32F4XX_ENABLE_LED_1=1 STM32F4XX_ENABLE_LED_2=1 STM32F4XX_ENABLE_LED_3=1 STM32F4XX_ENABLE_LED_4=1 USE_STDPERIPH_DRIVER=1 ARM_MULTILIB_ARCH_V7M=1 --with-target-subdir=arm-rtems4.11 --exec-prefix=/home/develop/smbshare/rtems-work/rtems_build/../rtems_stm32f4xx/arm-rtems4.11 --includedir=/home/develop/smbshare/rtems-work/rtems_build/../rtems_stm32f4xx/arm-rtems4.11/include build_alias=i686-pc-linux-gnu host_alias=arm-rtems4.11 target_alias=arm-rtems4.11 --with-project-root=../../ --with-project-top=../../ RTEMS_BSP=stm32f4xx RTEMS_BSP_FAMILY=stm32f4xx CFLAGS=-march=armv7-m -mthumb -mtune=cortex-m4 -O2 -g -fdata-sections -ffunction-sections -Wall -Wmissing-prototypes -Wimplicit-function-declaration -Wstrict-prototypes -Wnested-externs --cache-file=/dev/null --srcdir=../../../../../rtems/c/src/make

## --------- ##
## Platform. ##
## --------- ##

hostname = localhost.localdomain
uname -m = i686
uname -r = 2.6.32-504.12.2.el6.i686
uname -s = Linux
uname -v = #1 SMP Wed Mar 11 19:05:53 UTC 2015

/usr/bin/uname -p = unknown
/bin/uname -X     = unknown

/bin/arch              = i686
/usr/bin/arch -k       = unknown
/usr/convex/getsysinfo = unknown
/usr/bin/hostinfo      = unknown
/bin/machine           = unknown
/usr/bin/oslevel       = unknown
/bin/universe          = unknown

PATH: /home/develop/bin/arm-rtems4.11/bin
PATH: /opt/ecos/gnutools/arm-eabi/bin
PATH: /home/develop/bin/arm-rtems4.11/bin
PATH: /usr/lib/qt-3.3/bin
PATH: /usr/local/bin
PATH: /usr/bin
PATH: /bin
PATH: /usr/local/sbin
PATH: /usr/sbin
PATH: /sbin
PATH: /home/develop/bin


## ----------- ##
## Core tests. ##
## ----------- ##

configure:2069: checking for gmake
configure:2085: found /usr/bin/gmake
configure:2096: result: gmake
configure:2139: checking build system type
configure:2153: result: i686-pc-linux-gnu
configure:2173: checking host system type
configure:2186: result: arm-unknown-rtems4.11
configure:2207: checking rtems target cpu
configure:2216: result: arm
configure:2242: checking for a BSD-compatible install
configure:2310: result: /usr/bin/install -c
configure:2321: checking whether build environment is sane
configure:2376: result: yes
configure:2435: checking for arm-rtems4.11-strip
configure:2451: found /home/develop/bin/arm-rtems4.11/bin/arm-rtems4.11-strip
configure:2462: result: arm-rtems4.11-strip
configure:2527: checking for a thread-safe mkdir -p
configure:2566: result: /bin/mkdir -p
configure:2573: checking for gawk
configure:2589: found /usr/bin/gawk
configure:2600: result: gawk
configure:2611: checking whether gmake sets $(MAKE)
configure:2633: result: yes
configure:2702: checking whether to enable maintainer-specific portions of Makefiles
configure:2711: result: no
configure:2815: checking for RTEMS_BSP
configure:2827: result: stm32f4xx
configure:2849: checking for cat
configure:2867: found /bin/cat
configure:2879: result: /bin/cat
configure:2889: checking for cp
configure:2907: found /bin/cp
configure:2919: result: /bin/cp
configure:2929: checking for mv
configure:2947: found /bin/mv
configure:2959: result: /bin/mv
configure:2969: checking for ln
configure:2987: found /bin/ln
configure:2999: result: /bin/ln
configure:3007: checking whether ln -s works
configure:3011: result: yes
configure:3020: checking for chmod
configure:3038: found /bin/chmod
configure:3050: result: /bin/chmod
configure:3060: checking for sort
configure:3078: found /bin/sort
configure:3090: result: /bin/sort
configure:3101: checking for touch
configure:3119: found /bin/touch
configure:3131: result: /bin/touch
configure:3141: checking for cmp
configure:3159: found /usr/bin/cmp
configure:3171: result: /usr/bin/cmp
configure:3182: checking for sed
configure:3200: found /bin/sed
configure:3212: result: /bin/sed
configure:3224: checking for gm4
configure:3257: result: no
configure:3224: checking for m4
configure:3242: found /usr/bin/m4
configure:3254: result: /usr/bin/m4
configure:3271: checking for bash
configure:3289: found /bin/bash
configure:3301: result: /bin/bash
configure:3325: checking for perl
configure:3343: found /usr/bin/perl
configure:3355: result: /usr/bin/perl
configure:3391: checking for style of include used by gmake
configure:3419: result: GNU
configure:3451: checking for arm-rtems4.11-gcc
configure:3467: found /home/develop/bin/arm-rtems4.11/bin/arm-rtems4.11-gcc
configure:3478: result: arm-rtems4.11-gcc
configure:3497: checking for arm-rtems4.11-gcc
configure:3524: result: arm-rtems4.11-gcc
configure:3793: checking for C compiler version
configure:3802: arm-rtems4.11-gcc --version >&5
arm-rtems4.11-gcc (GCC) 4.9.3 20150626 (RTEMS 4.11, RSB 6b0d76cc9b43ac5aacb4ed87cabece1aa81c2b83, Newlib 2.2.0.20150423)
Copyright (C) 2015 Free Software Foundation, Inc.
This is free software; see the source for copying conditions.  There is NO
warranty; not even for MERCHANTABILITY or FITNESS FOR A PARTICULAR PURPOSE.

configure:3813: $? = 0
configure:3802: arm-rtems4.11-gcc -v >&5
Using built-in specs.
COLLECT_GCC=arm-rtems4.11-gcc
COLLECT_LTO_WRAPPER=/home/develop/bin/arm-rtems4.11/libexec/gcc/arm-rtems4.11/4.9.3/lto-wrapper
Target: arm-rtems4.11
Configured with: ../gcc-4.9.3/configure --prefix=/home/develop/bin/arm-rtems4.11 --bindir=/home/develop/bin/arm-rtems4.11/bin --exec_prefix=/home/develop/bin/arm-rtems4.11 --includedir=/home/develop/bin/arm-rtems4.11/include --libdir=/home/develop/bin/arm-rtems4.11/lib --libexecdir=/home/develop/bin/arm-rtems4.11/libexec --mandir=/home/develop/bin/arm-rtems4.11/share/man --infodir=/home/develop/bin/arm-rtems4.11/share/info --datadir=/home/develop/bin/arm-rtems4.11/share --build=i686-linux-gnu --host=i686-linux-gnu --target=arm-rtems4.11 --disable-libstdcxx-pch --with-gnu-as --with-gnu-ld --verbose --with-newlib --with-system-zlib --disable-nls --without-included-gettext --disable-win32-registry --enable-version-specific-runtime-libs --disable-lto --enable-newlib-io-c99-formats --enable-newlib-iconv --enable-newlib-iconv-encodings=big5,cp775,cp850,cp852,cp855,cp866,euc_jp,euc_kr,euc_tw,iso_8859_1,iso_8859_10,iso_8859_11,iso_8859_13,iso_8859_14,iso_8859_15,iso_8859_2,iso_8859_3,iso_8859_4,iso_8859_5,iso_8859_6,iso_8859_7,iso_8859_8,iso_8859_9,iso_ir_111,koi8_r,koi8_ru,koi8_u,koi8_uni,ucs_2,ucs_2_internal,ucs_2be,ucs_2le,ucs_4,ucs_4_internal,ucs_4be,ucs_4le,us_ascii,utf_16,utf_16be,utf_16le,utf_8,win_1250,win_1251,win_1252,win_1253,win_1254,win_1255,win_1256,win_1257,win_1258 --enable-threads --disable-plugin --enable-obsolete --enable-libgomp --enable-languages=c,c++
Thread model: rtems
gcc version 4.9.3 20150626 (RTEMS 4.11, RSB 6b0d76cc9b43ac5aacb4ed87cabece1aa81c2b83, Newlib 2.2.0.20150423) (GCC) 
configure:3813: $? = 0
configure:3802: arm-rtems4.11-gcc -V >&5
arm-rtems4.11-gcc: error: unrecognized command line option '-V'
arm-rtems4.11-gcc: fatal error: no input files
compilation terminated.
configure:3813: $? = 1
configure:3802: arm-rtems4.11-gcc -qversion >&5
arm-rtems4.11-gcc: error: unrecognized command line option '-qversion'
arm-rtems4.11-gcc: fatal error: no input files
compilation terminated.
configure:3813: $? = 1
configure:3833: checking whether the C compiler works
configure:3855: arm-rtems4.11-gcc -march=armv7-m -mthumb -mtune=cortex-m4 -O2 -g -fdata-sections -ffunction-sections -Wall -Wmissing-prototypes -Wimplicit-function-declaration -Wstrict-prototypes -Wnested-externs   conftest.c  >&5
conftest.c:11:1: warning: function declaration isn't a prototype [-Wstrict-prototypes]
 main ()
 ^
/home/develop/bin/arm-rtems4.11/lib/gcc/arm-rtems4.11/4.9.3/../../../../arm-rtems4.11/bin/ld: warning: cannot find entry symbol _start; defaulting to 00008000
configure:3859: $? = 0
configure:3907: result: yes
configure:3910: checking for C compiler default output file name
configure:3912: result: a.out
configure:3918: checking for suffix of executables
configure:3925: arm-rtems4.11-gcc -o conftest -march=armv7-m -mthumb -mtune=cortex-m4 -O2 -g -fdata-sections -ffunction-sections -Wall -Wmissing-prototypes -Wimplicit-function-declaration -Wstrict-prototypes -Wnested-externs   conftest.c  >&5
conftest.c:11:1: warning: function declaration isn't a prototype [-Wstrict-prototypes]
 main ()
 ^
/home/develop/bin/arm-rtems4.11/lib/gcc/arm-rtems4.11/4.9.3/../../../../arm-rtems4.11/bin/ld: warning: cannot find entry symbol _start; defaulting to 00008000
configure:3929: $? = 0
configure:3951: result: 
configure:3973: checking whether we are cross compiling
configure:4011: result: yes
configure:4016: checking for suffix of object files
configure:4038: arm-rtems4.11-gcc -c -march=armv7-m -mthumb -mtune=cortex-m4 -O2 -g -fdata-sections -ffunction-sections -Wall -Wmissing-prototypes -Wimplicit-function-declaration -Wstrict-prototypes -Wnested-externs  conftest.c >&5
conftest.c:11:1: warning: function declaration isn't a prototype [-Wstrict-prototypes]
 main ()
 ^
configure:4042: $? = 0
configure:4063: result: o
configure:4067: checking whether we are using the GNU C compiler
configure:4086: arm-rtems4.11-gcc -c -march=armv7-m -mthumb -mtune=cortex-m4 -O2 -g -fdata-sections -ffunction-sections -Wall -Wmissing-prototypes -Wimplicit-function-declaration -Wstrict-prototypes -Wnested-externs  conftest.c >&5
conftest.c:11:1: warning: function declaration isn't a prototype [-Wstrict-prototypes]
 main ()
 ^
configure:4086: $? = 0
configure:4095: result: yes
configure:4104: checking whether arm-rtems4.11-gcc accepts -g
configure:4124: arm-rtems4.11-gcc -c -g  conftest.c >&5
configure:4124: $? = 0
configure:4165: result: yes
configure:4182: checking for arm-rtems4.11-gcc option to accept ISO C89
configure:4245: arm-rtems4.11-gcc  -c -march=armv7-m -mthumb -mtune=cortex-m4 -O2 -g -fdata-sections -ffunction-sections -Wall -Wmissing-prototypes -Wimplicit-function-declaration -Wstrict-prototypes -Wnested-externs  conftest.c >&5
conftest.c:15:14: warning: function declaration isn't a prototype [-Wstrict-prototypes]
 static char *e (p, i)
              ^
conftest.c:52:1: warning: function declaration isn't a prototype [-Wstrict-prototypes]
 main ()
 ^
configure:4245: $? = 0
configure:4258: result: none needed
configure:4280: checking dependency style of arm-rtems4.11-gcc
configure:4391: result: gcc3
configure:4411: checking how to run the C preprocessor
configure:4442: arm-rtems4.11-gcc -E  conftest.c
configure:4442: $? = 0
configure:4456: arm-rtems4.11-gcc -E  conftest.c
conftest.c:9:28: fatal error: ac_nonexistent.h: No such file or directory
 #include <ac_nonexistent.h>
                            ^
compilation terminated.
configure:4456: $? = 1
configure: failed program was:
| /* confdefs.h */
| #define PACKAGE_NAME "rtems-c-src-make"
| #define PACKAGE_TARNAME "rtems-c-src-make"
| #define PACKAGE_VERSION "4.10.99.0"
| #define PACKAGE_STRING "rtems-c-src-make 4.10.99.0"
| #define PACKAGE_BUGREPORT "https://devel.rtems.org/newticket"
| #define PACKAGE_URL ""
| /* end confdefs.h.  */
| #include <ac_nonexistent.h>
configure:4481: result: arm-rtems4.11-gcc -E
configure:4501: arm-rtems4.11-gcc -E  conftest.c
configure:4501: $? = 0
configure:4515: arm-rtems4.11-gcc -E  conftest.c
conftest.c:9:28: fatal error: ac_nonexistent.h: No such file or directory
 #include <ac_nonexistent.h>
                            ^
compilation terminated.
configure:4515: $? = 1
configure: failed program was:
| /* confdefs.h */
| #define PACKAGE_NAME "rtems-c-src-make"
| #define PACKAGE_TARNAME "rtems-c-src-make"
| #define PACKAGE_VERSION "4.10.99.0"
| #define PACKAGE_STRING "rtems-c-src-make 4.10.99.0"
| #define PACKAGE_BUGREPORT "https://devel.rtems.org/newticket"
| #define PACKAGE_URL ""
| /* end confdefs.h.  */
| #include <ac_nonexistent.h>
configure:4545: checking whether arm-rtems4.11-gcc accepts -isystem
configure:4567: result: yes
configure:4571: checking whether arm-rtems4.11-gcc accepts --pipe
configure:4587: result: yes
configure:4593: checking whether arm-rtems4.11-gcc --pipe accepts -specs
configure:4610: result: yes
configure:4664: checking whether CPU supports SMP
configure:4679: result: disabled
configure:4699: checking for arm-rtems4.11-g++
configure:4715: found /home/develop/bin/arm-rtems4.11/bin/arm-rtems4.11-g++
configure:4726: result: arm-rtems4.11-g++
configure:4851: checking for C++ compiler version
configure:4860: arm-rtems4.11-g++ --version >&5
arm-rtems4.11-g++ (GCC) 4.9.3 20150626 (RTEMS 4.11, RSB 6b0d76cc9b43ac5aacb4ed87cabece1aa81c2b83, Newlib 2.2.0.20150423)
Copyright (C) 2015 Free Software Foundation, Inc.
This is free software; see the source for copying conditions.  There is NO
warranty; not even for MERCHANTABILITY or FITNESS FOR A PARTICULAR PURPOSE.

configure:4871: $? = 0
configure:4860: arm-rtems4.11-g++ -v >&5
Using built-in specs.
COLLECT_GCC=arm-rtems4.11-g++
COLLECT_LTO_WRAPPER=/home/develop/bin/arm-rtems4.11/libexec/gcc/arm-rtems4.11/4.9.3/lto-wrapper
Target: arm-rtems4.11
Configured with: ../gcc-4.9.3/configure --prefix=/home/develop/bin/arm-rtems4.11 --bindir=/home/develop/bin/arm-rtems4.11/bin --exec_prefix=/home/develop/bin/arm-rtems4.11 --includedir=/home/develop/bin/arm-rtems4.11/include --libdir=/home/develop/bin/arm-rtems4.11/lib --libexecdir=/home/develop/bin/arm-rtems4.11/libexec --mandir=/home/develop/bin/arm-rtems4.11/share/man --infodir=/home/develop/bin/arm-rtems4.11/share/info --datadir=/home/develop/bin/arm-rtems4.11/share --build=i686-linux-gnu --host=i686-linux-gnu --target=arm-rtems4.11 --disable-libstdcxx-pch --with-gnu-as --with-gnu-ld --verbose --with-newlib --with-system-zlib --disable-nls --without-included-gettext --disable-win32-registry --enable-version-specific-runtime-libs --disable-lto --enable-newlib-io-c99-formats --enable-newlib-iconv --enable-newlib-iconv-encodings=big5,cp775,cp850,cp852,cp855,cp866,euc_jp,euc_kr,euc_tw,iso_8859_1,iso_8859_10,iso_8859_11,iso_8859_13,iso_8859_14,iso_8859_15,iso_8859_2,iso_8859_3,iso_8859_4,iso_8859_5,iso_8859_6,iso_8859_7,iso_8859_8,iso_8859_9,iso_ir_111,koi8_r,koi8_ru,koi8_u,koi8_uni,ucs_2,ucs_2_internal,ucs_2be,ucs_2le,ucs_4,ucs_4_internal,ucs_4be,ucs_4le,us_ascii,utf_16,utf_16be,utf_16le,utf_8,win_1250,win_1251,win_1252,win_1253,win_1254,win_1255,win_1256,win_1257,win_1258 --enable-threads --disable-plugin --enable-obsolete --enable-libgomp --enable-languages=c,c++
Thread model: rtems
gcc version 4.9.3 20150626 (RTEMS 4.11, RSB 6b0d76cc9b43ac5aacb4ed87cabece1aa81c2b83, Newlib 2.2.0.20150423) (GCC) 
configure:4871: $? = 0
configure:4860: arm-rtems4.11-g++ -V >&5
arm-rtems4.11-g++: error: unrecognized command line option '-V'
arm-rtems4.11-g++: fatal error: no input files
compilation terminated.
configure:4871: $? = 1
configure:4860: arm-rtems4.11-g++ -qversion >&5
arm-rtems4.11-g++: error: unrecognized command line option '-qversion'
arm-rtems4.11-g++: fatal error: no input files
compilation terminated.
configure:4871: $? = 1
configure:4875: checking whether we are using the GNU C++ compiler
configure:4894: arm-rtems4.11-g++ -c -march=armv7-m -mthumb -mtune=cortex-m4 -O2 -g -fdata-sections -ffunction-sections -Wall -Wmissing-prototypes -Wimplicit-function-declaration -Wstrict-prototypes -Wnested-externs  conftest.cpp >&5
cc1plus: warning: command line option '-Wmissing-prototypes' is valid for C/ObjC but not for C++
cc1plus: warning: command line option '-Wimplicit-function-declaration' is valid for C/ObjC but not for C++
cc1plus: warning: command line option '-Wstrict-prototypes' is valid for C/ObjC but not for C++
cc1plus: warning: command line option '-Wnested-externs' is valid for C/ObjC but not for C++
configure:4894: $? = 0
configure:4903: result: yes
configure:4912: checking whether arm-rtems4.11-g++ accepts -g
configure:4932: arm-rtems4.11-g++ -c -g  conftest.cpp >&5
configure:4932: $? = 0
configure:4973: result: yes
configure:4998: checking dependency style of arm-rtems4.11-g++
configure:5109: result: gcc3
configure:5129: checking how to run the C++ preprocessor
configure:5156: arm-rtems4.11-g++ -E  conftest.cpp
configure:5156: $? = 0
configure:5170: arm-rtems4.11-g++ -E  conftest.cpp
conftest.cpp:9:28: fatal error: ac_nonexistent.h: No such file or directory
 #include <ac_nonexistent.h>
                            ^
compilation terminated.
configure:5170: $? = 1
configure: failed program was:
| /* confdefs.h */
| #define PACKAGE_NAME "rtems-c-src-make"
| #define PACKAGE_TARNAME "rtems-c-src-make"
| #define PACKAGE_VERSION "4.10.99.0"
| #define PACKAGE_STRING "rtems-c-src-make 4.10.99.0"
| #define PACKAGE_BUGREPORT "https://devel.rtems.org/newticket"
| #define PACKAGE_URL ""
| /* end confdefs.h.  */
| #include <ac_nonexistent.h>
configure:5195: result: arm-rtems4.11-g++ -E
configure:5215: arm-rtems4.11-g++ -E  conftest.cpp
configure:5215: $? = 0
configure:5229: arm-rtems4.11-g++ -E  conftest.cpp
conftest.cpp:9:28: fatal error: ac_nonexistent.h: No such file or directory
 #include <ac_nonexistent.h>
                            ^
compilation terminated.
configure:5229: $? = 1
configure: failed program was:
| /* confdefs.h */
| #define PACKAGE_NAME "rtems-c-src-make"
| #define PACKAGE_TARNAME "rtems-c-src-make"
| #define PACKAGE_VERSION "4.10.99.0"
| #define PACKAGE_STRING "rtems-c-src-make 4.10.99.0"
| #define PACKAGE_BUGREPORT "https://devel.rtems.org/newticket"
| #define PACKAGE_URL ""
| /* end confdefs.h.  */
| #include <ac_nonexistent.h>
configure:5284: checking for arm-rtems4.11-ar
configure:5300: found /home/develop/bin/arm-rtems4.11/bin/arm-rtems4.11-ar
configure:5312: result: arm-rtems4.11-ar
configure:5327: checking for arm-rtems4.11-as
configure:5343: found /home/develop/bin/arm-rtems4.11/bin/arm-rtems4.11-as
configure:5355: result: arm-rtems4.11-as
configure:5370: checking for arm-rtems4.11-ld
configure:5386: found /home/develop/bin/arm-rtems4.11/bin/arm-rtems4.11-ld
configure:5398: result: arm-rtems4.11-ld
configure:5414: checking for arm-rtems4.11-ranlib
configure:5430: found /home/develop/bin/arm-rtems4.11/bin/arm-rtems4.11-ranlib
configure:5442: result: arm-rtems4.11-ranlib
configure:5458: checking for arm-rtems4.11-size
configure:5474: found /home/develop/bin/arm-rtems4.11/bin/arm-rtems4.11-size
configure:5486: result: arm-rtems4.11-size
configure:5501: checking for arm-rtems4.11-nm
configure:5517: found /home/develop/bin/arm-rtems4.11/bin/arm-rtems4.11-nm
configure:5529: result: arm-rtems4.11-nm
configure:5544: checking for arm-rtems4.11-objcopy
configure:5560: found /home/develop/bin/arm-rtems4.11/bin/arm-rtems4.11-objcopy
configure:5572: result: arm-rtems4.11-objcopy
configure:5664: checking if wanting multiprocessing
configure:5682: result: no
configure:5720: checking whether BSP supports networking
configure:5739: result: disabled
configure:5748: checking whether CPU supports libposix
configure:5763: result: disabled
configure:5771: checking whether to build rtems++
configure:5786: result: yes
configure:5954: checking that generated files are newer than configure
configure:5960: result: done
configure:6007: creating ./config.status

## ---------------------- ##
## Running config.status. ##
## ---------------------- ##

This file was extended by rtems-c-src-make config.status 4.10.99.0, which was
generated by GNU Autoconf 2.69.  Invocation command line was

  CONFIG_FILES    = 
  CONFIG_HEADERS  = 
  CONFIG_LINKS    = 
  CONFIG_COMMANDS = 
  $ ./config.status 

on localhost.localdomain

config.status:853: creating Makefile
config.status:1022: linking ../../../../../rtems/c/src/make/leaf.cfg to leaf.cfg
config.status:1041: executing depfiles commands

## ---------------- ##
## Cache variables. ##
## ---------------- ##

ac_cv_build=i686-pc-linux-gnu
ac_cv_c_compiler_gnu=yes
ac_cv_cxx_compiler_gnu=yes
ac_cv_env_CCC_set=
ac_cv_env_CCC_value=
ac_cv_env_CC_set=
ac_cv_env_CC_value=
ac_cv_env_CFLAGS_set=set
ac_cv_env_CFLAGS_value='-march=armv7-m -mthumb -mtune=cortex-m4 -O2 -g -fdata-sections -ffunction-sections -Wall -Wmissing-prototypes -Wimplicit-function-declaration -Wstrict-prototypes -Wnested-externs'
ac_cv_env_CPPFLAGS_set=
ac_cv_env_CPPFLAGS_value=
ac_cv_env_CPP_set=
ac_cv_env_CPP_value=
ac_cv_env_CXXCPP_set=
ac_cv_env_CXXCPP_value=
ac_cv_env_CXXFLAGS_set=
ac_cv_env_CXXFLAGS_value=
ac_cv_env_CXX_set=
ac_cv_env_CXX_value=
ac_cv_env_LDFLAGS_set=
ac_cv_env_LDFLAGS_value=
ac_cv_env_LIBS_set=
ac_cv_env_LIBS_value=
ac_cv_env_RTEMS_BSP_FAMILY_set=set
ac_cv_env_RTEMS_BSP_FAMILY_value=stm32f4xx
ac_cv_env_RTEMS_BSP_set=set
ac_cv_env_RTEMS_BSP_value=stm32f4xx
ac_cv_env_RTEMS_CPU_MODEL_set=
ac_cv_env_RTEMS_CPU_MODEL_value=
ac_cv_env_build_alias_set=set
ac_cv_env_build_alias_value=i686-pc-linux-gnu
ac_cv_env_host_alias_set=set
ac_cv_env_host_alias_value=arm-rtems4.11
ac_cv_env_target_alias_set=set
ac_cv_env_target_alias_value=arm-rtems4.11
ac_cv_host=arm-unknown-rtems4.11
ac_cv_objext=o
ac_cv_path_CAT=/bin/cat
ac_cv_path_CHMOD=/bin/chmod
ac_cv_path_CMP=/usr/bin/cmp
ac_cv_path_CP=/bin/cp
ac_cv_path_KSH=/bin/bash
ac_cv_path_LN=/bin/ln
ac_cv_path_M4=/usr/bin/m4
ac_cv_path_MV=/bin/mv
ac_cv_path_PERL=/usr/bin/perl
ac_cv_path_SED=/bin/sed
ac_cv_path_SORT=/bin/sort
ac_cv_path_TOUCH=/bin/touch
ac_cv_path_install='/usr/bin/install -c'
ac_cv_path_mkdir=/bin/mkdir
ac_cv_prog_AR=arm-rtems4.11-ar
ac_cv_prog_AS=arm-rtems4.11-as
ac_cv_prog_AWK=gawk
ac_cv_prog_CC=arm-rtems4.11-gcc
ac_cv_prog_CPP='arm-rtems4.11-gcc -E'
ac_cv_prog_CXX=arm-rtems4.11-g++
ac_cv_prog_CXXCPP='arm-rtems4.11-g++ -E'
ac_cv_prog_LD=arm-rtems4.11-ld
ac_cv_prog_MAKE=gmake
ac_cv_prog_NM=arm-rtems4.11-nm
ac_cv_prog_OBJCOPY=arm-rtems4.11-objcopy
ac_cv_prog_RANLIB=arm-rtems4.11-ranlib
ac_cv_prog_SIZE=arm-rtems4.11-size
ac_cv_prog_STRIP=arm-rtems4.11-strip
ac_cv_prog_cc_c89=
ac_cv_prog_cc_g=yes
ac_cv_prog_cxx_g=yes
ac_cv_prog_make_gmake_set=yes
am_cv_CC_dependencies_compiler_type=gcc3
am_cv_CXX_dependencies_compiler_type=gcc3
rtems_cv_HAS_CPLUSPLUS=yes
rtems_cv_HAS_MP=no
rtems_cv_HAS_NETWORKING=disabled
rtems_cv_HAS_POSIX_API=disabled
rtems_cv_HAS_SMP=disabled
rtems_cv_RTEMS_BSP=stm32f4xx
rtems_cv_gcc_isystem=yes
rtems_cv_gcc_pipe=yes
rtems_cv_gcc_specs=yes
rtems_cv_want_multiprocessing=no

## ----------------- ##
## Output variables. ##
## ----------------- ##

ACLOCAL='${SHELL} /home/develop/smbshare/rtems-work/rtems/missing --run aclocal-1.12'
AMDEPBACKSLASH='\'
AMDEP_FALSE='#'
AMDEP_TRUE=''
AMPOLISH3='$(PERL) /home/develop/smbshare/rtems-work/rtems/ampolish3'
AMPOLISH3_FALSE=''
AMPOLISH3_TRUE='#'
AMTAR='$${TAR-tar}'
AR='arm-rtems4.11-ar'
AS='arm-rtems4.11-as'
AUTOCONF='${SHELL} /home/develop/smbshare/rtems-work/rtems/missing --run autoconf'
AUTOHEADER='${SHELL} /home/develop/smbshare/rtems-work/rtems/missing --run autoheader'
AUTOMAKE='${SHELL} /home/develop/smbshare/rtems-work/rtems/missing --run automake-1.12'
AWK='gawk'
CAT='/bin/cat'
CC='arm-rtems4.11-gcc --pipe'
CCDEPMODE='depmode=gcc3'
CC_CFLAGS_DEBUG_V=''
CC_CFLAGS_DEFAULT=''
CFLAGS='-march=armv7-m -mthumb -mtune=cortex-m4 -O2 -g -fdata-sections -ffunction-sections -Wall -Wmissing-prototypes -Wimplicit-function-declaration -Wstrict-prototypes -Wnested-externs'
CHMOD='/bin/chmod'
CMP='/usr/bin/cmp'
CP='/bin/cp'
CPP='arm-rtems4.11-gcc -E'
CPPFLAGS=''
CXX='arm-rtems4.11-g++'
CXXCPP='arm-rtems4.11-g++ -E'
CXXDEPMODE='depmode=gcc3'
CXXFLAGS='-march=armv7-m -mthumb -mtune=cortex-m4 -O2 -g -fdata-sections -ffunction-sections -Wall -Wmissing-prototypes -Wimplicit-function-declaration -Wstrict-prototypes -Wnested-externs'
CYGPATH_W='echo'
DEFS='-DPACKAGE_NAME=\"rtems-c-src-make\" -DPACKAGE_TARNAME=\"rtems-c-src-make\" -DPACKAGE_VERSION=\"4.10.99.0\" -DPACKAGE_STRING=\"rtems-c-src-make\ 4.10.99.0\" -DPACKAGE_BUGREPORT=\"https://devel.rtems.org/newticket\" -DPACKAGE_URL=\"\"'
DEPDIR='.deps'
ECHO_C=''
ECHO_N='-n'
ECHO_T=''
EXEEXT=''
GCCSPECS='-B$(PROJECT_ROOT)/lib/ -B$(PROJECT_ROOT)/stm32f4xx/lib/ -specs bsp_specs -qrtems'
HAS_CPLUSPLUS='yes'
HAS_MP_FALSE=''
HAS_MP_TRUE='#'
HAS_NETWORKING='no'
HAS_POSIX_API='no'
INSTALL_DATA='${INSTALL} -m 644'
INSTALL_PROGRAM='${INSTALL}'
INSTALL_SCRIPT='${INSTALL}'
INSTALL_STRIP_PROGRAM='$(install_sh) -c -s'
KSH='/bin/bash'
LD='arm-rtems4.11-ld'
LDFLAGS=''
LIBOBJS=''
LIBS=''
LN='/bin/ln'
LN_S='ln -s'
LTLIBOBJS=''
M4='/usr/bin/m4'
MAINT='#'
MAINTAINER_MODE_FALSE=''
MAINTAINER_MODE_TRUE='#'
MAKE='gmake'
MAKEINFO='${SHELL} /home/develop/smbshare/rtems-work/rtems/missing --run makeinfo'
MKDIR_P='/bin/mkdir -p'
MULTILIB_FALSE=''
MULTILIB_TRUE='#'
MV='/bin/mv'
NM='arm-rtems4.11-nm'
OBJCOPY='arm-rtems4.11-objcopy'
OBJEXT='o'
PACKAGE='rtems-c-src-make'
PACKAGE_BUGREPORT='https://devel.rtems.org/newticket'
PACKAGE_NAME='rtems-c-src-make'
PACKAGE_STRING='rtems-c-src-make 4.10.99.0'
PACKAGE_TARNAME='rtems-c-src-make'
PACKAGE_URL=''
PACKAGE_VERSION='4.10.99.0'
PATH_SEPARATOR=':'
PERL='/usr/bin/perl'
PROJECT_INCLUDE='$(PROJECT_ROOT)/stm32f4xx/lib/include'
PROJECT_LIB='$(PROJECT_ROOT)/stm32f4xx/lib'
PROJECT_RELEASE='$(PROJECT_ROOT)/stm32f4xx'
PROJECT_ROOT='../../../$(top_builddir)'
PROJECT_TOPdir='../../../../$(top_builddir)'
RANLIB='arm-rtems4.11-ranlib'
RTEMS_API='4.11'
RTEMS_BSP='stm32f4xx'
RTEMS_BSP_FAMILY='stm32f4xx'
RTEMS_CPPFLAGS='-isystem $(PROJECT_INCLUDE)'
RTEMS_CPU='arm'
RTEMS_CPU_MODEL=''
RTEMS_GAS_CODE16=''
RTEMS_HAS_CPLUSPLUS='yes'
RTEMS_HAS_NETWORKING='no'
RTEMS_HAS_POSIX_API='no'
RTEMS_RELLDFLAGS='-qnolinkcmds -nostdlib -r'
RTEMS_TOPdir='../../..'
SED='/bin/sed'
SET_MAKE=''
SHELL='/bin/sh'
SIZE='arm-rtems4.11-size'
SORT='/bin/sort'
STRIP='arm-rtems4.11-strip'
TOUCH='/bin/touch'
VERSION='4.10.99.0'
ac_ct_CC=''
ac_ct_CXX=''
am__EXEEXT_FALSE=''
am__EXEEXT_TRUE='#'
am__fastdepCC_FALSE='#'
am__fastdepCC_TRUE=''
am__fastdepCXX_FALSE='#'
am__fastdepCXX_TRUE=''
am__include='include'
am__isrc=' -I$(srcdir)'
am__leading_dot='.'
am__nodep='_no'
am__quote=''
am__tar='$${TAR-tar} chof - "$$tardir"'
am__untar='$${TAR-tar} xf -'
bindir='${exec_prefix}/bin'
build='i686-pc-linux-gnu'
build_alias='i686-pc-linux-gnu'
build_cpu='i686'
build_os='linux-gnu'
build_vendor='pc'
cfg_dir='../../../make'
datadir='${datarootdir}'
datarootdir='${prefix}/share'
dirstamp='${am__leading_dot}dirstamp'
docdir='${datarootdir}/doc/${PACKAGE_TARNAME}'
dvidir='${docdir}'
exec_prefix='/home/develop/smbshare/rtems-work/rtems_build/../rtems_stm32f4xx/arm-rtems4.11'
host='arm-unknown-rtems4.11'
host_alias='arm-rtems4.11'
host_cpu='arm'
host_os='rtems4.11'
host_vendor='unknown'
htmldir='${docdir}'
includedir='${exec_prefix}/stm32f4xx/lib/include'
infodir='${datarootdir}/info'
install_sh='${SHELL} /home/develop/smbshare/rtems-work/rtems/install-sh'
libdir='${exec_prefix}/stm32f4xx/lib'
libexecdir='${exec_prefix}/libexec'
localedir='${datarootdir}/locale'
localstatedir='${prefix}/var'
mandir='${datarootdir}/man'
mkdir_p='$(MKDIR_P)'
oldincludedir='/usr/include'
pdfdir='${docdir}'
pkgdatadir='${datadir}/rtems4.11'
prefix='/home/develop/smbshare/rtems-work/rtems_build/../rtems_stm32f4xx'
program_prefix='NONE'
program_transform_name='s,x,x,'
project_includedir='$(includedir)'
project_libdir='$(libdir)'
psdir='${docdir}'
rtems_cv_prog_cc_cross=''
sbindir='${exec_prefix}/sbin'
sharedstatedir='${prefix}/com'
sysconfdir='${prefix}/etc'
target_alias='arm-rtems4.11'

## ----------- ##
## confdefs.h. ##
## ----------- ##

/* confdefs.h */
#define PACKAGE_NAME "rtems-c-src-make"
#define PACKAGE_TARNAME "rtems-c-src-make"
#define PACKAGE_VERSION "4.10.99.0"
#define PACKAGE_STRING "rtems-c-src-make 4.10.99.0"
#define PACKAGE_BUGREPORT "https://devel.rtems.org/newticket"
#define PACKAGE_URL ""

configure: exit 0
