This file contains any messages produced by compilers while
running configure, to aid debugging if configure makes a mistake.

It was created by rtems configure 4.10.99.0, which was
generated by GNU Autoconf 2.69.  Invocation command line was

  $ /home/develop/smbshare/rtems-work/rtems/configure --target=arm-rtems4.11 --prefix=/home/develop/smbshare/rtems-work/rtems --disable-maintainer-mode --disable-multiprocessing --enable-posix --enable-networking --enable-cxx --enable-tests=samples --enable-rtems-debug --disable-multilib --disable-paravirt --disable-drvmgr --disable-docs --enable-rtemsbsp=stm32f4xx STM32F4XX_FAMILY_STM32F469_479xx=1 STM32F4XX_HSE_OSCILLATOR=8000000 STM32F4XX_ENABLE_USART_3=1 STM32F4XX_ENABLE_USART_6=1 STM32F4XX_ENABLE_LED_1=1 STM32F4XX_ENABLE_LED_2=1 STM32F4XX_ENABLE_LED_3=1 STM32F4XX_ENABLE_LED_4=1 STM32F4XX_ENABLE_I2C1=1 STM32F4XX_ENABLE_EXTI0=1 ARM_MULTILIB_ARCH_V7M=1

## --------- ##
## Platform. ##
## --------- ##

hostname = localhost.localdomain
uname -m = i686
uname -r = 2.6.32-504.12.2.el6.i686
uname -s = Linux
uname -v = #1 SMP Wed Mar 11 19:05:53 UTC 2015

/usr/bin/uname -p = unknown
/bin/uname -X     = unknown

/bin/arch              = i686
/usr/bin/arch -k       = unknown
/usr/convex/getsysinfo = unknown
/usr/bin/hostinfo      = unknown
/bin/machine           = unknown
/usr/bin/oslevel       = unknown
/bin/universe          = unknown

PATH: /home/develop/bin/arm-rtems4.11/bin
PATH: /opt/ecos/gnutools/arm-eabi/bin
PATH: /home/develop/bin/arm-rtems4.11/bin
PATH: /usr/lib/qt-3.3/bin
PATH: /usr/local/bin
PATH: /usr/bin
PATH: /bin
PATH: /usr/local/sbin
PATH: /usr/sbin
PATH: /sbin
PATH: /home/develop/bin


## ----------- ##
## Core tests. ##
## ----------- ##

configure:1855: checking for gmake
configure:1871: found /usr/bin/gmake
configure:1882: result: gmake
configure:1907: checking for RTEMS Version
configure:1909: result: 4.10.99.0
configure:1929: checking build system type
configure:1943: result: i686-pc-linux-gnu
configure:1963: checking host system type
configure:1976: result: i686-pc-linux-gnu
configure:1996: checking target system type
configure:2009: result: arm-unknown-rtems4.11
configure:2051: checking for a BSD-compatible install
configure:2119: result: /usr/bin/install -c
configure:2130: checking whether build environment is sane
configure:2185: result: yes
configure:2336: checking for a thread-safe mkdir -p
configure:2375: result: /bin/mkdir -p
configure:2382: checking for gawk
configure:2398: found /usr/bin/gawk
configure:2409: result: gawk
configure:2420: checking whether gmake sets $(MAKE)
configure:2442: result: yes
configure:2520: checking whether to enable maintainer-specific portions of Makefiles
configure:2529: result: no
configure:2965: checking that generated files are newer than configure
configure:2971: result: done
configure:3272: creating ./config.status
configure:4296: configuring in ./tools/build
configure:4383: running /bin/sh '/home/develop/smbshare/rtems-work/rtems/tools/build/configure' '--prefix=/home/develop/smbshare/rtems-work/rtems' '--host=i686-pc-linux-gnu' '--build=i686-pc-linux-gnu'  '--disable-maintainer-mode' '--disable-multiprocessing' '--enable-posix' '--enable-networking' '--enable-cxx' '--enable-tests=samples' '--enable-rtems-debug' '--disable-multilib' '--disable-paravirt' '--disable-drvmgr' '--disable-docs' '--enable-rtemsbsp=stm32f4xx' 'STM32F4XX_FAMILY_STM32F469_479xx=1' 'STM32F4XX_HSE_OSCILLATOR=8000000' 'STM32F4XX_ENABLE_USART_3=1' 'STM32F4XX_ENABLE_USART_6=1' 'STM32F4XX_ENABLE_LED_1=1' 'STM32F4XX_ENABLE_LED_2=1' 'STM32F4XX_ENABLE_LED_3=1' 'STM32F4XX_ENABLE_LED_4=1' 'STM32F4XX_ENABLE_I2C1=1' 'STM32F4XX_ENABLE_EXTI0=1' 'ARM_MULTILIB_ARCH_V7M=1' '--target=arm-rtems4.11'  '--cache-file=/dev/null' '--srcdir=/home/develop/smbshare/rtems-work/rtems/tools/build'
configure:4296: configuring in ./tools/cpu
configure:4383: running /bin/sh '/home/develop/smbshare/rtems-work/rtems/tools/cpu/configure' '--prefix=/home/develop/smbshare/rtems-work/rtems' '--host=i686-pc-linux-gnu' '--build=i686-pc-linux-gnu'  '--disable-maintainer-mode' '--disable-multiprocessing' '--enable-posix' '--enable-networking' '--enable-cxx' '--enable-tests=samples' '--enable-rtems-debug' '--disable-multilib' '--disable-paravirt' '--disable-drvmgr' '--disable-docs' '--enable-rtemsbsp=stm32f4xx' 'STM32F4XX_FAMILY_STM32F469_479xx=1' 'STM32F4XX_HSE_OSCILLATOR=8000000' 'STM32F4XX_ENABLE_USART_3=1' 'STM32F4XX_ENABLE_USART_6=1' 'STM32F4XX_ENABLE_LED_1=1' 'STM32F4XX_ENABLE_LED_2=1' 'STM32F4XX_ENABLE_LED_3=1' 'STM32F4XX_ENABLE_LED_4=1' 'STM32F4XX_ENABLE_I2C1=1' 'STM32F4XX_ENABLE_EXTI0=1' 'ARM_MULTILIB_ARCH_V7M=1' '--target=arm-rtems4.11'  '--cache-file=/dev/null' '--srcdir=/home/develop/smbshare/rtems-work/rtems/tools/cpu'
configure:4296: configuring in ./testsuites/tools
configure:4383: running /bin/sh '/home/develop/smbshare/rtems-work/rtems/testsuites/tools/configure' '--prefix=/home/develop/smbshare/rtems-work/rtems' '--host=i686-pc-linux-gnu' '--build=i686-pc-linux-gnu'  '--disable-maintainer-mode' '--disable-multiprocessing' '--enable-posix' '--enable-networking' '--enable-cxx' '--enable-tests=samples' '--enable-rtems-debug' '--disable-multilib' '--disable-paravirt' '--disable-drvmgr' '--disable-docs' '--enable-rtemsbsp=stm32f4xx' 'STM32F4XX_FAMILY_STM32F469_479xx=1' 'STM32F4XX_HSE_OSCILLATOR=8000000' 'STM32F4XX_ENABLE_USART_3=1' 'STM32F4XX_ENABLE_USART_6=1' 'STM32F4XX_ENABLE_LED_1=1' 'STM32F4XX_ENABLE_LED_2=1' 'STM32F4XX_ENABLE_LED_3=1' 'STM32F4XX_ENABLE_LED_4=1' 'STM32F4XX_ENABLE_I2C1=1' 'STM32F4XX_ENABLE_EXTI0=1' 'ARM_MULTILIB_ARCH_V7M=1' '--target=arm-rtems4.11'  '--cache-file=/dev/null' '--srcdir=/home/develop/smbshare/rtems-work/rtems/testsuites/tools'
configure:4554: configuring in arm-rtems4.11/c
configure:4641: running /bin/sh '/home/develop/smbshare/rtems-work/rtems/c/configure' '--prefix=/home/develop/smbshare/rtems-work/rtems' '--host=arm-rtems4.11' '--build=i686-pc-linux-gnu' '--target=arm-rtems4.11'  '--disable-maintainer-mode' '--disable-multiprocessing' '--enable-posix' '--enable-networking' '--enable-cxx' '--enable-tests=samples' '--enable-rtems-debug' '--disable-multilib' '--disable-paravirt' '--disable-drvmgr' '--disable-docs' '--enable-rtemsbsp=stm32f4xx' 'STM32F4XX_FAMILY_STM32F469_479xx=1' 'STM32F4XX_HSE_OSCILLATOR=8000000' 'STM32F4XX_ENABLE_USART_3=1' 'STM32F4XX_ENABLE_USART_6=1' 'STM32F4XX_ENABLE_LED_1=1' 'STM32F4XX_ENABLE_LED_2=1' 'STM32F4XX_ENABLE_LED_3=1' 'STM32F4XX_ENABLE_LED_4=1' 'STM32F4XX_ENABLE_I2C1=1' 'STM32F4XX_ENABLE_EXTI0=1' 'ARM_MULTILIB_ARCH_V7M=1' '--with-target-subdir=arm-rtems4.11' '--exec-prefix=/home/develop/smbshare/rtems-work/rtems/arm-rtems4.11' '--includedir=/home/develop/smbshare/rtems-work/rtems/arm-rtems4.11/include'  '--cache-file=/dev/null' '--srcdir=/home/develop/smbshare/rtems-work/rtems/c'

## ---------------------- ##
## Running config.status. ##
## ---------------------- ##

This file was extended by rtems config.status 4.10.99.0, which was
generated by GNU Autoconf 2.69.  Invocation command line was

  CONFIG_FILES    = 
  CONFIG_HEADERS  = 
  CONFIG_LINKS    = 
  CONFIG_COMMANDS = 
  $ ./config.status 

on localhost.localdomain

config.status:786: creating Makefile

## ---------------- ##
## Cache variables. ##
## ---------------- ##

ac_cv_build=i686-pc-linux-gnu
ac_cv_env_build_alias_set=
ac_cv_env_build_alias_value=
ac_cv_env_host_alias_set=
ac_cv_env_host_alias_value=
ac_cv_env_target_alias_set=set
ac_cv_env_target_alias_value=arm-rtems4.11
ac_cv_host=i686-pc-linux-gnu
ac_cv_path_install='/usr/bin/install -c'
ac_cv_path_mkdir=/bin/mkdir
ac_cv_prog_AWK=gawk
ac_cv_prog_MAKE=gmake
ac_cv_prog_make_gmake_set=yes
ac_cv_target=arm-unknown-rtems4.11

## ----------------- ##
## Output variables. ##
## ----------------- ##

ACLOCAL='${SHELL} /home/develop/smbshare/rtems-work/rtems/missing --run aclocal-1.12'
AMTAR='$${TAR-tar}'
AUTOCONF='${SHELL} /home/develop/smbshare/rtems-work/rtems/missing --run autoconf'
AUTOHEADER='${SHELL} /home/develop/smbshare/rtems-work/rtems/missing --run autoheader'
AUTOMAKE='${SHELL} /home/develop/smbshare/rtems-work/rtems/missing --run automake-1.12'
AWK='gawk'
CYGPATH_W='echo'
DEFS='-DPACKAGE_NAME=\"rtems\" -DPACKAGE_TARNAME=\"rtems\" -DPACKAGE_VERSION=\"4.10.99.0\" -DPACKAGE_STRING=\"rtems\ 4.10.99.0\" -DPACKAGE_BUGREPORT=\"https://devel.rtems.org/newticket\" -DPACKAGE_URL=\"\"'
ECHO_C=''
ECHO_N='-n'
ECHO_T=''
INSTALL_DATA='${INSTALL} -m 644'
INSTALL_PROGRAM='${INSTALL}'
INSTALL_SCRIPT='${INSTALL}'
INSTALL_STRIP_PROGRAM='$(install_sh) -c -s'
LIBOBJS=''
LIBS=''
LTLIBOBJS=''
MAINT='#'
MAINTAINER_MODE_FALSE=''
MAINTAINER_MODE_TRUE='#'
MAKE='gmake'
MAKEINFO='${SHELL} /home/develop/smbshare/rtems-work/rtems/missing --run makeinfo'
MKDIR_P='/bin/mkdir -p'
MULTILIB_FALSE=''
MULTILIB_TRUE='#'
PACKAGE='rtems'
PACKAGE_BUGREPORT='https://devel.rtems.org/newticket'
PACKAGE_NAME='rtems'
PACKAGE_STRING='rtems 4.10.99.0'
PACKAGE_TARNAME='rtems'
PACKAGE_URL=''
PACKAGE_VERSION='4.10.99.0'
PATH_SEPARATOR=':'
PROJECT_ROOT='./$(top_builddir)'
PROJECT_TOPdir='./$(top_builddir)'
RTEMS_HAS_NETWORKING='yes'
RTEMS_HAS_POSIX_API='yes'
RTEMS_TOPdir='.'
SET_MAKE=''
SHELL='/bin/sh'
STRIP=''
VERSION='4.10.99.0'
am__isrc=' -I$(srcdir)'
am__leading_dot='.'
am__tar='$${TAR-tar} chof - "$$tardir"'
am__untar='$${TAR-tar} xf -'
bindir='${exec_prefix}/bin'
build='i686-pc-linux-gnu'
build_SUBDIRS=' tools/build tools/cpu testsuites/tools'
build_alias=''
build_configdirs=' tools/build tools/cpu testsuites/tools'
build_cpu='i686'
build_os='linux-gnu'
build_subdir='.'
build_vendor='pc'
buildargs=''\''--host=i686-pc-linux-gnu'\'' '\''--build=i686-pc-linux-gnu'\''  '\''--disable-maintainer-mode'\'' '\''--disable-multiprocessing'\'' '\''--enable-posix'\'' '\''--enable-networking'\'' '\''--enable-cxx'\'' '\''--enable-tests=samples'\'' '\''--enable-rtems-debug'\'' '\''--disable-multilib'\'' '\''--disable-paravirt'\'' '\''--disable-drvmgr'\'' '\''--disable-docs'\'' '\''--enable-rtemsbsp=stm32f4xx'\'' '\''STM32F4XX_FAMILY_STM32F469_479xx=1'\'' '\''STM32F4XX_HSE_OSCILLATOR=8000000'\'' '\''STM32F4XX_ENABLE_USART_3=1'\'' '\''STM32F4XX_ENABLE_USART_6=1'\'' '\''STM32F4XX_ENABLE_LED_1=1'\'' '\''STM32F4XX_ENABLE_LED_2=1'\'' '\''STM32F4XX_ENABLE_LED_3=1'\'' '\''STM32F4XX_ENABLE_LED_4=1'\'' '\''STM32F4XX_ENABLE_I2C1=1'\'' '\''STM32F4XX_ENABLE_EXTI0=1'\'' '\''ARM_MULTILIB_ARCH_V7M=1'\'' '\''--target=arm-rtems4.11'\'''
datadir='${datarootdir}'
datarootdir='${prefix}/share'
docdir='${datarootdir}/doc/${PACKAGE_TARNAME}'
dvidir='${docdir}'
exec_prefix='${prefix}'
host='i686-pc-linux-gnu'
host_SUBDIRS=''
host_alias=''
host_configdirs=''
host_cpu='i686'
host_os='linux-gnu'
host_subdir=''
host_vendor='pc'
hostargs=''\''--host=i686-pc-linux-gnu'\'' '\''--build=i686-pc-linux-gnu'\'' '\''--target=arm-rtems4.11'\''  '\''--disable-maintainer-mode'\'' '\''--disable-multiprocessing'\'' '\''--enable-posix'\'' '\''--enable-networking'\'' '\''--enable-cxx'\'' '\''--enable-tests=samples'\'' '\''--enable-rtems-debug'\'' '\''--disable-multilib'\'' '\''--disable-paravirt'\'' '\''--disable-drvmgr'\'' '\''--disable-docs'\'' '\''--enable-rtemsbsp=stm32f4xx'\'' '\''STM32F4XX_FAMILY_STM32F469_479xx=1'\'' '\''STM32F4XX_HSE_OSCILLATOR=8000000'\'' '\''STM32F4XX_ENABLE_USART_3=1'\'' '\''STM32F4XX_ENABLE_USART_6=1'\'' '\''STM32F4XX_ENABLE_LED_1=1'\'' '\''STM32F4XX_ENABLE_LED_2=1'\'' '\''STM32F4XX_ENABLE_LED_3=1'\'' '\''STM32F4XX_ENABLE_LED_4=1'\'' '\''STM32F4XX_ENABLE_I2C1=1'\'' '\''STM32F4XX_ENABLE_EXTI0=1'\'' '\''ARM_MULTILIB_ARCH_V7M=1'\'''
htmldir='${docdir}'
includedir='${prefix}/include'
infodir='${datarootdir}/info'
install_sh='${SHELL} /home/develop/smbshare/rtems-work/rtems/install-sh'
libdir='${exec_prefix}/lib'
libexecdir='${exec_prefix}/libexec'
localedir='${datarootdir}/locale'
localstatedir='${prefix}/var'
mandir='${datarootdir}/man'
mkdir_p='$(MKDIR_P)'
oldincludedir='/usr/include'
pdfdir='${docdir}'
pkgdatadir='${datarootdir}/rtems4.11'
prefix='/home/develop/smbshare/rtems-work/rtems'
program_transform_name='s&^&arm-rtems4.11-&'
psdir='${docdir}'
sbindir='${exec_prefix}/sbin'
sharedstatedir='${prefix}/com'
sysconfdir='${prefix}/etc'
target='arm-unknown-rtems4.11'
target_SUBDIRS=' arm-rtems4.11/c'
target_alias='arm-rtems4.11'
target_configdirs=' c'
target_cpu='arm'
target_os='rtems4.11'
target_subdir='arm-rtems4.11'
target_vendor='unknown'
targetargs=''\''--host=arm-rtems4.11'\'' '\''--build=i686-pc-linux-gnu'\'' '\''--target=arm-rtems4.11'\''  '\''--disable-maintainer-mode'\'' '\''--disable-multiprocessing'\'' '\''--enable-posix'\'' '\''--enable-networking'\'' '\''--enable-cxx'\'' '\''--enable-tests=samples'\'' '\''--enable-rtems-debug'\'' '\''--disable-multilib'\'' '\''--disable-paravirt'\'' '\''--disable-drvmgr'\'' '\''--disable-docs'\'' '\''--enable-rtemsbsp=stm32f4xx'\'' '\''STM32F4XX_FAMILY_STM32F469_479xx=1'\'' '\''STM32F4XX_HSE_OSCILLATOR=8000000'\'' '\''STM32F4XX_ENABLE_USART_3=1'\'' '\''STM32F4XX_ENABLE_USART_6=1'\'' '\''STM32F4XX_ENABLE_LED_1=1'\'' '\''STM32F4XX_ENABLE_LED_2=1'\'' '\''STM32F4XX_ENABLE_LED_3=1'\'' '\''STM32F4XX_ENABLE_LED_4=1'\'' '\''STM32F4XX_ENABLE_I2C1=1'\'' '\''STM32F4XX_ENABLE_EXTI0=1'\'' '\''ARM_MULTILIB_ARCH_V7M=1'\'''

## ----------- ##
## confdefs.h. ##
## ----------- ##

/* confdefs.h */
#define PACKAGE_NAME "rtems"
#define PACKAGE_TARNAME "rtems"
#define PACKAGE_VERSION "4.10.99.0"
#define PACKAGE_STRING "rtems 4.10.99.0"
#define PACKAGE_BUGREPORT "https://devel.rtems.org/newticket"
#define PACKAGE_URL ""

configure: exit 0
