This file contains any messages produced by compilers while
running configure, to aid debugging if configure makes a mistake.

It was created by rtems-c-src-lib-libbsp-arm-stm32f4xx configure 4.10.99.0, which was
generated by GNU Autoconf 2.69.  Invocation command line was

  $ ../../../../../../../../rtems/c/src/lib/libbsp/arm/stm32f4xx/configure --disable-option-checking --prefix=/home/develop/smbshare/rtems-work/rtems_build/../rtems_stm32f4xx --host=arm-rtems4.11 --build=i686-pc-linux-gnu --target=arm-rtems4.11 --disable-maintainer-mode --disable-multiprocessing --disable-posix --disable-networking --enable-cxx --enable-tests=samples --enable-rtems-debug --disable-multilib --disable-paravirt --disable-drvmgr --disable-docs STM32F4XX_FAMILY_STM32F469_479xx=1 STM32F4XX_HSE_OSCILLATOR=8000000 STM32F4XX_ENABLE_USART_3=1 STM32F4XX_ENABLE_USART_6=1 STM32F4XX_ENABLE_LED_1=1 STM32F4XX_ENABLE_LED_2=1 STM32F4XX_ENABLE_LED_3=1 STM32F4XX_ENABLE_LED_4=1 USE_STDPERIPH_DRIVER=1 ARM_MULTILIB_ARCH_V7M=1 --with-target-subdir=arm-rtems4.11 --exec-prefix=/home/develop/smbshare/rtems-work/rtems_build/../rtems_stm32f4xx/arm-rtems4.11 --includedir=/home/develop/smbshare/rtems-work/rtems_build/../rtems_stm32f4xx/arm-rtems4.11/include build_alias=i686-pc-linux-gnu host_alias=arm-rtems4.11 target_alias=arm-rtems4.11 --with-project-root=../../ --with-project-top=../../ RTEMS_BSP=stm32f4xx RTEMS_BSP_FAMILY=stm32f4xx CFLAGS=-march=armv7-m -mthumb -mtune=cortex-m4 -O2 -g -fdata-sections -ffunction-sections -Wall -Wmissing-prototypes -Wimplicit-function-declaration -Wstrict-prototypes -Wnested-externs --cache-file=/dev/null --srcdir=../../../../../../../../rtems/c/src/lib/libbsp/arm/stm32f4xx

## --------- ##
## Platform. ##
## --------- ##

hostname = localhost.localdomain
uname -m = i686
uname -r = 2.6.32-504.12.2.el6.i686
uname -s = Linux
uname -v = #1 SMP Wed Mar 11 19:05:53 UTC 2015

/usr/bin/uname -p = unknown
/bin/uname -X     = unknown

/bin/arch              = i686
/usr/bin/arch -k       = unknown
/usr/convex/getsysinfo = unknown
/usr/bin/hostinfo      = unknown
/bin/machine           = unknown
/usr/bin/oslevel       = unknown
/bin/universe          = unknown

PATH: /home/develop/bin/arm-rtems4.11/bin
PATH: /opt/ecos/gnutools/arm-eabi/bin
PATH: /home/develop/bin/arm-rtems4.11/bin
PATH: /usr/lib/qt-3.3/bin
PATH: /usr/local/bin
PATH: /usr/bin
PATH: /bin
PATH: /usr/local/sbin
PATH: /usr/sbin
PATH: /sbin
PATH: /home/develop/bin


## ----------- ##
## Core tests. ##
## ----------- ##

configure:2030: checking for gmake
configure:2046: found /usr/bin/gmake
configure:2057: result: gmake
configure:2098: checking build system type
configure:2112: result: i686-pc-linux-gnu
configure:2132: checking host system type
configure:2145: result: arm-unknown-rtems4.11
configure:2166: checking rtems target cpu
configure:2175: result: arm
configure:2200: checking for a BSD-compatible install
configure:2268: result: /usr/bin/install -c
configure:2279: checking whether build environment is sane
configure:2334: result: yes
configure:2393: checking for arm-rtems4.11-strip
configure:2409: found /home/develop/bin/arm-rtems4.11/bin/arm-rtems4.11-strip
configure:2420: result: arm-rtems4.11-strip
configure:2485: checking for a thread-safe mkdir -p
configure:2524: result: /bin/mkdir -p
configure:2531: checking for gawk
configure:2547: found /usr/bin/gawk
configure:2558: result: gawk
configure:2569: checking whether gmake sets $(MAKE)
configure:2591: result: yes
configure:2663: checking for perl
configure:2681: found /usr/bin/perl
configure:2693: result: /usr/bin/perl
configure:2750: checking whether to enable maintainer-specific portions of Makefiles
configure:2759: result: no
configure:2780: checking for RTEMS_BSP
configure:2792: result: stm32f4xx
configure:2840: checking if wanting multiprocessing
configure:2858: result: no
configure:2928: checking for style of include used by gmake
configure:2956: result: GNU
configure:2988: checking for arm-rtems4.11-gcc
configure:3004: found /home/develop/bin/arm-rtems4.11/bin/arm-rtems4.11-gcc
configure:3015: result: arm-rtems4.11-gcc
configure:3034: checking for arm-rtems4.11-gcc
configure:3061: result: arm-rtems4.11-gcc
configure:3330: checking for C compiler version
configure:3339: arm-rtems4.11-gcc --version >&5
arm-rtems4.11-gcc (GCC) 4.9.3 20150626 (RTEMS 4.11, RSB 6b0d76cc9b43ac5aacb4ed87cabece1aa81c2b83, Newlib 2.2.0.20150423)
Copyright (C) 2015 Free Software Foundation, Inc.
This is free software; see the source for copying conditions.  There is NO
warranty; not even for MERCHANTABILITY or FITNESS FOR A PARTICULAR PURPOSE.

configure:3350: $? = 0
configure:3339: arm-rtems4.11-gcc -v >&5
Using built-in specs.
COLLECT_GCC=arm-rtems4.11-gcc
COLLECT_LTO_WRAPPER=/home/develop/bin/arm-rtems4.11/libexec/gcc/arm-rtems4.11/4.9.3/lto-wrapper
Target: arm-rtems4.11
Configured with: ../gcc-4.9.3/configure --prefix=/home/develop/bin/arm-rtems4.11 --bindir=/home/develop/bin/arm-rtems4.11/bin --exec_prefix=/home/develop/bin/arm-rtems4.11 --includedir=/home/develop/bin/arm-rtems4.11/include --libdir=/home/develop/bin/arm-rtems4.11/lib --libexecdir=/home/develop/bin/arm-rtems4.11/libexec --mandir=/home/develop/bin/arm-rtems4.11/share/man --infodir=/home/develop/bin/arm-rtems4.11/share/info --datadir=/home/develop/bin/arm-rtems4.11/share --build=i686-linux-gnu --host=i686-linux-gnu --target=arm-rtems4.11 --disable-libstdcxx-pch --with-gnu-as --with-gnu-ld --verbose --with-newlib --with-system-zlib --disable-nls --without-included-gettext --disable-win32-registry --enable-version-specific-runtime-libs --disable-lto --enable-newlib-io-c99-formats --enable-newlib-iconv --enable-newlib-iconv-encodings=big5,cp775,cp850,cp852,cp855,cp866,euc_jp,euc_kr,euc_tw,iso_8859_1,iso_8859_10,iso_8859_11,iso_8859_13,iso_8859_14,iso_8859_15,iso_8859_2,iso_8859_3,iso_8859_4,iso_8859_5,iso_8859_6,iso_8859_7,iso_8859_8,iso_8859_9,iso_ir_111,koi8_r,koi8_ru,koi8_u,koi8_uni,ucs_2,ucs_2_internal,ucs_2be,ucs_2le,ucs_4,ucs_4_internal,ucs_4be,ucs_4le,us_ascii,utf_16,utf_16be,utf_16le,utf_8,win_1250,win_1251,win_1252,win_1253,win_1254,win_1255,win_1256,win_1257,win_1258 --enable-threads --disable-plugin --enable-obsolete --enable-libgomp --enable-languages=c,c++
Thread model: rtems
gcc version 4.9.3 20150626 (RTEMS 4.11, RSB 6b0d76cc9b43ac5aacb4ed87cabece1aa81c2b83, Newlib 2.2.0.20150423) (GCC) 
configure:3350: $? = 0
configure:3339: arm-rtems4.11-gcc -V >&5
arm-rtems4.11-gcc: error: unrecognized command line option '-V'
arm-rtems4.11-gcc: fatal error: no input files
compilation terminated.
configure:3350: $? = 1
configure:3339: arm-rtems4.11-gcc -qversion >&5
arm-rtems4.11-gcc: error: unrecognized command line option '-qversion'
arm-rtems4.11-gcc: fatal error: no input files
compilation terminated.
configure:3350: $? = 1
configure:3370: checking whether the C compiler works
configure:3392: arm-rtems4.11-gcc -march=armv7-m -mthumb -mtune=cortex-m4 -O2 -g -fdata-sections -ffunction-sections -Wall -Wmissing-prototypes -Wimplicit-function-declaration -Wstrict-prototypes -Wnested-externs   conftest.c  >&5
conftest.c:12:1: warning: function declaration isn't a prototype [-Wstrict-prototypes]
 main ()
 ^
/home/develop/bin/arm-rtems4.11/lib/gcc/arm-rtems4.11/4.9.3/../../../../arm-rtems4.11/bin/ld: warning: cannot find entry symbol _start; defaulting to 00008000
configure:3396: $? = 0
configure:3444: result: yes
configure:3447: checking for C compiler default output file name
configure:3449: result: a.out
configure:3455: checking for suffix of executables
configure:3462: arm-rtems4.11-gcc -o conftest -march=armv7-m -mthumb -mtune=cortex-m4 -O2 -g -fdata-sections -ffunction-sections -Wall -Wmissing-prototypes -Wimplicit-function-declaration -Wstrict-prototypes -Wnested-externs   conftest.c  >&5
conftest.c:12:1: warning: function declaration isn't a prototype [-Wstrict-prototypes]
 main ()
 ^
/home/develop/bin/arm-rtems4.11/lib/gcc/arm-rtems4.11/4.9.3/../../../../arm-rtems4.11/bin/ld: warning: cannot find entry symbol _start; defaulting to 00008000
configure:3466: $? = 0
configure:3488: result: 
configure:3510: checking whether we are cross compiling
configure:3548: result: yes
configure:3553: checking for suffix of object files
configure:3575: arm-rtems4.11-gcc -c -march=armv7-m -mthumb -mtune=cortex-m4 -O2 -g -fdata-sections -ffunction-sections -Wall -Wmissing-prototypes -Wimplicit-function-declaration -Wstrict-prototypes -Wnested-externs  conftest.c >&5
conftest.c:12:1: warning: function declaration isn't a prototype [-Wstrict-prototypes]
 main ()
 ^
configure:3579: $? = 0
configure:3600: result: o
configure:3604: checking whether we are using the GNU C compiler
configure:3623: arm-rtems4.11-gcc -c -march=armv7-m -mthumb -mtune=cortex-m4 -O2 -g -fdata-sections -ffunction-sections -Wall -Wmissing-prototypes -Wimplicit-function-declaration -Wstrict-prototypes -Wnested-externs  conftest.c >&5
conftest.c:12:1: warning: function declaration isn't a prototype [-Wstrict-prototypes]
 main ()
 ^
configure:3623: $? = 0
configure:3632: result: yes
configure:3641: checking whether arm-rtems4.11-gcc accepts -g
configure:3661: arm-rtems4.11-gcc -c -g  conftest.c >&5
configure:3661: $? = 0
configure:3702: result: yes
configure:3719: checking for arm-rtems4.11-gcc option to accept ISO C89
configure:3782: arm-rtems4.11-gcc  -c -march=armv7-m -mthumb -mtune=cortex-m4 -O2 -g -fdata-sections -ffunction-sections -Wall -Wmissing-prototypes -Wimplicit-function-declaration -Wstrict-prototypes -Wnested-externs  conftest.c >&5
conftest.c:16:14: warning: function declaration isn't a prototype [-Wstrict-prototypes]
 static char *e (p, i)
              ^
conftest.c:53:1: warning: function declaration isn't a prototype [-Wstrict-prototypes]
 main ()
 ^
configure:3782: $? = 0
configure:3795: result: none needed
configure:3817: checking dependency style of arm-rtems4.11-gcc
configure:3928: result: gcc3
configure:3948: checking how to run the C preprocessor
configure:3979: arm-rtems4.11-gcc -E  conftest.c
configure:3979: $? = 0
configure:3993: arm-rtems4.11-gcc -E  conftest.c
conftest.c:10:28: fatal error: ac_nonexistent.h: No such file or directory
 #include <ac_nonexistent.h>
                            ^
compilation terminated.
configure:3993: $? = 1
configure: failed program was:
| /* confdefs.h */
| #define PACKAGE_NAME "rtems-c-src-lib-libbsp-arm-stm32f4xx"
| #define PACKAGE_TARNAME "rtems-c-src-lib-libbsp-arm-stm32f4xx"
| #define PACKAGE_VERSION "4.10.99.0"
| #define PACKAGE_STRING "rtems-c-src-lib-libbsp-arm-stm32f4xx 4.10.99.0"
| #define PACKAGE_BUGREPORT "https://devel.rtems.org/newticket"
| #define PACKAGE_URL ""
| #define BSP_DIRTY_MEMORY 0
| /* end confdefs.h.  */
| #include <ac_nonexistent.h>
configure:4018: result: arm-rtems4.11-gcc -E
configure:4038: arm-rtems4.11-gcc -E  conftest.c
configure:4038: $? = 0
configure:4052: arm-rtems4.11-gcc -E  conftest.c
conftest.c:10:28: fatal error: ac_nonexistent.h: No such file or directory
 #include <ac_nonexistent.h>
                            ^
compilation terminated.
configure:4052: $? = 1
configure: failed program was:
| /* confdefs.h */
| #define PACKAGE_NAME "rtems-c-src-lib-libbsp-arm-stm32f4xx"
| #define PACKAGE_TARNAME "rtems-c-src-lib-libbsp-arm-stm32f4xx"
| #define PACKAGE_VERSION "4.10.99.0"
| #define PACKAGE_STRING "rtems-c-src-lib-libbsp-arm-stm32f4xx 4.10.99.0"
| #define PACKAGE_BUGREPORT "https://devel.rtems.org/newticket"
| #define PACKAGE_URL ""
| #define BSP_DIRTY_MEMORY 0
| /* end confdefs.h.  */
| #include <ac_nonexistent.h>
configure:4082: checking whether arm-rtems4.11-gcc accepts -isystem
configure:4104: result: yes
configure:4108: checking whether arm-rtems4.11-gcc accepts --pipe
configure:4124: result: yes
configure:4130: checking whether arm-rtems4.11-gcc --pipe accepts -specs
configure:4147: result: yes
configure:4181: checking for arm-rtems4.11-ar
configure:4197: found /home/develop/bin/arm-rtems4.11/bin/arm-rtems4.11-ar
configure:4209: result: arm-rtems4.11-ar
configure:4224: checking for arm-rtems4.11-as
configure:4240: found /home/develop/bin/arm-rtems4.11/bin/arm-rtems4.11-as
configure:4252: result: arm-rtems4.11-as
configure:4267: checking for arm-rtems4.11-ld
configure:4283: found /home/develop/bin/arm-rtems4.11/bin/arm-rtems4.11-ld
configure:4295: result: arm-rtems4.11-ld
configure:4311: checking for arm-rtems4.11-ranlib
configure:4327: found /home/develop/bin/arm-rtems4.11/bin/arm-rtems4.11-ranlib
configure:4339: result: arm-rtems4.11-ranlib
configure:4360: checking dependency style of arm-rtems4.11-gcc --pipe
configure:4469: result: gcc3
configure:4504: checking whether BSP supports networking
configure:4523: result: disabled
configure:5319: checking that generated files are newer than configure
configure:5325: result: done
configure:5432: creating ./config.status

## ---------------------- ##
## Running config.status. ##
## ---------------------- ##

This file was extended by rtems-c-src-lib-libbsp-arm-stm32f4xx config.status 4.10.99.0, which was
generated by GNU Autoconf 2.69.  Invocation command line was

  CONFIG_FILES    = 
  CONFIG_HEADERS  = 
  CONFIG_LINKS    = 
  CONFIG_COMMANDS = 
  $ ./config.status 

on localhost.localdomain

config.status:941: creating Makefile
config.status:941: creating include/bspopts.tmp
config.status:1213: creating include/bspopts.h
config.status:1167: linking ../../../../../../../../rtems/c/src/lib/libbsp/arm/stm32f4xx/startup/linkcmds.stm32f4xx to startup/linkcmds
config.status:1186: executing depfiles commands

## ---------------- ##
## Cache variables. ##
## ---------------- ##

ac_cv_build=i686-pc-linux-gnu
ac_cv_c_compiler_gnu=yes
ac_cv_env_CCASFLAGS_set=
ac_cv_env_CCASFLAGS_value=
ac_cv_env_CCAS_set=
ac_cv_env_CCAS_value=
ac_cv_env_CC_set=
ac_cv_env_CC_value=
ac_cv_env_CFLAGS_set=set
ac_cv_env_CFLAGS_value='-march=armv7-m -mthumb -mtune=cortex-m4 -O2 -g -fdata-sections -ffunction-sections -Wall -Wmissing-prototypes -Wimplicit-function-declaration -Wstrict-prototypes -Wnested-externs'
ac_cv_env_CPPFLAGS_set=
ac_cv_env_CPPFLAGS_value=
ac_cv_env_CPP_set=
ac_cv_env_CPP_value=
ac_cv_env_LDFLAGS_set=
ac_cv_env_LDFLAGS_value=
ac_cv_env_LIBS_set=
ac_cv_env_LIBS_value=
ac_cv_env_RTEMS_BSP_FAMILY_set=set
ac_cv_env_RTEMS_BSP_FAMILY_value=stm32f4xx
ac_cv_env_RTEMS_BSP_set=set
ac_cv_env_RTEMS_BSP_value=stm32f4xx
ac_cv_env_RTEMS_CPU_MODEL_set=
ac_cv_env_RTEMS_CPU_MODEL_value=
ac_cv_env_build_alias_set=set
ac_cv_env_build_alias_value=i686-pc-linux-gnu
ac_cv_env_host_alias_set=set
ac_cv_env_host_alias_value=arm-rtems4.11
ac_cv_env_target_alias_set=set
ac_cv_env_target_alias_value=arm-rtems4.11
ac_cv_host=arm-unknown-rtems4.11
ac_cv_objext=o
ac_cv_path_PERL=/usr/bin/perl
ac_cv_path_install='/usr/bin/install -c'
ac_cv_path_mkdir=/bin/mkdir
ac_cv_prog_AR=arm-rtems4.11-ar
ac_cv_prog_AS=arm-rtems4.11-as
ac_cv_prog_AWK=gawk
ac_cv_prog_CC=arm-rtems4.11-gcc
ac_cv_prog_CPP='arm-rtems4.11-gcc -E'
ac_cv_prog_LD=arm-rtems4.11-ld
ac_cv_prog_MAKE=gmake
ac_cv_prog_RANLIB=arm-rtems4.11-ranlib
ac_cv_prog_STRIP=arm-rtems4.11-strip
ac_cv_prog_cc_c89=
ac_cv_prog_cc_g=yes
ac_cv_prog_make_gmake_set=yes
am_cv_CCAS_dependencies_compiler_type=gcc3
am_cv_CC_dependencies_compiler_type=gcc3
rtems_cv_HAS_MP=no
rtems_cv_HAS_NETWORKING=disabled
rtems_cv_RTEMS_BSP=stm32f4xx
rtems_cv_gcc_isystem=yes
rtems_cv_gcc_pipe=yes
rtems_cv_gcc_specs=yes
rtems_cv_want_multiprocessing=no

## ----------------- ##
## Output variables. ##
## ----------------- ##

ACLOCAL='${SHELL} /home/develop/smbshare/rtems-work/rtems/missing --run aclocal-1.12'
AMDEPBACKSLASH='\'
AMDEP_FALSE='#'
AMDEP_TRUE=''
AMPOLISH3='$(PERL) /home/develop/smbshare/rtems-work/rtems/ampolish3'
AMPOLISH3_FALSE=''
AMPOLISH3_TRUE='#'
AMTAR='$${TAR-tar}'
AR='arm-rtems4.11-ar'
AS='arm-rtems4.11-as'
AUTOCONF='${SHELL} /home/develop/smbshare/rtems-work/rtems/missing --run autoconf'
AUTOHEADER='${SHELL} /home/develop/smbshare/rtems-work/rtems/missing --run autoheader'
AUTOMAKE='${SHELL} /home/develop/smbshare/rtems-work/rtems/missing --run automake-1.12'
AWK='gawk'
CC='arm-rtems4.11-gcc --pipe'
CCAS='arm-rtems4.11-gcc --pipe'
CCASDEPMODE='depmode=gcc3'
CCASFLAGS='-march=armv7-m -mthumb -mtune=cortex-m4 -O2 -g -fdata-sections -ffunction-sections -Wall -Wmissing-prototypes -Wimplicit-function-declaration -Wstrict-prototypes -Wnested-externs'
CCDEPMODE='depmode=gcc3'
CFLAGS='-march=armv7-m -mthumb -mtune=cortex-m4 -O2 -g -fdata-sections -ffunction-sections -Wall -Wmissing-prototypes -Wimplicit-function-declaration -Wstrict-prototypes -Wnested-externs'
CPP='arm-rtems4.11-gcc -E'
CPPFLAGS=''
CYGPATH_W='echo'
DEFS='-DHAVE_CONFIG_H'
DEPDIR='.deps'
ECHO_C=''
ECHO_N='-n'
ECHO_T=''
EXEEXT=''
GCCSPECS='-B$(PROJECT_ROOT)/lib/ -B$(PROJECT_ROOT)/stm32f4xx/lib/ -specs bsp_specs -qrtems'
HAS_MP_FALSE=''
HAS_MP_TRUE='#'
HAS_NETWORKING='no'
HAS_NETWORKING_FALSE=''
HAS_NETWORKING_TRUE='#'
INSTALL_DATA='${INSTALL} -m 644'
INSTALL_PROGRAM='${INSTALL}'
INSTALL_SCRIPT='${INSTALL}'
INSTALL_STRIP_PROGRAM='$(install_sh) -c -s'
LD='arm-rtems4.11-ld'
LDFLAGS=''
LIBOBJS=''
LIBS=''
LTLIBOBJS=''
MAINT='#'
MAINTAINER_MODE_FALSE=''
MAINTAINER_MODE_TRUE='#'
MAKE='gmake'
MAKEINFO='${SHELL} /home/develop/smbshare/rtems-work/rtems/missing --run makeinfo'
MKDIR_P='/bin/mkdir -p'
MULTILIB_FALSE=''
MULTILIB_TRUE='#'
OBJEXT='o'
PACKAGE='rtems-c-src-lib-libbsp-arm-stm32f4xx'
PACKAGE_BUGREPORT='https://devel.rtems.org/newticket'
PACKAGE_NAME='rtems-c-src-lib-libbsp-arm-stm32f4xx'
PACKAGE_STRING='rtems-c-src-lib-libbsp-arm-stm32f4xx 4.10.99.0'
PACKAGE_TARNAME='rtems-c-src-lib-libbsp-arm-stm32f4xx'
PACKAGE_URL=''
PACKAGE_VERSION='4.10.99.0'
PATH_SEPARATOR=':'
PERL='/usr/bin/perl'
PROJECT_INCLUDE='$(PROJECT_ROOT)/stm32f4xx/lib/include'
PROJECT_LIB='$(PROJECT_ROOT)/stm32f4xx/lib'
PROJECT_RELEASE='$(PROJECT_ROOT)/stm32f4xx'
PROJECT_ROOT='../../../../../../$(top_builddir)'
PROJECT_TOPdir='../../../../../../../$(top_builddir)'
RANLIB='arm-rtems4.11-ranlib'
RTEMS_BSP='stm32f4xx'
RTEMS_BSP_FAMILY='stm32f4xx'
RTEMS_CCASFLAGS='-DASM'
RTEMS_CPPFLAGS='-isystem $(PROJECT_INCLUDE)'
RTEMS_CPU='arm'
RTEMS_CPU_MODEL=''
RTEMS_HAS_NETWORKING='no'
RTEMS_RELLDFLAGS='-qnolinkcmds -nostdlib -r'
RTEMS_TOPdir='../../../../../..'
SET_MAKE=''
SHELL='/bin/sh'
STM32F4XX_ENABLE_LED_1_FALSE='#'
STM32F4XX_ENABLE_LED_1_TRUE=''
STM32F4XX_ENABLE_LED_2_FALSE='#'
STM32F4XX_ENABLE_LED_2_TRUE=''
STM32F4XX_ENABLE_LED_3_FALSE='#'
STM32F4XX_ENABLE_LED_3_TRUE=''
STM32F4XX_ENABLE_UART_4_FALSE=''
STM32F4XX_ENABLE_UART_4_TRUE='#'
STM32F4XX_ENABLE_UART_5_FALSE=''
STM32F4XX_ENABLE_UART_5_TRUE='#'
STM32F4XX_ENABLE_UART_7_FALSE=''
STM32F4XX_ENABLE_UART_7_TRUE='#'
STM32F4XX_ENABLE_UART_8_FALSE=''
STM32F4XX_ENABLE_UART_8_TRUE='#'
STM32F4XX_ENABLE_USART_1_FALSE=''
STM32F4XX_ENABLE_USART_1_TRUE='#'
STM32F4XX_ENABLE_USART_2_FALSE=''
STM32F4XX_ENABLE_USART_2_TRUE='#'
STM32F4XX_ENABLE_USART_3_FALSE='#'
STM32F4XX_ENABLE_USART_3_TRUE=''
STM32F4XX_ENABLE_USART_6_FALSE='#'
STM32F4XX_ENABLE_USART_6_TRUE=''
STM32F4XX_FAMILY_STM32F40_41xxx_FALSE=''
STM32F4XX_FAMILY_STM32F40_41xxx_TRUE='#'
STM32F4XX_FAMILY_STM32F429_439xx_FALSE=''
STM32F4XX_FAMILY_STM32F429_439xx_TRUE='#'
STM32F4XX_FAMILY_STM32F469_479xx_FALSE='#'
STM32F4XX_FAMILY_STM32F469_479xx_TRUE=''
STRIP='arm-rtems4.11-strip'
VERSION='4.10.99.0'
ac_ct_CC=''
am__EXEEXT_FALSE=''
am__EXEEXT_TRUE='#'
am__fastdepCCAS_FALSE='#'
am__fastdepCCAS_TRUE=''
am__fastdepCC_FALSE='#'
am__fastdepCC_TRUE=''
am__include='include'
am__isrc=' -I$(srcdir)'
am__leading_dot='.'
am__nodep='_no'
am__quote=''
am__tar='$${TAR-tar} chof - "$$tardir"'
am__untar='$${TAR-tar} xf -'
bindir='${exec_prefix}/bin'
build='i686-pc-linux-gnu'
build_alias='i686-pc-linux-gnu'
build_cpu='i686'
build_os='linux-gnu'
build_vendor='pc'
datadir='${datarootdir}'
datarootdir='${prefix}/share'
dirstamp='${am__leading_dot}dirstamp'
docdir='${datarootdir}/doc/${PACKAGE_TARNAME}'
dvidir='${docdir}'
exec_prefix='/home/develop/smbshare/rtems-work/rtems_build/../rtems_stm32f4xx/arm-rtems4.11'
host='arm-unknown-rtems4.11'
host_alias='arm-rtems4.11'
host_cpu='arm'
host_os='rtems4.11'
host_vendor='unknown'
htmldir='${docdir}'
includedir='${exec_prefix}/stm32f4xx/lib/include'
infodir='${datarootdir}/info'
install_sh='${SHELL} /home/develop/smbshare/rtems-work/rtems/install-sh'
libdir='${exec_prefix}/stm32f4xx/lib'
libexecdir='${exec_prefix}/libexec'
localedir='${datarootdir}/locale'
localstatedir='${prefix}/var'
mandir='${datarootdir}/man'
mkdir_p='$(MKDIR_P)'
oldincludedir='/usr/include'
pdfdir='${docdir}'
pkgdatadir='${datadir}/rtems4.11'
prefix='/home/develop/smbshare/rtems-work/rtems_build/../rtems_stm32f4xx'
program_transform_name='s,x,x,'
project_includedir='$(includedir)'
project_libdir='$(libdir)'
psdir='${docdir}'
sbindir='${exec_prefix}/sbin'
sharedstatedir='${prefix}/com'
sysconfdir='${prefix}/etc'
target_alias='arm-rtems4.11'

## ----------- ##
## confdefs.h. ##
## ----------- ##

/* confdefs.h */
#define PACKAGE_NAME "rtems-c-src-lib-libbsp-arm-stm32f4xx"
#define PACKAGE_TARNAME "rtems-c-src-lib-libbsp-arm-stm32f4xx"
#define PACKAGE_VERSION "4.10.99.0"
#define PACKAGE_STRING "rtems-c-src-lib-libbsp-arm-stm32f4xx 4.10.99.0"
#define PACKAGE_BUGREPORT "https://devel.rtems.org/newticket"
#define PACKAGE_URL ""
#define BSP_DIRTY_MEMORY 0
#define STM32F4XX_FAMILY_STM32F469_479xx 1
#define STM32F4XX_HSE_OSCILLATOR 8000000
#define STM32F4XX_HSE_STARTUP_TIMEOUT 0x05000
#define STM32F4XX_HSI_OSCILLATOR 16000000
#define STM32F4_SYSCLK 180000000
#define STM32F4_HCLK 180000000
#define STM32F4_PCLK1 45000000
#define STM32F4_PCLK2 90000000
#define STM32F4_USART_BAUD 115200
#define STM32F4XX_ENABLE_USART_3 1
#define STM32F4XX_ENABLE_USART_6 1
#define STM32F4XX_ENABLE_LED_1 1
#define STM32F4XX_ENABLE_LED_2 1
#define STM32F4XX_ENABLE_LED_3 1
#define STM32F4XX_ENABLE_LED_4 1
#define STM32F4XX_ENABLE_I2C1 1
#define STM32F4XX_ENABLE_EXTI0 1
#define BSP_PRESS_KEY_FOR_RESET 0
#define BSP_RESET_BOARD_AT_EXIT 0

configure: exit 0
