This file contains any messages produced by compilers while
running configure, to aid debugging if configure makes a mistake.

It was created by rtems-c-src-lib-libbsp-arm configure 4.10.99.0, which was
generated by GNU Autoconf 2.69.  Invocation command line was

  $ ../../../../../../../rtems/c/src/lib/libbsp/arm/configure --disable-option-checking --prefix=/home/develop/smbshare/rtems-work/rtems_build/../rtems_stm32f4xx --host=arm-rtems4.11 --build=i686-pc-linux-gnu --target=arm-rtems4.11 --disable-maintainer-mode --disable-multiprocessing --disable-posix --disable-networking --enable-cxx --enable-tests=samples --enable-rtems-debug --disable-multilib --disable-paravirt --disable-drvmgr --disable-docs STM32F4XX_FAMILY_STM32F469_479xx=1 STM32F4XX_HSE_OSCILLATOR=8000000 STM32F4XX_ENABLE_USART_3=1 STM32F4XX_ENABLE_USART_6=1 STM32F4XX_ENABLE_LED_1=1 STM32F4XX_ENABLE_LED_2=1 STM32F4XX_ENABLE_LED_3=1 STM32F4XX_ENABLE_LED_4=1 USE_STDPERIPH_DRIVER=1 ARM_MULTILIB_ARCH_V7M=1 --with-target-subdir=arm-rtems4.11 --exec-prefix=/home/develop/smbshare/rtems-work/rtems_build/../rtems_stm32f4xx/arm-rtems4.11 --includedir=/home/develop/smbshare/rtems-work/rtems_build/../rtems_stm32f4xx/arm-rtems4.11/include build_alias=i686-pc-linux-gnu host_alias=arm-rtems4.11 target_alias=arm-rtems4.11 --with-project-root=../../ --with-project-top=../../ RTEMS_BSP=stm32f4xx RTEMS_BSP_FAMILY=stm32f4xx CFLAGS=-march=armv7-m -mthumb -mtune=cortex-m4 -O2 -g -fdata-sections -ffunction-sections -Wall -Wmissing-prototypes -Wimplicit-function-declaration -Wstrict-prototypes -Wnested-externs --cache-file=/dev/null --srcdir=../../../../../../../rtems/c/src/lib/libbsp/arm

## --------- ##
## Platform. ##
## --------- ##

hostname = localhost.localdomain
uname -m = i686
uname -r = 2.6.32-504.12.2.el6.i686
uname -s = Linux
uname -v = #1 SMP Wed Mar 11 19:05:53 UTC 2015

/usr/bin/uname -p = unknown
/bin/uname -X     = unknown

/bin/arch              = i686
/usr/bin/arch -k       = unknown
/usr/convex/getsysinfo = unknown
/usr/bin/hostinfo      = unknown
/bin/machine           = unknown
/usr/bin/oslevel       = unknown
/bin/universe          = unknown

PATH: /home/develop/bin/arm-rtems4.11/bin
PATH: /opt/ecos/gnutools/arm-eabi/bin
PATH: /home/develop/bin/arm-rtems4.11/bin
PATH: /usr/lib/qt-3.3/bin
PATH: /usr/local/bin
PATH: /usr/bin
PATH: /bin
PATH: /usr/local/sbin
PATH: /usr/sbin
PATH: /sbin
PATH: /home/develop/bin


## ----------- ##
## Core tests. ##
## ----------- ##

configure:1806: checking for gmake
configure:1822: found /usr/bin/gmake
configure:1833: result: gmake
configure:1874: checking build system type
configure:1888: result: i686-pc-linux-gnu
configure:1908: checking host system type
configure:1921: result: arm-unknown-rtems4.11
configure:1942: checking rtems target cpu
configure:1951: result: arm
configure:1976: checking for a BSD-compatible install
configure:2044: result: /usr/bin/install -c
configure:2055: checking whether build environment is sane
configure:2110: result: yes
configure:2169: checking for arm-rtems4.11-strip
configure:2185: found /home/develop/bin/arm-rtems4.11/bin/arm-rtems4.11-strip
configure:2196: result: arm-rtems4.11-strip
configure:2261: checking for a thread-safe mkdir -p
configure:2300: result: /bin/mkdir -p
configure:2307: checking for gawk
configure:2323: found /usr/bin/gawk
configure:2334: result: gawk
configure:2345: checking whether gmake sets $(MAKE)
configure:2367: result: yes
configure:2436: checking whether to enable maintainer-specific portions of Makefiles
configure:2445: result: no
configure:2467: checking for RTEMS_BSP
configure:2479: result: stm32f4xx
configure:2502: checking for perl
configure:2520: found /usr/bin/perl
configure:2532: result: /usr/bin/perl
configure:2717: checking that generated files are newer than configure
configure:2723: result: done
configure:2739: creating ./config.status

## ---------------------- ##
## Running config.status. ##
## ---------------------- ##

This file was extended by rtems-c-src-lib-libbsp-arm config.status 4.10.99.0, which was
generated by GNU Autoconf 2.69.  Invocation command line was

  CONFIG_FILES    = 
  CONFIG_HEADERS  = 
  CONFIG_LINKS    = 
  CONFIG_COMMANDS = 
  $ ./config.status 

on localhost.localdomain

config.status:769: creating Makefile
configure:3824: === configuring in stm32f4xx (/home/develop/smbshare/rtems-work/rtems_build/arm-rtems4.11/c/stm32f4xx/lib/libbsp/arm/stm32f4xx)
configure:3887: running /bin/sh ../../../../../../../../rtems/c/src/lib/libbsp/arm/stm32f4xx/configure --disable-option-checking '--prefix=/home/develop/smbshare/rtems-work/rtems_build/../rtems_stm32f4xx'  '--host=arm-rtems4.11' '--build=i686-pc-linux-gnu' '--target=arm-rtems4.11' '--disable-maintainer-mode' '--disable-multiprocessing' '--disable-posix' '--disable-networking' '--enable-cxx' '--enable-tests=samples' '--enable-rtems-debug' '--disable-multilib' '--disable-paravirt' '--disable-drvmgr' '--disable-docs' 'STM32F4XX_FAMILY_STM32F469_479xx=1' 'STM32F4XX_HSE_OSCILLATOR=8000000' 'STM32F4XX_ENABLE_USART_3=1' 'STM32F4XX_ENABLE_USART_6=1' 'STM32F4XX_ENABLE_LED_1=1' 'STM32F4XX_ENABLE_LED_2=1' 'STM32F4XX_ENABLE_LED_3=1' 'STM32F4XX_ENABLE_LED_4=1' 'USE_STDPERIPH_DRIVER=1' 'ARM_MULTILIB_ARCH_V7M=1' '--with-target-subdir=arm-rtems4.11' '--exec-prefix=/home/develop/smbshare/rtems-work/rtems_build/../rtems_stm32f4xx/arm-rtems4.11' '--includedir=/home/develop/smbshare/rtems-work/rtems_build/../rtems_stm32f4xx/arm-rtems4.11/include' 'build_alias=i686-pc-linux-gnu' 'host_alias=arm-rtems4.11' 'target_alias=arm-rtems4.11' '--with-project-root=../../' '--with-project-top=../../' 'RTEMS_BSP=stm32f4xx' 'RTEMS_BSP_FAMILY=stm32f4xx' 'CFLAGS=-march=armv7-m -mthumb -mtune=cortex-m4 -O2 -g -fdata-sections -ffunction-sections -Wall -Wmissing-prototypes -Wimplicit-function-declaration -Wstrict-prototypes -Wnested-externs' --cache-file=/dev/null --srcdir=../../../../../../../../rtems/c/src/lib/libbsp/arm/stm32f4xx

## ---------------- ##
## Cache variables. ##
## ---------------- ##

ac_cv_build=i686-pc-linux-gnu
ac_cv_env_RTEMS_BSP_FAMILY_set=set
ac_cv_env_RTEMS_BSP_FAMILY_value=stm32f4xx
ac_cv_env_RTEMS_BSP_set=set
ac_cv_env_RTEMS_BSP_value=stm32f4xx
ac_cv_env_RTEMS_CPU_MODEL_set=
ac_cv_env_RTEMS_CPU_MODEL_value=
ac_cv_env_build_alias_set=set
ac_cv_env_build_alias_value=i686-pc-linux-gnu
ac_cv_env_host_alias_set=set
ac_cv_env_host_alias_value=arm-rtems4.11
ac_cv_env_target_alias_set=set
ac_cv_env_target_alias_value=arm-rtems4.11
ac_cv_host=arm-unknown-rtems4.11
ac_cv_path_PERL=/usr/bin/perl
ac_cv_path_install='/usr/bin/install -c'
ac_cv_path_mkdir=/bin/mkdir
ac_cv_prog_AWK=gawk
ac_cv_prog_MAKE=gmake
ac_cv_prog_STRIP=arm-rtems4.11-strip
ac_cv_prog_make_gmake_set=yes
rtems_cv_RTEMS_BSP=stm32f4xx

## ----------------- ##
## Output variables. ##
## ----------------- ##

ACLOCAL='${SHELL} /home/develop/smbshare/rtems-work/rtems/missing --run aclocal-1.12'
AMPOLISH3='$(PERL) /home/develop/smbshare/rtems-work/rtems/ampolish3'
AMPOLISH3_FALSE=''
AMPOLISH3_TRUE='#'
AMTAR='$${TAR-tar}'
AUTOCONF='${SHELL} /home/develop/smbshare/rtems-work/rtems/missing --run autoconf'
AUTOHEADER='${SHELL} /home/develop/smbshare/rtems-work/rtems/missing --run autoheader'
AUTOMAKE='${SHELL} /home/develop/smbshare/rtems-work/rtems/missing --run automake-1.12'
AWK='gawk'
CYGPATH_W='echo'
DEFS='-DPACKAGE_NAME=\"rtems-c-src-lib-libbsp-arm\" -DPACKAGE_TARNAME=\"rtems-c-src-lib-libbsp-arm\" -DPACKAGE_VERSION=\"4.10.99.0\" -DPACKAGE_STRING=\"rtems-c-src-lib-libbsp-arm\ 4.10.99.0\" -DPACKAGE_BUGREPORT=\"https://devel.rtems.org/newticket\" -DPACKAGE_URL=\"\"'
ECHO_C=''
ECHO_N='-n'
ECHO_T=''
INSTALL_DATA='${INSTALL} -m 644'
INSTALL_PROGRAM='${INSTALL}'
INSTALL_SCRIPT='${INSTALL}'
INSTALL_STRIP_PROGRAM='$(install_sh) -c -s'
LIBOBJS=''
LIBS=''
LTLIBOBJS=''
MAINT='#'
MAINTAINER_MODE_FALSE=''
MAINTAINER_MODE_TRUE='#'
MAKE='gmake'
MAKEINFO='${SHELL} /home/develop/smbshare/rtems-work/rtems/missing --run makeinfo'
MKDIR_P='/bin/mkdir -p'
PACKAGE='rtems-c-src-lib-libbsp-arm'
PACKAGE_BUGREPORT='https://devel.rtems.org/newticket'
PACKAGE_NAME='rtems-c-src-lib-libbsp-arm'
PACKAGE_STRING='rtems-c-src-lib-libbsp-arm 4.10.99.0'
PACKAGE_TARNAME='rtems-c-src-lib-libbsp-arm'
PACKAGE_URL=''
PACKAGE_VERSION='4.10.99.0'
PATH_SEPARATOR=':'
PERL='/usr/bin/perl'
PROJECT_INCLUDE='$(PROJECT_ROOT)/stm32f4xx/lib/include'
PROJECT_LIB='$(PROJECT_ROOT)/stm32f4xx/lib'
PROJECT_RELEASE='$(PROJECT_ROOT)/stm32f4xx'
PROJECT_ROOT='../../../../../$(top_builddir)'
PROJECT_TOPdir='../../../../../../$(top_builddir)'
RTEMS_BSP='stm32f4xx'
RTEMS_BSP_FAMILY='stm32f4xx'
RTEMS_CPU='arm'
RTEMS_CPU_MODEL=''
RTEMS_TOPdir='../../../../..'
SET_MAKE=''
SHELL='/bin/sh'
STRIP='arm-rtems4.11-strip'
VERSION='4.10.99.0'
am__isrc=' -I$(srcdir)'
am__leading_dot='.'
am__tar='$${TAR-tar} chof - "$$tardir"'
am__untar='$${TAR-tar} xf -'
bindir='${exec_prefix}/bin'
build='i686-pc-linux-gnu'
build_alias='i686-pc-linux-gnu'
build_cpu='i686'
build_os='linux-gnu'
build_vendor='pc'
datadir='${datarootdir}'
datarootdir='${prefix}/share'
dirstamp='${am__leading_dot}dirstamp'
docdir='${datarootdir}/doc/${PACKAGE_TARNAME}'
dvidir='${docdir}'
exec_prefix='/home/develop/smbshare/rtems-work/rtems_build/../rtems_stm32f4xx/arm-rtems4.11'
host='arm-unknown-rtems4.11'
host_alias='arm-rtems4.11'
host_cpu='arm'
host_os='rtems4.11'
host_vendor='unknown'
htmldir='${docdir}'
includedir='${exec_prefix}/stm32f4xx/lib/include'
infodir='${datarootdir}/info'
install_sh='${SHELL} /home/develop/smbshare/rtems-work/rtems/install-sh'
libdir='${exec_prefix}/stm32f4xx/lib'
libexecdir='${exec_prefix}/libexec'
localedir='${datarootdir}/locale'
localstatedir='${prefix}/var'
mandir='${datarootdir}/man'
mkdir_p='$(MKDIR_P)'
oldincludedir='/usr/include'
pdfdir='${docdir}'
pkgdatadir='${datadir}/rtems4.11'
prefix='/home/develop/smbshare/rtems-work/rtems_build/../rtems_stm32f4xx'
program_transform_name='s,x,x,'
project_includedir='$(includedir)'
project_libdir='$(libdir)'
psdir='${docdir}'
sbindir='${exec_prefix}/sbin'
sharedstatedir='${prefix}/com'
subdirs=' stm32f4xx'
sysconfdir='${prefix}/etc'
target_alias='arm-rtems4.11'

## ----------- ##
## confdefs.h. ##
## ----------- ##

/* confdefs.h */
#define PACKAGE_NAME "rtems-c-src-lib-libbsp-arm"
#define PACKAGE_TARNAME "rtems-c-src-lib-libbsp-arm"
#define PACKAGE_VERSION "4.10.99.0"
#define PACKAGE_STRING "rtems-c-src-lib-libbsp-arm 4.10.99.0"
#define PACKAGE_BUGREPORT "https://devel.rtems.org/newticket"
#define PACKAGE_URL ""

configure: exit 0
